08/19/2022 01:06:04 - WARNING - __main__ -   Process rank: -1, device: cpu, n_gpu: 0, distributed training: False, 16-bits training: False
Some weights of the model checkpoint at microsoft/codebert-base were not used when initializing RobertaForSequenceClassification: ['pooler.dense.weight', 'pooler.dense.bias']
- This IS expected if you are initializing RobertaForSequenceClassification from the checkpoint of a model trained on another task or with another architecture (e.g. initializing a BertForSequenceClassification model from a BertForPreTraining model).
- This IS NOT expected if you are initializing RobertaForSequenceClassification from the checkpoint of a model that you expect to be exactly identical (initializing a BertForSequenceClassification model from a BertForSequenceClassification model).
Some weights of RobertaForSequenceClassification were not initialized from the model checkpoint at microsoft/codebert-base and are newly initialized: ['classifier.out_proj.weight', 'classifier.dense.bias', 'classifier.out_proj.bias', 'classifier.dense.weight']
You should probably TRAIN this model on a down-stream task to be able to use it for predictions and inference.
08/19/2022 01:06:08 - INFO - __main__ -   Training/evaluation parameters <__main__.Args object at 0x2b59d8902dd0>
08/19/2022 01:06:52 - INFO - __main__ -   *** Total Sample ***
08/19/2022 01:06:52 - INFO - __main__ -   	Total: 29833	selected: 29833	percent: 1.0	
08/19/2022 01:06:52 - INFO - __main__ -   *** Sample ***
08/19/2022 01:06:52 - INFO - __main__ -   Total sample
08/19/2022 01:06:52 - INFO - __main__ -   idx: 0
08/19/2022 01:06:52 - INFO - __main__ -   label: 0
08/19/2022 01:06:52 - INFO - __main__ -   input_tokens: ['<s>', 'static', '_PHP', '_', 'FUN', 'CT', 'ION', '(', 'p', 'reg', '_', 'match', ')', '_{', '_php', '_', 'do', '_', 'p', 'cre', '_', 'match', '(', 'IN', 'TERN', 'AL', '_', 'FUN', 'CT', 'ION', '_', 'PAR', 'AM', '_', 'P', 'AS', 'ST', 'HR', 'U', ',', '_0', ');', '_}', '</s>']
08/19/2022 01:06:52 - INFO - __main__ -   input_ids: 0 42653 42164 1215 45354 7164 7744 1640 642 4950 1215 10565 43 25522 46817 1215 5016 1215 642 34868 1215 10565 1640 2444 37683 2118 1215 45354 7164 7744 1215 14280 2620 1215 510 2336 4014 16271 791 6 321 4397 35524 2 1 1 1 1 1 1 1 1 1 1 1 1 1 1 1 1 1 1 1 1 1 1 1 1 1 1 1 1 1 1 1 1 1 1 1 1 1 1 1 1 1 1 1 1 1 1 1 1 1 1 1 1 1 1 1 1 1 1 1 1 1 1 1 1 1 1 1 1 1 1 1 1 1 1 1 1 1 1 1 1 1 1 1 1 1 1 1 1 1 1 1 1 1 1 1 1 1 1 1 1 1 1 1 1 1 1 1 1 1 1 1 1 1 1 1 1 1 1 1 1 1 1 1 1 1 1 1 1 1 1 1 1 1 1 1 1 1 1 1 1 1 1 1 1 1 1 1 1 1 1 1 1 1 1 1 1 1 1 1 1 1 1 1 1 1 1 1 1 1 1 1 1 1 1 1 1 1 1 1 1 1 1 1 1 1 1 1 1 1 1 1 1 1 1 1 1 1 1 1 1 1 1 1 1 1 1 1 1 1 1 1 1 1 1 1 1 1 1 1 1 1 1 1 1 1 1 1 1 1 1 1 1 1 1 1 1 1 1 1 1 1 1 1 1 1 1 1 1 1 1 1 1 1 1 1 1 1 1 1 1 1 1 1 1 1 1 1 1 1 1 1 1 1 1 1 1 1 1 1 1 1 1 1 1 1 1 1 1 1 1 1 1 1 1 1 1 1 1 1 1 1 1 1 1 1 1 1 1 1 1 1 1 1 1 1 1 1 1 1 1 1 1 1 1 1 1 1 1 1 1 1 1 1 1 1 1 1 1 1 1 1 1 1 1 1 1 1 1 1 1 1 1 1 1 1 1
08/19/2022 01:06:52 - INFO - __main__ -   *** Sample ***
08/19/2022 01:06:52 - INFO - __main__ -   Total sample
08/19/2022 01:06:52 - INFO - __main__ -   idx: 1
08/19/2022 01:06:52 - INFO - __main__ -   label: 0
08/19/2022 01:06:52 - INFO - __main__ -   input_tokens: ['<s>', 'static', '_PHP', '_', 'FUN', 'CT', 'ION', '(', 'p', 'reg', '_', 'match', '_', 'all', ')', '_{', '_php', '_', 'do', '_', 'p', 'cre', '_', 'match', '(', 'IN', 'TERN', 'AL', '_', 'FUN', 'CT', 'ION', '_', 'PAR', 'AM', '_', 'P', 'AS', 'ST', 'HR', 'U', ',', '_1', ');', '_}', '</s>']
08/19/2022 01:06:52 - INFO - __main__ -   input_ids: 0 42653 42164 1215 45354 7164 7744 1640 642 4950 1215 10565 1215 1250 43 25522 46817 1215 5016 1215 642 34868 1215 10565 1640 2444 37683 2118 1215 45354 7164 7744 1215 14280 2620 1215 510 2336 4014 16271 791 6 112 4397 35524 2 1 1 1 1 1 1 1 1 1 1 1 1 1 1 1 1 1 1 1 1 1 1 1 1 1 1 1 1 1 1 1 1 1 1 1 1 1 1 1 1 1 1 1 1 1 1 1 1 1 1 1 1 1 1 1 1 1 1 1 1 1 1 1 1 1 1 1 1 1 1 1 1 1 1 1 1 1 1 1 1 1 1 1 1 1 1 1 1 1 1 1 1 1 1 1 1 1 1 1 1 1 1 1 1 1 1 1 1 1 1 1 1 1 1 1 1 1 1 1 1 1 1 1 1 1 1 1 1 1 1 1 1 1 1 1 1 1 1 1 1 1 1 1 1 1 1 1 1 1 1 1 1 1 1 1 1 1 1 1 1 1 1 1 1 1 1 1 1 1 1 1 1 1 1 1 1 1 1 1 1 1 1 1 1 1 1 1 1 1 1 1 1 1 1 1 1 1 1 1 1 1 1 1 1 1 1 1 1 1 1 1 1 1 1 1 1 1 1 1 1 1 1 1 1 1 1 1 1 1 1 1 1 1 1 1 1 1 1 1 1 1 1 1 1 1 1 1 1 1 1 1 1 1 1 1 1 1 1 1 1 1 1 1 1 1 1 1 1 1 1 1 1 1 1 1 1 1 1 1 1 1 1 1 1 1 1 1 1 1 1 1 1 1 1 1 1 1 1 1 1 1 1 1 1 1 1 1 1 1 1 1 1 1 1 1 1 1 1 1 1 1 1 1 1 1 1 1 1 1 1 1 1 1 1 1 1 1 1 1 1 1 1 1 1 1 1 1 1 1 1 1 1 1 1
08/19/2022 01:06:52 - INFO - __main__ -   *** Sample ***
08/19/2022 01:06:52 - INFO - __main__ -   Total sample
08/19/2022 01:06:52 - INFO - __main__ -   idx: 2
08/19/2022 01:06:52 - INFO - __main__ -   label: 0
08/19/2022 01:06:52 - INFO - __main__ -   input_tokens: ['<s>', 'static', '_PHP', '_', 'FUN', 'CT', 'ION', '(', 'p', 'reg', '_', 'replace', ')', '_{', '_pre', 'g', '_', 'replace', '_', 'impl', '(', 'IN', 'TERN', 'AL', '_', 'FUN', 'CT', 'ION', '_', 'PAR', 'AM', '_', 'P', 'AS', 'ST', 'HR', 'U', ',', '_0', ',', '_0', ');', '_}', '</s>']
08/19/2022 01:06:52 - INFO - __main__ -   input_ids: 0 42653 42164 1215 45354 7164 7744 1640 642 4950 1215 44654 43 25522 1198 571 1215 44654 1215 38731 1640 2444 37683 2118 1215 45354 7164 7744 1215 14280 2620 1215 510 2336 4014 16271 791 6 321 6 321 4397 35524 2 1 1 1 1 1 1 1 1 1 1 1 1 1 1 1 1 1 1 1 1 1 1 1 1 1 1 1 1 1 1 1 1 1 1 1 1 1 1 1 1 1 1 1 1 1 1 1 1 1 1 1 1 1 1 1 1 1 1 1 1 1 1 1 1 1 1 1 1 1 1 1 1 1 1 1 1 1 1 1 1 1 1 1 1 1 1 1 1 1 1 1 1 1 1 1 1 1 1 1 1 1 1 1 1 1 1 1 1 1 1 1 1 1 1 1 1 1 1 1 1 1 1 1 1 1 1 1 1 1 1 1 1 1 1 1 1 1 1 1 1 1 1 1 1 1 1 1 1 1 1 1 1 1 1 1 1 1 1 1 1 1 1 1 1 1 1 1 1 1 1 1 1 1 1 1 1 1 1 1 1 1 1 1 1 1 1 1 1 1 1 1 1 1 1 1 1 1 1 1 1 1 1 1 1 1 1 1 1 1 1 1 1 1 1 1 1 1 1 1 1 1 1 1 1 1 1 1 1 1 1 1 1 1 1 1 1 1 1 1 1 1 1 1 1 1 1 1 1 1 1 1 1 1 1 1 1 1 1 1 1 1 1 1 1 1 1 1 1 1 1 1 1 1 1 1 1 1 1 1 1 1 1 1 1 1 1 1 1 1 1 1 1 1 1 1 1 1 1 1 1 1 1 1 1 1 1 1 1 1 1 1 1 1 1 1 1 1 1 1 1 1 1 1 1 1 1 1 1 1 1 1 1 1 1 1 1 1 1 1 1 1 1 1 1 1 1 1 1 1 1 1 1 1 1 1 1
08/19/2022 01:06:52 - INFO - __main__ -   ***** Running training *****
08/19/2022 01:06:52 - INFO - __main__ -     Num examples = 29833
08/19/2022 01:06:52 - INFO - __main__ -     Num Epochs = 20
08/19/2022 01:06:52 - INFO - __main__ -     Instantaneous batch size per GPU = 512
08/19/2022 01:06:52 - INFO - __main__ -     Total train batch size (w. parallel, distributed & accumulation) = 512
08/19/2022 01:06:52 - INFO - __main__ -     Gradient Accumulation steps = 1
08/19/2022 01:06:52 - INFO - __main__ -     Total optimization steps = 1180
08/19/2022 01:10:42 - INFO - __main__ -   ***** Running evaluation *****
08/19/2022 01:10:42 - INFO - __main__ -     Num examples = 3729
08/19/2022 01:10:42 - INFO - __main__ -     Batch size = 512
08/19/2022 01:11:06 - INFO - __main__ -     eval_loss = 0.4581
08/19/2022 01:11:06 - INFO - __main__ -     eval_acc = 0.9147
08/19/2022 01:11:06 - INFO - __main__ -     ********************
08/19/2022 01:11:06 - INFO - __main__ -     Best acc:0.9147
08/19/2022 01:11:06 - INFO - __main__ -     ********************
08/19/2022 01:11:07 - INFO - __main__ -   Saving model checkpoint to <ANONYMOUS>/<ANONYMOUS>/saved_models/regvd/RQA2/buffer/checkpoint-best-acc/model.bin
08/19/2022 01:11:07 - INFO - __main__ -   epoch 0 loss 0.4802
08/19/2022 01:14:55 - INFO - __main__ -   ***** Running evaluation *****
08/19/2022 01:14:55 - INFO - __main__ -     Num examples = 3729
08/19/2022 01:14:55 - INFO - __main__ -     Batch size = 512
08/19/2022 01:15:19 - INFO - __main__ -     eval_loss = 0.4634
08/19/2022 01:15:19 - INFO - __main__ -     eval_acc = 0.9147
08/19/2022 01:15:19 - INFO - __main__ -   epoch 1 loss 0.27055
08/19/2022 01:19:07 - INFO - __main__ -   ***** Running evaluation *****
08/19/2022 01:19:07 - INFO - __main__ -     Num examples = 3729
08/19/2022 01:19:07 - INFO - __main__ -     Batch size = 512
08/19/2022 01:19:30 - INFO - __main__ -     eval_loss = 0.4505
08/19/2022 01:19:30 - INFO - __main__ -     eval_acc = 0.9147
08/19/2022 01:19:31 - INFO - __main__ -   epoch 2 loss 0.25445
08/19/2022 01:23:17 - INFO - __main__ -   ***** Running evaluation *****
08/19/2022 01:23:17 - INFO - __main__ -     Num examples = 3729
08/19/2022 01:23:17 - INFO - __main__ -     Batch size = 512
08/19/2022 01:23:40 - INFO - __main__ -     eval_loss = 0.4077
08/19/2022 01:23:40 - INFO - __main__ -     eval_acc = 0.915
08/19/2022 01:23:40 - INFO - __main__ -     ********************
08/19/2022 01:23:40 - INFO - __main__ -     Best acc:0.915
08/19/2022 01:23:40 - INFO - __main__ -     ********************
08/19/2022 01:23:41 - INFO - __main__ -   Saving model checkpoint to <ANONYMOUS>/<ANONYMOUS>/saved_models/regvd/RQA2/buffer/checkpoint-best-acc/model.bin
08/19/2022 01:23:41 - INFO - __main__ -   epoch 3 loss 0.23892
08/19/2022 01:27:32 - INFO - __main__ -   ***** Running evaluation *****
08/19/2022 01:27:32 - INFO - __main__ -     Num examples = 3729
08/19/2022 01:27:32 - INFO - __main__ -     Batch size = 512
08/19/2022 01:27:56 - INFO - __main__ -     eval_loss = 0.4008
08/19/2022 01:27:56 - INFO - __main__ -     eval_acc = 0.9163
08/19/2022 01:27:56 - INFO - __main__ -     ********************
08/19/2022 01:27:56 - INFO - __main__ -     Best acc:0.9163
08/19/2022 01:27:56 - INFO - __main__ -     ********************
08/19/2022 01:27:56 - INFO - __main__ -   Saving model checkpoint to <ANONYMOUS>/<ANONYMOUS>/saved_models/regvd/RQA2/buffer/checkpoint-best-acc/model.bin
08/19/2022 01:27:57 - INFO - __main__ -   epoch 4 loss 0.22712
08/19/2022 01:31:44 - INFO - __main__ -   ***** Running evaluation *****
08/19/2022 01:31:44 - INFO - __main__ -     Num examples = 3729
08/19/2022 01:31:44 - INFO - __main__ -     Batch size = 512
08/19/2022 01:32:08 - INFO - __main__ -     eval_loss = 0.3731
08/19/2022 01:32:08 - INFO - __main__ -     eval_acc = 0.9214
08/19/2022 01:32:08 - INFO - __main__ -     ********************
08/19/2022 01:32:08 - INFO - __main__ -     Best acc:0.9214
08/19/2022 01:32:08 - INFO - __main__ -     ********************
08/19/2022 01:32:09 - INFO - __main__ -   Saving model checkpoint to <ANONYMOUS>/<ANONYMOUS>/saved_models/regvd/RQA2/buffer/checkpoint-best-acc/model.bin
08/19/2022 01:32:09 - INFO - __main__ -   epoch 5 loss 0.21812
08/19/2022 01:36:01 - INFO - __main__ -   ***** Running evaluation *****
08/19/2022 01:36:01 - INFO - __main__ -     Num examples = 3729
08/19/2022 01:36:01 - INFO - __main__ -     Batch size = 512
08/19/2022 01:36:24 - INFO - __main__ -     eval_loss = 0.3779
08/19/2022 01:36:24 - INFO - __main__ -     eval_acc = 0.923
08/19/2022 01:36:24 - INFO - __main__ -     ********************
08/19/2022 01:36:24 - INFO - __main__ -     Best acc:0.923
08/19/2022 01:36:24 - INFO - __main__ -     ********************
08/19/2022 01:36:25 - INFO - __main__ -   Saving model checkpoint to <ANONYMOUS>/<ANONYMOUS>/saved_models/regvd/RQA2/buffer/checkpoint-best-acc/model.bin
08/19/2022 01:36:25 - INFO - __main__ -   epoch 6 loss 0.21195
08/19/2022 01:40:10 - INFO - __main__ -   ***** Running evaluation *****
08/19/2022 01:40:10 - INFO - __main__ -     Num examples = 3729
08/19/2022 01:40:10 - INFO - __main__ -     Batch size = 512
08/19/2022 01:40:34 - INFO - __main__ -     eval_loss = 0.3818
08/19/2022 01:40:34 - INFO - __main__ -     eval_acc = 0.9236
08/19/2022 01:40:34 - INFO - __main__ -     ********************
08/19/2022 01:40:34 - INFO - __main__ -     Best acc:0.9236
08/19/2022 01:40:34 - INFO - __main__ -     ********************
08/19/2022 01:40:35 - INFO - __main__ -   Saving model checkpoint to <ANONYMOUS>/<ANONYMOUS>/saved_models/regvd/RQA2/buffer/checkpoint-best-acc/model.bin
08/19/2022 01:40:35 - INFO - __main__ -   epoch 7 loss 0.20486
08/19/2022 01:44:23 - INFO - __main__ -   ***** Running evaluation *****
08/19/2022 01:44:23 - INFO - __main__ -     Num examples = 3729
08/19/2022 01:44:23 - INFO - __main__ -     Batch size = 512
08/19/2022 01:44:47 - INFO - __main__ -     eval_loss = 0.3793
08/19/2022 01:44:47 - INFO - __main__ -     eval_acc = 0.9236
08/19/2022 01:44:47 - INFO - __main__ -   epoch 8 loss 0.19958
08/19/2022 01:48:36 - INFO - __main__ -   ***** Running evaluation *****
08/19/2022 01:48:36 - INFO - __main__ -     Num examples = 3729
08/19/2022 01:48:36 - INFO - __main__ -     Batch size = 512
08/19/2022 01:48:59 - INFO - __main__ -     eval_loss = 0.3355
08/19/2022 01:48:59 - INFO - __main__ -     eval_acc = 0.9228
08/19/2022 01:48:59 - INFO - __main__ -   epoch 9 loss 0.19318
08/19/2022 01:52:47 - INFO - __main__ -   ***** Running evaluation *****
08/19/2022 01:52:47 - INFO - __main__ -     Num examples = 3729
08/19/2022 01:52:47 - INFO - __main__ -     Batch size = 512
08/19/2022 01:53:10 - INFO - __main__ -     eval_loss = 0.3572
08/19/2022 01:53:10 - INFO - __main__ -     eval_acc = 0.926
08/19/2022 01:53:10 - INFO - __main__ -     ********************
08/19/2022 01:53:10 - INFO - __main__ -     Best acc:0.926
08/19/2022 01:53:10 - INFO - __main__ -     ********************
08/19/2022 01:53:11 - INFO - __main__ -   Saving model checkpoint to <ANONYMOUS>/<ANONYMOUS>/saved_models/regvd/RQA2/buffer/checkpoint-best-acc/model.bin
08/19/2022 01:53:11 - INFO - __main__ -   epoch 10 loss 0.19031
08/19/2022 01:56:59 - INFO - __main__ -   ***** Running evaluation *****
08/19/2022 01:56:59 - INFO - __main__ -     Num examples = 3729
08/19/2022 01:56:59 - INFO - __main__ -     Batch size = 512
08/19/2022 01:57:23 - INFO - __main__ -     eval_loss = 0.3347
08/19/2022 01:57:23 - INFO - __main__ -     eval_acc = 0.9273
08/19/2022 01:57:23 - INFO - __main__ -     ********************
08/19/2022 01:57:23 - INFO - __main__ -     Best acc:0.9273
08/19/2022 01:57:23 - INFO - __main__ -     ********************
08/19/2022 01:57:24 - INFO - __main__ -   Saving model checkpoint to <ANONYMOUS>/<ANONYMOUS>/saved_models/regvd/RQA2/buffer/checkpoint-best-acc/model.bin
08/19/2022 01:57:24 - INFO - __main__ -   epoch 11 loss 0.18404
08/19/2022 02:01:16 - INFO - __main__ -   ***** Running evaluation *****
08/19/2022 02:01:16 - INFO - __main__ -     Num examples = 3729
08/19/2022 02:01:16 - INFO - __main__ -     Batch size = 512
08/19/2022 02:01:40 - INFO - __main__ -     eval_loss = 0.3332
08/19/2022 02:01:40 - INFO - __main__ -     eval_acc = 0.9254
08/19/2022 02:01:40 - INFO - __main__ -   epoch 12 loss 0.18015
08/19/2022 02:05:19 - INFO - __main__ -   ***** Running evaluation *****
08/19/2022 02:05:19 - INFO - __main__ -     Num examples = 3729
08/19/2022 02:05:19 - INFO - __main__ -     Batch size = 512
08/19/2022 02:05:42 - INFO - __main__ -     eval_loss = 0.3159
08/19/2022 02:05:42 - INFO - __main__ -     eval_acc = 0.9233
08/19/2022 02:05:42 - INFO - __main__ -   epoch 13 loss 0.17512
08/19/2022 02:09:14 - INFO - __main__ -   ***** Running evaluation *****
08/19/2022 02:09:14 - INFO - __main__ -     Num examples = 3729
08/19/2022 02:09:14 - INFO - __main__ -     Batch size = 512
08/19/2022 02:09:35 - INFO - __main__ -     eval_loss = 0.3325
08/19/2022 02:09:35 - INFO - __main__ -     eval_acc = 0.9276
08/19/2022 02:09:35 - INFO - __main__ -     ********************
08/19/2022 02:09:35 - INFO - __main__ -     Best acc:0.9276
08/19/2022 02:09:35 - INFO - __main__ -     ********************
08/19/2022 02:09:36 - INFO - __main__ -   Saving model checkpoint to <ANONYMOUS>/<ANONYMOUS>/saved_models/regvd/RQA2/buffer/checkpoint-best-acc/model.bin
08/19/2022 02:09:36 - INFO - __main__ -   epoch 14 loss 0.17205
08/19/2022 02:13:08 - INFO - __main__ -   ***** Running evaluation *****
08/19/2022 02:13:08 - INFO - __main__ -     Num examples = 3729
08/19/2022 02:13:08 - INFO - __main__ -     Batch size = 512
08/19/2022 02:13:29 - INFO - __main__ -     eval_loss = 0.3299
08/19/2022 02:13:29 - INFO - __main__ -     eval_acc = 0.9246
08/19/2022 02:13:29 - INFO - __main__ -   epoch 15 loss 0.16587
08/19/2022 02:16:58 - INFO - __main__ -   ***** Running evaluation *****
08/19/2022 02:16:58 - INFO - __main__ -     Num examples = 3729
08/19/2022 02:16:58 - INFO - __main__ -     Batch size = 512
08/19/2022 02:17:20 - INFO - __main__ -     eval_loss = 0.3204
08/19/2022 02:17:20 - INFO - __main__ -     eval_acc = 0.9257
08/19/2022 02:17:20 - INFO - __main__ -   epoch 16 loss 0.16118
08/19/2022 02:20:50 - INFO - __main__ -   ***** Running evaluation *****
08/19/2022 02:20:50 - INFO - __main__ -     Num examples = 3729
08/19/2022 02:20:50 - INFO - __main__ -     Batch size = 512
08/19/2022 02:21:11 - INFO - __main__ -     eval_loss = 0.2959
08/19/2022 02:21:11 - INFO - __main__ -     eval_acc = 0.9241
08/19/2022 02:21:11 - INFO - __main__ -   epoch 17 loss 0.1579
08/19/2022 02:24:42 - INFO - __main__ -   ***** Running evaluation *****
08/19/2022 02:24:42 - INFO - __main__ -     Num examples = 3729
08/19/2022 02:24:42 - INFO - __main__ -     Batch size = 512
08/19/2022 02:25:03 - INFO - __main__ -     eval_loss = 0.3146
08/19/2022 02:25:03 - INFO - __main__ -     eval_acc = 0.9236
08/19/2022 02:25:03 - INFO - __main__ -   epoch 18 loss 0.15617
08/19/2022 02:28:34 - INFO - __main__ -   ***** Running evaluation *****
08/19/2022 02:28:34 - INFO - __main__ -     Num examples = 3729
08/19/2022 02:28:34 - INFO - __main__ -     Batch size = 512
08/19/2022 02:28:55 - INFO - __main__ -     eval_loss = 0.3192
08/19/2022 02:28:55 - INFO - __main__ -     eval_acc = 0.926
08/19/2022 02:28:55 - INFO - __main__ -   epoch 19 loss 0.15306
08/19/2022 02:29:00 - INFO - __main__ -   ***** Running Test *****
08/19/2022 02:29:00 - INFO - __main__ -     Num examples = 3729
08/19/2022 02:29:00 - INFO - __main__ -     Batch size = 512
08/19/2022 02:29:21 - INFO - __main__ -   ***** Test results *****
08/19/2022 02:29:21 - INFO - __main__ -     accuracy = 93.4835
08/19/2022 02:29:21 - INFO - __main__ -     f1_score = 34.8525
08/19/2022 02:29:21 - INFO - __main__ -     precision = 69.8925
08/19/2022 02:29:21 - INFO - __main__ -     recall = 23.2143
