08/28/2022 00:08:20 - WARNING - __main__ -   Process rank: -1, device: cpu, n_gpu: 0, distributed training: False, 16-bits training: False
Some weights of the model checkpoint at microsoft/codebert-base were not used when initializing RobertaForSequenceClassification: ['pooler.dense.weight', 'pooler.dense.bias']
- This IS expected if you are initializing RobertaForSequenceClassification from the checkpoint of a model trained on another task or with another architecture (e.g. initializing a BertForSequenceClassification model from a BertForPreTraining model).
- This IS NOT expected if you are initializing RobertaForSequenceClassification from the checkpoint of a model that you expect to be exactly identical (initializing a BertForSequenceClassification model from a BertForSequenceClassification model).
Some weights of RobertaForSequenceClassification were not initialized from the model checkpoint at microsoft/codebert-base and are newly initialized: ['classifier.dense.weight', 'classifier.out_proj.weight', 'classifier.dense.bias', 'classifier.out_proj.bias']
You should probably TRAIN this model on a down-stream task to be able to use it for predictions and inference.
08/28/2022 00:08:24 - INFO - __main__ -   Training/evaluation parameters <__main__.Args object at 0x2b15d29586d0>
08/28/2022 00:09:24 - INFO - __main__ -   *** Total Sample ***
08/28/2022 00:09:24 - INFO - __main__ -   	Total: 51869	selected: 51869	percent: 1.0	
08/28/2022 00:09:24 - INFO - __main__ -   *** Sample ***
08/28/2022 00:09:24 - INFO - __main__ -   Total sample
08/28/2022 00:09:24 - INFO - __main__ -   idx: 0
08/28/2022 00:09:24 - INFO - __main__ -   label: 0
08/28/2022 00:09:24 - INFO - __main__ -   input_tokens: ['<s>', 'static', '_av', '_', 'cold', '_int', '_v', 'd', 'ade', 'c', '_', 'init', '(', 'AV', 'Cod', 'ec', 'Context', '_*', 'av', 'ctx', ')', '_{', '_V', 'D', 'AD', 'ec', 'oder', 'Context', '_*', 'ctx', '_=', '_av', 'ctx', '->', 'priv', '_', 'data', ';', '_struct', '_v', 'da', '_', 'context', '_*', 'v', 'da', '_', 'ctx', '_=', '_&', 'ctx', '->', 'v', 'da', '_', 'ctx', ';', '_OS', 'Status', '_status', ';', '_int', '_ret', ';', '_c', 'tx', '->', 'h', '264', '_', 'initialized', '_=', '_0', ';', '_/*', '_init', '_p', 'ix', '_', 'fm', 'ts', '_of', '_codec', '_*/', '_if', '_(!', 'ff', '_', 'h', '264', '_', 'v', 'da', '_', 'dec', 'oder', '.', 'p', 'ix', '_', 'fm', 'ts', ')', '_{', '_if', '_(', 'k', 'C', 'FC', 'ore', 'Found', 'ation', 'Version', 'Number', '_<', '_k', 'C', 'FC', 'ore', 'Found', 'ation', 'Version', 'Number', '10', '_', '7', ')', '_ff', '_', 'h', '264', '_', 'v', 'da', '_', 'dec', 'oder', '.', 'p', 'ix', '_', 'fm', 'ts', '_=', '_v', 'da', '_', 'p', 'ix', 'fm', 'ts', '_', 'pri', 'or', '_', '10', '_', '7', ';', '_else', '_ff', '_', 'h', '264', '_', 'v', 'da', '_', 'dec', 'oder', '.', 'p', 'ix', '_', 'fm', 'ts', '_=', '_v', 'da', '_', 'p', 'ix', 'fm', 'ts', ';', '_}', '_/*', '_init', '_v', 'da', '_*/', '_mem', 'set', '(', 'v', 'da', '_', 'ctx', ',', '_0', ',', '_sizeof', '(', 'struct', '_v', 'da', '_', 'context', '));', '_v', 'da', '_', 'ctx', '->', 'width', '_=', '_av', 'ctx', '->', 'width', ';', '_v', 'da', '_', 'ctx', '->', 'height', '_=', '_av', 'ctx', '->', 'height', ';', '_v', 'da', '_', 'ctx', '->', 'format', '_=', "_'", 'av', 'c', '1', "';", '_v', 'da', '_', 'ctx', '->', 'use', '_', 'sync', '_', 'dec', 'oding', '_=', '_1', ';', '_v', 'da', '_', 'ctx', '->', 'use', '_', 'ref', '_', 'buffer', '_=', '_1', ';', '_c', 'tx', '->', 'p', 'ix', '_', 'f', 'mt', '_=', '_av', 'ctx', '->', 'get', '_', 'format', '(', 'av', 'ctx', ',', '_av', 'ctx', '->', 'cod', 'ec', '->', 'p', 'ix', '_', 'fm', 'ts', ');', '_switch', '_(', 'ctx', '->', 'p', 'ix', '_', 'f', 'mt', ')', '_{', '_case', '_AV', '_', 'P', 'IX', '_', 'F', 'MT', '_', 'U', 'Y', 'V', 'Y', '422', ':', '_v', 'da', '_', 'ctx', '->', 'cv', '_', 'p', 'ix', '_', 'f', 'mt', '_', 'type', '_=', "_'", '2', 'v', 'uy', "';", '_break', ';', '_case', '_AV', '_', 'P', 'IX', '_', 'F', 'MT', '_', 'Y', 'U', 'Y', 'V', '422', ':', '_v', 'da', '_', 'ctx', '->', 'cv', '_', 'p', 'ix', '_', 'f', 'mt', '_', 'type', '_=', "_'", 'yu', 'vs', "';", '_break', ';', '_case', '_AV', '_', 'P', 'IX', '_', 'F', 'MT', '_', 'NV', '12', ':', '</s>']
08/28/2022 00:09:24 - INFO - __main__ -   input_ids: 0 42653 6402 1215 33912 6979 748 417 1829 438 1215 25153 1640 10612 47436 3204 48522 1009 1469 49575 43 25522 468 495 2606 3204 15362 48522 1009 49575 5457 6402 49575 46613 25943 1215 23687 131 29916 748 6106 1215 46796 1009 705 6106 1215 49575 5457 359 49575 46613 705 6106 1215 49575 131 8192 47731 2194 131 6979 5494 131 740 43820 46613 298 29137 1215 49722 5457 321 131 48565 45511 181 3181 1215 40523 1872 9 45797 48404 114 48209 3145 1215 298 29137 1215 705 6106 1215 11127 15362 4 642 3181 1215 40523 1872 43 25522 114 36 330 347 5268 1688 29991 1258 47322 43623 28696 449 347 5268 1688 29991 1258 47322 43623 698 1215 406 43 48400 1215 298 29137 1215 705 6106 1215 11127 15362 4 642 3181 1215 40523 1872 5457 748 6106 1215 642 3181 40523 1872 1215 13718 368 1215 698 1215 406 131 1493 48400 1215 298 29137 1215 705 6106 1215 11127 15362 4 642 3181 1215 40523 1872 5457 748 6106 1215 642 3181 40523 1872 131 35524 48565 45511 748 6106 48404 26012 8738 1640 705 6106 1215 49575 6 321 6 49907 1640 25384 748 6106 1215 46796 48749 748 6106 1215 49575 46613 36097 5457 6402 49575 46613 36097 131 748 6106 1215 49575 46613 37009 5457 6402 49575 46613 37009 131 748 6106 1215 49575 46613 34609 5457 128 1469 438 134 23500 748 6106 1215 49575 46613 3698 1215 45176 1215 11127 19519 5457 112 131 748 6106 1215 49575 46613 3698 1215 13043 1215 47438 5457 112 131 740 43820 46613 642 3181 1215 506 16100 5457 6402 49575 46613 6460 1215 34609 1640 1469 49575 6 6402 49575 46613 29659 3204 46613 642 3181 1215 40523 1872 4397 5405 36 49575 46613 642 3181 1215 506 16100 43 25522 403 17307 1215 510 9482 1215 597 11674 1215 791 975 846 975 37319 35 748 6106 1215 49575 46613 38635 1215 642 3181 1215 506 16100 1215 12528 5457 128 176 705 5781 23500 1108 131 403 17307 1215 510 9482 1215 597 11674 1215 975 791 975 846 37319 35 748 6106 1215 49575 46613 38635 1215 642 3181 1215 506 16100 1215 12528 5457 128 29159 15597 23500 1108 131 403 17307 1215 510 9482 1215 597 11674 1215 31668 1092 35 2
08/28/2022 00:09:24 - INFO - __main__ -   *** Sample ***
08/28/2022 00:09:24 - INFO - __main__ -   Total sample
08/28/2022 00:09:24 - INFO - __main__ -   idx: 1
08/28/2022 00:09:24 - INFO - __main__ -   label: 1
08/28/2022 00:09:24 - INFO - __main__ -   input_tokens: ['<s>', 'static', '_int', '_d', 'ds', '_', 'dec', 'ode', '(', 'AV', 'Cod', 'ec', 'Context', '_*', 'av', 'ctx', ',', '_void', '_*', 'data', ',', '_int', '_*', 'got', '_', 'frame', ',', '_A', 'VP', 'acket', '_*', 'av', 'p', 'kt', ')', '_{', '_D', 'DS', 'Context', '_*', 'ctx', '_=', '_av', 'ctx', '->', 'priv', '_', 'data', ';', '_Get', 'Byte', 'Context', '_*', 'g', 'bc', '_=', '_&', 'ctx', '->', 'g', 'bc', ';', '_AV', 'Frame', '_*', 'frame', '_=', '_data', ';', '_int', '_m', 'ip', 'map', ';', '_int', '_ret', ';', '_ff', '_', 'text', 'ured', 'sp', '_', 'init', '(&', 'ctx', '->', 'tex', 'd', 'sp', ');', '_by', 'test', 'ream', '2', '_', 'init', '(', 'g', 'bc', ',', '_av', 'p', 'kt', '->', 'data', ',', '_av', 'p', 'kt', '->', 'size', ');', '_if', '_(', 'by', 'test', 'ream', '2', '_', 'get', '_', 'bytes', '_', 'left', '(', 'g', 'bc', ')', '_<', '_128', ')', '_{', '_av', '_', 'log', '(', 'av', 'ctx', ',', '_AV', '_', 'LOG', '_', 'ERROR', ',', '_"', 'Frame', '_is', '_too', '_small', '_(%', 'd', ').', '\\', 'n', '",', '_by', 'test', 'ream', '2', '_', 'get', '_', 'bytes', '_', 'left', '(', 'g', 'bc', '));', '_return', '_A', 'VER', 'ROR', '_', 'IN', 'VAL', 'ID', 'DATA', ';', '_}', '_if', '_(', 'by', 'test', 'ream', '2', '_', 'get', '_', 'le', '32', '(', 'g', 'bc', ')', '_!=', '_MK', 'TAG', "('", 'D', "',", "_'", 'D', "',", "_'", 'S', "',", "_'", "_'", ')', '_||', '_by', 'test', 'ream', '2', '_', 'get', '_', 'le', '32', '(', 'g', 'bc', ')', '_!=', '_124', ')', '_{', '_//', '_header', '_size', '_av', '_', 'log', '(', 'av', 'ctx', ',', '_AV', '_', 'LOG', '_', 'ERROR', ',', '_"', 'Invalid', '_D', 'DS', '_header', '.', '\\', 'n', '");', '_return', '_A', 'VER', 'ROR', '_', 'IN', 'VAL', 'ID', 'DATA', ';', '_}', '_by', 'test', 'ream', '2', '_', 'skip', '(', 'g', 'bc', ',', '_4', ');', '_//', '_flags', '_av', 'ctx', '->', 'height', '_=', '_by', 'test', 'ream', '2', '_', 'get', '_', 'le', '32', '(', 'g', 'bc', ');', '_av', 'ctx', '->', 'width', '_=', '_by', 'test', 'ream', '2', '_', 'get', '_', 'le', '32', '(', 'g', 'bc', ');', '_ret', '_=', '_av', '_', 'image', '_', 'check', '_', 'size', '(', 'av', 'ctx', '->', 'width', ',', '_av', 'ctx', '->', 'height', ',', '_0', ',', '_av', 'ctx', ');', '_if', '_(', 'ret', '_<', '_0', ')', '_{', '_av', '_', 'log', '(', 'av', 'ctx', ',', '_AV', '_', 'LOG', '_', 'ERROR', ',', '_"', 'Invalid', '_image', '_size', '_%', 'dx', '%', 'd', '.', '\\', 'n', '",', '_av', 'ctx', '->', 'width', ',', '_av', 'ctx', '->', 'height', ');', '_return', '_ret', ';', '_}', '_/*', '_Since', '_codec', '_is', '_based', '_on', '_4', 'x', '4', '_blocks', ',', '_size', '</s>']
08/28/2022 00:09:24 - INFO - __main__ -   input_ids: 0 42653 6979 385 11622 1215 11127 4636 1640 10612 47436 3204 48522 1009 1469 49575 6 13842 1009 23687 6 6979 1009 22371 1215 26061 6 83 12015 32561 1009 1469 642 7282 43 25522 211 5433 48522 1009 49575 5457 6402 49575 46613 25943 1215 23687 131 2315 47447 48522 1009 571 23219 5457 359 49575 46613 571 23219 131 17307 46766 1009 26061 5457 414 131 6979 475 1588 32557 131 6979 5494 131 48400 1215 29015 4075 4182 1215 25153 49763 49575 46613 25401 417 4182 4397 30 21959 26930 176 1215 25153 1640 571 23219 6 6402 642 7282 46613 23687 6 6402 642 7282 46613 10799 4397 114 36 1409 21959 26930 176 1215 6460 1215 46823 1215 6960 1640 571 23219 43 28696 13950 43 25522 6402 1215 12376 1640 1469 49575 6 17307 1215 45403 1215 46734 6 22 46766 16 350 650 48086 417 322 37457 282 1297 30 21959 26930 176 1215 6460 1215 46823 1215 6960 1640 571 23219 48749 671 83 9847 45055 1215 2444 39766 2688 48242 131 35524 114 36 1409 21959 26930 176 1215 6460 1215 459 2881 1640 571 23219 43 49333 20149 46985 45803 495 3934 128 495 3934 128 104 3934 128 128 43 45056 30 21959 26930 176 1215 6460 1215 459 2881 1640 571 23219 43 49333 19446 43 25522 21277 12734 1836 6402 1215 12376 1640 1469 49575 6 17307 1215 45403 1215 46734 6 22 49695 211 5433 12734 4 37457 282 45751 671 83 9847 45055 1215 2444 39766 2688 48242 131 35524 30 21959 26930 176 1215 46554 1640 571 23219 6 204 4397 21277 9287 6402 49575 46613 37009 5457 30 21959 26930 176 1215 6460 1215 459 2881 1640 571 23219 4397 6402 49575 46613 36097 5457 30 21959 26930 176 1215 6460 1215 459 2881 1640 571 23219 4397 5494 5457 6402 1215 20094 1215 15954 1215 10799 1640 1469 49575 46613 36097 6 6402 49575 46613 37009 6 321 6 6402 49575 4397 114 36 4903 28696 321 43 25522 6402 1215 12376 1640 1469 49575 6 17307 1215 45403 1215 46734 6 22 49695 2274 1836 7606 46106 207 417 4 37457 282 1297 6402 49575 46613 36097 6 6402 49575 46613 37009 4397 671 5494 131 35524 48565 1773 45797 16 716 15 204 1178 306 5491 6 1836 2
08/28/2022 00:09:24 - INFO - __main__ -   *** Sample ***
08/28/2022 00:09:24 - INFO - __main__ -   Total sample
08/28/2022 00:09:24 - INFO - __main__ -   idx: 2
08/28/2022 00:09:24 - INFO - __main__ -   label: 1
08/28/2022 00:09:24 - INFO - __main__ -   input_tokens: ['<s>', 'static', '_void', '_n', 'bd', '_', 'ref', 'resh', '_', 'filename', '(', 'Block', 'Driver', 'State', '_*', 'bs', ',', '_Q', 'D', 'ict', '_*', 'options', ')', '_{', '_B', 'DR', 'V', 'N', 'BD', 'State', '_*', 's', '_=', '_b', 's', '->', 'op', 'aque', ';', '_Q', 'D', 'ict', '_*', 'op', 'ts', '_=', '_q', 'dict', '_', 'new', '();', '_Q', 'Object', '_*', 's', 'addr', '_', 'q', 'dict', ';', '_Vis', 'itor', '_*', 'ov', ';', '_const', '_char', '_*', 'host', '_=', '_NULL', ',', '_*', 'port', '_=', '_NULL', ',', '_*', 'path', '_=', '_NULL', ';', '_if', '_(', 's', '->', 's', 'addr', '->', 'type', '_==', '_S', 'OCK', 'ET', '_', 'AD', 'DR', 'ESS', '_', 'K', 'IND', '_', 'IN', 'ET', ')', '_{', '_const', '_In', 'et', 'Socket', 'Address', '_*', 'inet', '_=', '_s', '->', 's', 'addr', '->', 'u', '.', 'inet', '.', 'data', ';', '_if', '_(!', 'inet', '->', 'has', '_', 'ip', 'v', '4', '_&&', '_!', 'inet', '->', 'has', '_', 'ip', 'v', '6', '_&&', '_!', 'inet', '->', 'has', '_', 'to', ')', '_{', '_host', '_=', '_in', 'et', '->', 'host', ';', '_port', '_=', '_in', 'et', '->', 'port', ';', '_}', '_}', '_else', '_if', '_(', 's', '->', 's', 'addr', '->', 'type', '_==', '_S', 'OCK', 'ET', '_', 'AD', 'DR', 'ESS', '_', 'K', 'IND', '_', 'UN', 'IX', ')', '_{', '_path', '_=', '_s', '->', 's', 'addr', '->', 'u', '.', 'q', '_', 'un', 'ix', '.', 'data', '->', 'path', ';', '_}', '_q', 'dict', '_', 'put', '(', 'op', 'ts', ',', '_"', 'driver', '",', '_q', 'string', '_', 'from', '_', 'str', '("', 'n', 'bd', '")', ');', '_if', '_(', 'path', '_&&', '_s', '->', 'export', ')', '_{', '_sn', 'printf', '(', 'bs', '->', 'ex', 'act', '_', 'filename', ',', '_sizeof', '(', 'bs', '->', 'ex', 'act', '_', 'filename', '),', '_"', 'n', 'bd', '+', 'un', 'ix', '://', '/', '%', 's', '?', 'socket', '=', '%', 's', '",', '_s', '->', 'export', ',', '_path', ');', '_}', '_else', '_if', '_(', 'path', '_&&', '_!', 's', '->', 'export', ')', '_{', '_sn', 'printf', '(', 'bs', '->', 'ex', 'act', '_', 'filename', ',', '_sizeof', '(', 'bs', '->', 'ex', 'act', '_', 'filename', '),', '_"', 'n', 'bd', '+', 'un', 'ix', '://', '?', 'socket', '=', '%', 's', '",', '_path', ');', '_}', '_else', '_if', '_(', 'host', '_&&', '_s', '->', 'export', ')', '_{', '_sn', 'printf', '(', 'bs', '->', 'ex', 'act', '_', 'filename', ',', '_sizeof', '(', 'bs', '->', 'ex', 'act', '_', 'filename', '),', '_"', 'n', 'bd', '://', '%', 's', ':', '%', 's', '/', '%', 's', '",', '_host', ',', '_port', ',', '_s', '->', 'export', ');', '_}', '_else', '_if', '_(', 'host', '_&&', '_!', 's', '->', 'export', ')', '_{', '_sn', 'printf', '(', 'bs', '->', 'ex', '</s>']
08/28/2022 00:09:24 - INFO - __main__ -   input_ids: 0 42653 13842 295 35470 1215 13043 23053 1215 49451 1640 38866 46022 13360 1009 4311 6 1209 495 11726 1009 45012 43 25522 163 10644 846 487 18941 13360 1009 29 5457 741 29 46613 1517 35485 131 1209 495 11726 1009 1517 1872 5457 2231 25867 1215 4651 47006 1209 46674 1009 29 49439 1215 1343 25867 131 10035 7852 1009 1417 131 10759 16224 1009 11438 5457 48955 6 1009 3427 5457 48955 6 1009 22609 5457 48955 131 114 36 29 46613 29 49439 46613 12528 45994 208 13181 3935 1215 2606 10644 12147 1215 530 13796 1215 2444 3935 43 25522 10759 96 594 49019 46486 1009 28430 5457 579 46613 29 49439 46613 257 4 28430 4 23687 131 114 48209 28430 46613 7333 1215 1588 705 306 48200 27785 28430 46613 7333 1215 1588 705 401 48200 27785 28430 46613 7333 1215 560 43 25522 1482 5457 11 594 46613 11438 131 4103 5457 11 594 46613 3427 131 35524 35524 1493 114 36 29 46613 29 49439 46613 12528 45994 208 13181 3935 1215 2606 10644 12147 1215 530 13796 1215 4154 9482 43 25522 2718 5457 579 46613 29 49439 46613 257 4 1343 1215 879 3181 4 23687 46613 22609 131 35524 2231 25867 1215 9179 1640 1517 1872 6 22 32265 1297 2231 20951 1215 7761 1215 6031 46469 282 35470 8070 4397 114 36 22609 48200 579 46613 38099 43 25522 4543 49775 1640 4311 46613 3463 7257 1215 49451 6 49907 1640 4311 46613 3463 7257 1215 49451 238 22 282 35470 2744 879 3181 640 73 207 29 116 48154 5214 207 29 1297 579 46613 38099 6 2718 4397 35524 1493 114 36 22609 48200 27785 29 46613 38099 43 25522 4543 49775 1640 4311 46613 3463 7257 1215 49451 6 49907 1640 4311 46613 3463 7257 1215 49451 238 22 282 35470 2744 879 3181 640 116 48154 5214 207 29 1297 2718 4397 35524 1493 114 36 11438 48200 579 46613 38099 43 25522 4543 49775 1640 4311 46613 3463 7257 1215 49451 6 49907 1640 4311 46613 3463 7257 1215 49451 238 22 282 35470 640 207 29 35 207 29 73 207 29 1297 1482 6 4103 6 579 46613 38099 4397 35524 1493 114 36 11438 48200 27785 29 46613 38099 43 25522 4543 49775 1640 4311 46613 3463 2
08/28/2022 00:09:24 - INFO - __main__ -   ***** Running training *****
08/28/2022 00:09:24 - INFO - __main__ -     Num examples = 51869
08/28/2022 00:09:24 - INFO - __main__ -     Num Epochs = 30
08/28/2022 00:09:24 - INFO - __main__ -     Instantaneous batch size per GPU = 512
08/28/2022 00:09:24 - INFO - __main__ -     Total train batch size (w. parallel, distributed & accumulation) = 512
08/28/2022 00:09:24 - INFO - __main__ -     Gradient Accumulation steps = 1
08/28/2022 00:09:24 - INFO - __main__ -     Total optimization steps = 3060
08/28/2022 00:14:17 - INFO - __main__ -   ***** Running evaluation *****
08/28/2022 00:14:17 - INFO - __main__ -     Num examples = 6416
08/28/2022 00:14:17 - INFO - __main__ -     Batch size = 128
08/28/2022 00:14:45 - INFO - __main__ -     eval_loss = 0.3642
08/28/2022 00:14:45 - INFO - __main__ -     eval_acc = 0.8923
08/28/2022 00:14:45 - INFO - __main__ -     ********************
08/28/2022 00:14:45 - INFO - __main__ -     Best acc:0.8923
08/28/2022 00:14:45 - INFO - __main__ -     ********************
08/28/2022 00:14:46 - INFO - __main__ -   Saving model checkpoint to <ANONYMOUS>/<ANONYMOUS>/saved_models/regvd/RQB1/imbalanced_0.3/checkpoint-best-acc/model.bin
08/28/2022 00:14:46 - INFO - __main__ -   epoch 0 loss 0.49193
08/28/2022 00:19:36 - INFO - __main__ -   ***** Running evaluation *****
08/28/2022 00:19:36 - INFO - __main__ -     Num examples = 6416
08/28/2022 00:19:36 - INFO - __main__ -     Batch size = 128
08/28/2022 00:20:04 - INFO - __main__ -     eval_loss = 0.34
08/28/2022 00:20:04 - INFO - __main__ -     eval_acc = 0.8907
08/28/2022 00:20:04 - INFO - __main__ -   epoch 1 loss 0.31962
08/28/2022 00:24:55 - INFO - __main__ -   ***** Running evaluation *****
08/28/2022 00:24:55 - INFO - __main__ -     Num examples = 6416
08/28/2022 00:24:55 - INFO - __main__ -     Batch size = 128
08/28/2022 00:25:23 - INFO - __main__ -     eval_loss = 0.3398
08/28/2022 00:25:23 - INFO - __main__ -     eval_acc = 0.8923
08/28/2022 00:25:23 - INFO - __main__ -   epoch 2 loss 0.3
08/28/2022 00:30:15 - INFO - __main__ -   ***** Running evaluation *****
08/28/2022 00:30:15 - INFO - __main__ -     Num examples = 6416
08/28/2022 00:30:15 - INFO - __main__ -     Batch size = 128
08/28/2022 00:30:43 - INFO - __main__ -     eval_loss = 0.321
08/28/2022 00:30:43 - INFO - __main__ -     eval_acc = 0.8882
08/28/2022 00:30:43 - INFO - __main__ -   epoch 3 loss 0.2908
08/28/2022 00:35:33 - INFO - __main__ -   ***** Running evaluation *****
08/28/2022 00:35:33 - INFO - __main__ -     Num examples = 6416
08/28/2022 00:35:33 - INFO - __main__ -     Batch size = 128
08/28/2022 00:36:01 - INFO - __main__ -     eval_loss = 0.3126
08/28/2022 00:36:01 - INFO - __main__ -     eval_acc = 0.8886
08/28/2022 00:36:01 - INFO - __main__ -   epoch 4 loss 0.28508
08/28/2022 00:40:52 - INFO - __main__ -   ***** Running evaluation *****
08/28/2022 00:40:52 - INFO - __main__ -     Num examples = 6416
08/28/2022 00:40:52 - INFO - __main__ -     Batch size = 128
08/28/2022 00:41:20 - INFO - __main__ -     eval_loss = 0.3089
08/28/2022 00:41:20 - INFO - __main__ -     eval_acc = 0.8854
08/28/2022 00:41:21 - INFO - __main__ -   epoch 5 loss 0.27903
08/28/2022 00:46:11 - INFO - __main__ -   ***** Running evaluation *****
08/28/2022 00:46:11 - INFO - __main__ -     Num examples = 6416
08/28/2022 00:46:11 - INFO - __main__ -     Batch size = 128
08/28/2022 00:46:40 - INFO - __main__ -     eval_loss = 0.3031
08/28/2022 00:46:40 - INFO - __main__ -     eval_acc = 0.8858
08/28/2022 00:46:40 - INFO - __main__ -   epoch 6 loss 0.27393
08/28/2022 00:51:31 - INFO - __main__ -   ***** Running evaluation *****
08/28/2022 00:51:31 - INFO - __main__ -     Num examples = 6416
08/28/2022 00:51:31 - INFO - __main__ -     Batch size = 128
08/28/2022 00:51:59 - INFO - __main__ -     eval_loss = 0.2997
08/28/2022 00:51:59 - INFO - __main__ -     eval_acc = 0.8842
08/28/2022 00:51:59 - INFO - __main__ -   epoch 7 loss 0.27166
08/28/2022 00:56:51 - INFO - __main__ -   ***** Running evaluation *****
08/28/2022 00:56:51 - INFO - __main__ -     Num examples = 6416
08/28/2022 00:56:51 - INFO - __main__ -     Batch size = 128
08/28/2022 00:57:19 - INFO - __main__ -     eval_loss = 0.2906
08/28/2022 00:57:19 - INFO - __main__ -     eval_acc = 0.8881
08/28/2022 00:57:19 - INFO - __main__ -   epoch 8 loss 0.26489
08/28/2022 01:02:11 - INFO - __main__ -   ***** Running evaluation *****
08/28/2022 01:02:11 - INFO - __main__ -     Num examples = 6416
08/28/2022 01:02:11 - INFO - __main__ -     Batch size = 128
08/28/2022 01:02:39 - INFO - __main__ -     eval_loss = 0.2895
08/28/2022 01:02:39 - INFO - __main__ -     eval_acc = 0.8893
08/28/2022 01:02:40 - INFO - __main__ -   epoch 9 loss 0.26331
08/28/2022 01:07:31 - INFO - __main__ -   ***** Running evaluation *****
08/28/2022 01:07:31 - INFO - __main__ -     Num examples = 6416
08/28/2022 01:07:31 - INFO - __main__ -     Batch size = 128
08/28/2022 01:07:59 - INFO - __main__ -     eval_loss = 0.2899
08/28/2022 01:07:59 - INFO - __main__ -     eval_acc = 0.8893
08/28/2022 01:07:59 - INFO - __main__ -   epoch 10 loss 0.25629
08/28/2022 01:12:50 - INFO - __main__ -   ***** Running evaluation *****
08/28/2022 01:12:50 - INFO - __main__ -     Num examples = 6416
08/28/2022 01:12:50 - INFO - __main__ -     Batch size = 128
08/28/2022 01:13:18 - INFO - __main__ -     eval_loss = 0.2885
08/28/2022 01:13:18 - INFO - __main__ -     eval_acc = 0.8868
08/28/2022 01:13:18 - INFO - __main__ -   epoch 11 loss 0.25228
08/28/2022 01:18:11 - INFO - __main__ -   ***** Running evaluation *****
08/28/2022 01:18:11 - INFO - __main__ -     Num examples = 6416
08/28/2022 01:18:11 - INFO - __main__ -     Batch size = 128
08/28/2022 01:18:39 - INFO - __main__ -     eval_loss = 0.2992
08/28/2022 01:18:39 - INFO - __main__ -     eval_acc = 0.8787
08/28/2022 01:18:39 - INFO - __main__ -   epoch 12 loss 0.24482
08/28/2022 01:23:31 - INFO - __main__ -   ***** Running evaluation *****
08/28/2022 01:23:31 - INFO - __main__ -     Num examples = 6416
08/28/2022 01:23:31 - INFO - __main__ -     Batch size = 128
08/28/2022 01:23:59 - INFO - __main__ -     eval_loss = 0.2854
08/28/2022 01:23:59 - INFO - __main__ -     eval_acc = 0.889
08/28/2022 01:24:00 - INFO - __main__ -   epoch 13 loss 0.24324
08/28/2022 01:28:51 - INFO - __main__ -   ***** Running evaluation *****
08/28/2022 01:28:51 - INFO - __main__ -     Num examples = 6416
08/28/2022 01:28:51 - INFO - __main__ -     Batch size = 128
08/28/2022 01:29:19 - INFO - __main__ -     eval_loss = 0.3043
08/28/2022 01:29:19 - INFO - __main__ -     eval_acc = 0.8931
08/28/2022 01:29:19 - INFO - __main__ -     ********************
08/28/2022 01:29:19 - INFO - __main__ -     Best acc:0.8931
08/28/2022 01:29:19 - INFO - __main__ -     ********************
08/28/2022 01:29:20 - INFO - __main__ -   Saving model checkpoint to <ANONYMOUS>/<ANONYMOUS>/saved_models/regvd/RQB1/imbalanced_0.3/checkpoint-best-acc/model.bin
08/28/2022 01:29:20 - INFO - __main__ -   epoch 14 loss 0.23547
08/28/2022 01:34:11 - INFO - __main__ -   ***** Running evaluation *****
08/28/2022 01:34:11 - INFO - __main__ -     Num examples = 6416
08/28/2022 01:34:11 - INFO - __main__ -     Batch size = 128
08/28/2022 01:34:39 - INFO - __main__ -     eval_loss = 0.289
08/28/2022 01:34:39 - INFO - __main__ -     eval_acc = 0.8886
08/28/2022 01:34:39 - INFO - __main__ -   epoch 15 loss 0.23152
08/28/2022 01:39:31 - INFO - __main__ -   ***** Running evaluation *****
08/28/2022 01:39:31 - INFO - __main__ -     Num examples = 6416
08/28/2022 01:39:31 - INFO - __main__ -     Batch size = 128
08/28/2022 01:39:59 - INFO - __main__ -     eval_loss = 0.2943
08/28/2022 01:39:59 - INFO - __main__ -     eval_acc = 0.8789
08/28/2022 01:39:59 - INFO - __main__ -   epoch 16 loss 0.22648
08/28/2022 01:44:51 - INFO - __main__ -   ***** Running evaluation *****
08/28/2022 01:44:51 - INFO - __main__ -     Num examples = 6416
08/28/2022 01:44:51 - INFO - __main__ -     Batch size = 128
08/28/2022 01:45:19 - INFO - __main__ -     eval_loss = 0.318
08/28/2022 01:45:19 - INFO - __main__ -     eval_acc = 0.8677
08/28/2022 01:45:19 - INFO - __main__ -   epoch 17 loss 0.22135
08/28/2022 01:50:10 - INFO - __main__ -   ***** Running evaluation *****
08/28/2022 01:50:10 - INFO - __main__ -     Num examples = 6416
08/28/2022 01:50:10 - INFO - __main__ -     Batch size = 128
08/28/2022 01:50:38 - INFO - __main__ -     eval_loss = 0.2949
08/28/2022 01:50:38 - INFO - __main__ -     eval_acc = 0.8845
08/28/2022 01:50:38 - INFO - __main__ -   epoch 18 loss 0.21725
08/28/2022 01:55:30 - INFO - __main__ -   ***** Running evaluation *****
08/28/2022 01:55:30 - INFO - __main__ -     Num examples = 6416
08/28/2022 01:55:30 - INFO - __main__ -     Batch size = 128
08/28/2022 01:55:58 - INFO - __main__ -     eval_loss = 0.2957
08/28/2022 01:55:58 - INFO - __main__ -     eval_acc = 0.8881
08/28/2022 01:55:58 - INFO - __main__ -   epoch 19 loss 0.21027
08/28/2022 02:00:51 - INFO - __main__ -   ***** Running evaluation *****
08/28/2022 02:00:51 - INFO - __main__ -     Num examples = 6416
08/28/2022 02:00:51 - INFO - __main__ -     Batch size = 128
08/28/2022 02:01:19 - INFO - __main__ -     eval_loss = 0.3034
08/28/2022 02:01:19 - INFO - __main__ -     eval_acc = 0.8886
08/28/2022 02:01:19 - INFO - __main__ -   epoch 20 loss 0.20462
08/28/2022 02:06:10 - INFO - __main__ -   ***** Running evaluation *****
08/28/2022 02:06:10 - INFO - __main__ -     Num examples = 6416
08/28/2022 02:06:10 - INFO - __main__ -     Batch size = 128
08/28/2022 02:06:39 - INFO - __main__ -     eval_loss = 0.298
08/28/2022 02:06:39 - INFO - __main__ -     eval_acc = 0.8859
08/28/2022 02:06:39 - INFO - __main__ -   epoch 21 loss 0.2037
08/28/2022 02:11:30 - INFO - __main__ -   ***** Running evaluation *****
08/28/2022 02:11:30 - INFO - __main__ -     Num examples = 6416
08/28/2022 02:11:30 - INFO - __main__ -     Batch size = 128
08/28/2022 02:11:58 - INFO - __main__ -     eval_loss = 0.316
08/28/2022 02:11:58 - INFO - __main__ -     eval_acc = 0.8753
08/28/2022 02:11:58 - INFO - __main__ -   epoch 22 loss 0.19563
08/28/2022 02:16:51 - INFO - __main__ -   ***** Running evaluation *****
08/28/2022 02:16:51 - INFO - __main__ -     Num examples = 6416
08/28/2022 02:16:51 - INFO - __main__ -     Batch size = 128
08/28/2022 02:17:19 - INFO - __main__ -     eval_loss = 0.3089
08/28/2022 02:17:19 - INFO - __main__ -     eval_acc = 0.8839
08/28/2022 02:17:19 - INFO - __main__ -   epoch 23 loss 0.1916
08/28/2022 02:22:11 - INFO - __main__ -   ***** Running evaluation *****
08/28/2022 02:22:11 - INFO - __main__ -     Num examples = 6416
08/28/2022 02:22:11 - INFO - __main__ -     Batch size = 128
08/28/2022 02:22:40 - INFO - __main__ -     eval_loss = 0.3088
08/28/2022 02:22:40 - INFO - __main__ -     eval_acc = 0.8879
08/28/2022 02:22:40 - INFO - __main__ -   epoch 24 loss 0.18817
08/28/2022 02:27:31 - INFO - __main__ -   ***** Running evaluation *****
08/28/2022 02:27:31 - INFO - __main__ -     Num examples = 6416
08/28/2022 02:27:31 - INFO - __main__ -     Batch size = 128
08/28/2022 02:27:59 - INFO - __main__ -     eval_loss = 0.3121
08/28/2022 02:27:59 - INFO - __main__ -     eval_acc = 0.8876
08/28/2022 02:27:59 - INFO - __main__ -   epoch 25 loss 0.18349
08/28/2022 02:32:50 - INFO - __main__ -   ***** Running evaluation *****
08/28/2022 02:32:50 - INFO - __main__ -     Num examples = 6416
08/28/2022 02:32:50 - INFO - __main__ -     Batch size = 128
08/28/2022 02:33:18 - INFO - __main__ -     eval_loss = 0.3154
08/28/2022 02:33:18 - INFO - __main__ -     eval_acc = 0.8839
08/28/2022 02:33:18 - INFO - __main__ -   epoch 26 loss 0.182
08/28/2022 02:38:10 - INFO - __main__ -   ***** Running evaluation *****
08/28/2022 02:38:10 - INFO - __main__ -     Num examples = 6416
08/28/2022 02:38:10 - INFO - __main__ -     Batch size = 128
08/28/2022 02:38:38 - INFO - __main__ -     eval_loss = 0.3162
08/28/2022 02:38:38 - INFO - __main__ -     eval_acc = 0.8873
08/28/2022 02:38:38 - INFO - __main__ -   epoch 27 loss 0.17795
08/28/2022 02:43:30 - INFO - __main__ -   ***** Running evaluation *****
08/28/2022 02:43:30 - INFO - __main__ -     Num examples = 6416
08/28/2022 02:43:30 - INFO - __main__ -     Batch size = 128
08/28/2022 02:43:58 - INFO - __main__ -     eval_loss = 0.3209
08/28/2022 02:43:58 - INFO - __main__ -     eval_acc = 0.8812
08/28/2022 02:43:58 - INFO - __main__ -   epoch 28 loss 0.17558
08/28/2022 02:48:51 - INFO - __main__ -   ***** Running evaluation *****
08/28/2022 02:48:51 - INFO - __main__ -     Num examples = 6416
08/28/2022 02:48:51 - INFO - __main__ -     Batch size = 128
08/28/2022 02:49:19 - INFO - __main__ -     eval_loss = 0.3217
08/28/2022 02:49:19 - INFO - __main__ -     eval_acc = 0.8833
08/28/2022 02:49:19 - INFO - __main__ -   epoch 29 loss 0.17335
08/28/2022 02:49:25 - INFO - __main__ -   ***** Running evaluation *****
08/28/2022 02:49:25 - INFO - __main__ -     Num examples = 6416
08/28/2022 02:49:25 - INFO - __main__ -     Batch size = 128
08/28/2022 02:49:53 - INFO - __main__ -   ***** Eval results *****
08/28/2022 02:49:53 - INFO - __main__ -     eval_acc = 0.8931
08/28/2022 02:49:53 - INFO - __main__ -     eval_loss = 0.3043
08/28/2022 02:50:15 - INFO - __main__ -   ***** Running Test *****
08/28/2022 02:50:15 - INFO - __main__ -     Num examples = 21587
08/28/2022 02:50:15 - INFO - __main__ -     Batch size = 128
08/28/2022 02:51:48 - INFO - __main__ -   ***** Test results *****
08/28/2022 02:51:48 - INFO - __main__ -     accuracy = 89.9569
08/28/2022 02:51:48 - INFO - __main__ -     f1_score = 21.6197
08/28/2022 02:51:48 - INFO - __main__ -     precision = 54.1667
08/28/2022 02:51:48 - INFO - __main__ -     recall = 13.505
