08/24/2022 11:31:20 - WARNING - __main__ -   Process rank: -1, device: cpu, n_gpu: 0, distributed training: False, 16-bits training: False
Some weights of the model checkpoint at microsoft/codebert-base were not used when initializing RobertaForSequenceClassification: ['pooler.dense.weight', 'pooler.dense.bias']
- This IS expected if you are initializing RobertaForSequenceClassification from the checkpoint of a model trained on another task or with another architecture (e.g. initializing a BertForSequenceClassification model from a BertForPreTraining model).
- This IS NOT expected if you are initializing RobertaForSequenceClassification from the checkpoint of a model that you expect to be exactly identical (initializing a BertForSequenceClassification model from a BertForSequenceClassification model).
Some weights of RobertaForSequenceClassification were not initialized from the model checkpoint at microsoft/codebert-base and are newly initialized: ['classifier.dense.weight', 'classifier.dense.bias', 'classifier.out_proj.bias', 'classifier.out_proj.weight']
You should probably TRAIN this model on a down-stream task to be able to use it for predictions and inference.
08/24/2022 11:31:35 - INFO - __main__ -   Training/evaluation parameters <__main__.Args object at 0x2af87dc46f90>
08/24/2022 11:54:05 - INFO - __main__ -   *** Total Sample ***
08/24/2022 11:54:05 - INFO - __main__ -   	Total: 86479	selected: 86479	percent: 1.0	
08/24/2022 11:54:05 - INFO - __main__ -   *** Sample ***
08/24/2022 11:54:05 - INFO - __main__ -   Total sample
08/24/2022 11:54:05 - INFO - __main__ -   idx: 0
08/24/2022 11:54:05 - INFO - __main__ -   label: 0
08/24/2022 11:54:05 - INFO - __main__ -   input_tokens: ['<s>', 'static', '_av', '_', 'cold', '_int', '_v', 'd', 'ade', 'c', '_', 'init', '(', 'AV', 'Cod', 'ec', 'Context', '_*', 'av', 'ctx', ')', '_{', '_V', 'D', 'AD', 'ec', 'oder', 'Context', '_*', 'ctx', '_=', '_av', 'ctx', '->', 'priv', '_', 'data', ';', '_struct', '_v', 'da', '_', 'context', '_*', 'v', 'da', '_', 'ctx', '_=', '_&', 'ctx', '->', 'v', 'da', '_', 'ctx', ';', '_OS', 'Status', '_status', ';', '_int', '_ret', ';', '_c', 'tx', '->', 'h', '264', '_', 'initialized', '_=', '_0', ';', '_/*', '_init', '_p', 'ix', '_', 'fm', 'ts', '_of', '_codec', '_*/', '_if', '_(!', 'ff', '_', 'h', '264', '_', 'v', 'da', '_', 'dec', 'oder', '.', 'p', 'ix', '_', 'fm', 'ts', ')', '_{', '_if', '_(', 'k', 'C', 'FC', 'ore', 'Found', 'ation', 'Version', 'Number', '_<', '_k', 'C', 'FC', 'ore', 'Found', 'ation', 'Version', 'Number', '10', '_', '7', ')', '_ff', '_', 'h', '264', '_', 'v', 'da', '_', 'dec', 'oder', '.', 'p', 'ix', '_', 'fm', 'ts', '_=', '_v', 'da', '_', 'p', 'ix', 'fm', 'ts', '_', 'pri', 'or', '_', '10', '_', '7', ';', '_else', '_ff', '_', 'h', '264', '_', 'v', 'da', '_', 'dec', 'oder', '.', 'p', 'ix', '_', 'fm', 'ts', '_=', '_v', 'da', '_', 'p', 'ix', 'fm', 'ts', ';', '_}', '_/*', '_init', '_v', 'da', '_*/', '_mem', 'set', '(', 'v', 'da', '_', 'ctx', ',', '_0', ',', '_sizeof', '(', 'struct', '_v', 'da', '_', 'context', '));', '_v', 'da', '_', 'ctx', '->', 'width', '_=', '_av', 'ctx', '->', 'width', ';', '_v', 'da', '_', 'ctx', '->', 'height', '_=', '_av', 'ctx', '->', 'height', ';', '_v', 'da', '_', 'ctx', '->', 'format', '_=', "_'", 'av', 'c', '1', "';", '_v', 'da', '_', 'ctx', '->', 'use', '_', 'sync', '_', 'dec', 'oding', '_=', '_1', ';', '_v', 'da', '_', 'ctx', '->', 'use', '_', 'ref', '_', 'buffer', '_=', '_1', ';', '_c', 'tx', '->', 'p', 'ix', '_', 'f', 'mt', '_=', '_av', 'ctx', '->', 'get', '_', 'format', '(', 'av', 'ctx', ',', '_av', 'ctx', '->', 'cod', 'ec', '->', 'p', 'ix', '_', 'fm', 'ts', ');', '_switch', '_(', 'ctx', '->', 'p', 'ix', '_', 'f', 'mt', ')', '_{', '_case', '_AV', '_', 'P', 'IX', '_', 'F', 'MT', '_', 'U', 'Y', 'V', 'Y', '422', ':', '_v', 'da', '_', 'ctx', '->', 'cv', '_', 'p', 'ix', '_', 'f', 'mt', '_', 'type', '_=', "_'", '2', 'v', 'uy', "';", '_break', ';', '_case', '_AV', '_', 'P', 'IX', '_', 'F', 'MT', '_', 'Y', 'U', 'Y', 'V', '422', ':', '_v', 'da', '_', 'ctx', '->', 'cv', '_', 'p', 'ix', '_', 'f', 'mt', '_', 'type', '_=', "_'", 'yu', 'vs', "';", '_break', ';', '_case', '_AV', '_', 'P', 'IX', '_', 'F', 'MT', '_', 'NV', '12', ':', '</s>']
08/24/2022 11:54:05 - INFO - __main__ -   input_ids: 0 42653 6402 1215 33912 6979 748 417 1829 438 1215 25153 1640 10612 47436 3204 48522 1009 1469 49575 43 25522 468 495 2606 3204 15362 48522 1009 49575 5457 6402 49575 46613 25943 1215 23687 131 29916 748 6106 1215 46796 1009 705 6106 1215 49575 5457 359 49575 46613 705 6106 1215 49575 131 8192 47731 2194 131 6979 5494 131 740 43820 46613 298 29137 1215 49722 5457 321 131 48565 45511 181 3181 1215 40523 1872 9 45797 48404 114 48209 3145 1215 298 29137 1215 705 6106 1215 11127 15362 4 642 3181 1215 40523 1872 43 25522 114 36 330 347 5268 1688 29991 1258 47322 43623 28696 449 347 5268 1688 29991 1258 47322 43623 698 1215 406 43 48400 1215 298 29137 1215 705 6106 1215 11127 15362 4 642 3181 1215 40523 1872 5457 748 6106 1215 642 3181 40523 1872 1215 13718 368 1215 698 1215 406 131 1493 48400 1215 298 29137 1215 705 6106 1215 11127 15362 4 642 3181 1215 40523 1872 5457 748 6106 1215 642 3181 40523 1872 131 35524 48565 45511 748 6106 48404 26012 8738 1640 705 6106 1215 49575 6 321 6 49907 1640 25384 748 6106 1215 46796 48749 748 6106 1215 49575 46613 36097 5457 6402 49575 46613 36097 131 748 6106 1215 49575 46613 37009 5457 6402 49575 46613 37009 131 748 6106 1215 49575 46613 34609 5457 128 1469 438 134 23500 748 6106 1215 49575 46613 3698 1215 45176 1215 11127 19519 5457 112 131 748 6106 1215 49575 46613 3698 1215 13043 1215 47438 5457 112 131 740 43820 46613 642 3181 1215 506 16100 5457 6402 49575 46613 6460 1215 34609 1640 1469 49575 6 6402 49575 46613 29659 3204 46613 642 3181 1215 40523 1872 4397 5405 36 49575 46613 642 3181 1215 506 16100 43 25522 403 17307 1215 510 9482 1215 597 11674 1215 791 975 846 975 37319 35 748 6106 1215 49575 46613 38635 1215 642 3181 1215 506 16100 1215 12528 5457 128 176 705 5781 23500 1108 131 403 17307 1215 510 9482 1215 597 11674 1215 975 791 975 846 37319 35 748 6106 1215 49575 46613 38635 1215 642 3181 1215 506 16100 1215 12528 5457 128 29159 15597 23500 1108 131 403 17307 1215 510 9482 1215 597 11674 1215 31668 1092 35 2
08/24/2022 11:54:05 - INFO - __main__ -   *** Sample ***
08/24/2022 11:54:05 - INFO - __main__ -   Total sample
08/24/2022 11:54:05 - INFO - __main__ -   idx: 1
08/24/2022 11:54:05 - INFO - __main__ -   label: 0
08/24/2022 11:54:05 - INFO - __main__ -   input_tokens: ['<s>', 'int', '_av', '_', 'open', 'cl', '_', 'buffer', '_', 'write', '(', 'cl', '_', 'mem', '_dst', '_', 'cl', '_', 'buf', ',', '_uint', '8', '_', 't', '_*', 'src', '_', 'buf', ',', '_size', '_', 't', '_buf', '_', 'size', ')', '_{', '_cl', '_', 'int', '_status', ';', '_void', '_*', 'm', 'apped', '_=', '_cl', 'En', 'queue', 'Map', 'Buffer', '(', 'gpu', '_', 'env', '.', 'command', '_', 'queue', ',', '_dst', '_', 'cl', '_', 'buf', ',', '_CL', '_', 'TR', 'UE', ',', 'CL', '_', 'MAP', '_', 'WR', 'ITE', ',', '_0', ',', '_sizeof', '(', 'uint', '8', '_', 't', ')', '_*', '_buf', '_', 'size', ',', '_0', ',', '_NULL', ',', '_NULL', ',', '_&', 'status', ');', '_if', '_(', 'status', '_!=', '_CL', '_', 'SU', 'CC', 'ESS', ')', '_{', '_av', '_', 'log', '(&', 'open', 'cl', 'utils', ',', '_AV', '_', 'LOG', '_', 'ERROR', ',', '_"', 'Could', '_not', '_map', '_Open', 'CL', '_buffer', ':', '_%', 's', '\\', 'n', '",', '_open', 'cl', '_', 'err', 'str', '(', 'status', '));', '_return', '_A', 'VER', 'ROR', '_', 'EX', 'TERN', 'AL', ';', '_}', '_mem', 'c', 'py', '(', 'm', 'apped', ',', '_src', '_', 'buf', ',', '_buf', '_', 'size', ');', '_status', '_=', '_cl', 'En', 'queue', 'Un', 'map', 'Mem', 'Object', '(', 'gpu', '_', 'env', '.', 'command', '_', 'queue', ',', '_dst', '_', 'cl', '_', 'buf', ',', '_mapped', ',', '_0', ',', '_NULL', ',', '_NULL', ');', '_if', '_(', 'status', '_!=', '_CL', '_', 'SU', 'CC', 'ESS', ')', '_{', '_av', '_', 'log', '(&', 'open', 'cl', 'utils', ',', '_AV', '_', 'LOG', '_', 'ERROR', ',', '_"', 'Could', '_not', '_un', 'map', '_Open', 'CL', '_buffer', ':', '_%', 's', '\\', 'n', '",', '_open', 'cl', '_', 'err', 'str', '(', 'status', '));', '_return', '_A', 'VER', 'ROR', '_', 'EX', 'TERN', 'AL', ';', '_}', '_return', '_0', ';', '_}', '</s>']
08/24/2022 11:54:05 - INFO - __main__ -   input_ids: 0 2544 6402 1215 12592 3998 1215 47438 1215 29631 1640 3998 1215 25683 49339 1215 3998 1215 48939 6 49315 398 1215 90 1009 45692 1215 48939 6 1836 1215 90 49125 1215 10799 43 25522 3741 1215 2544 2194 131 13842 1009 119 11251 5457 3741 16040 48702 41151 49334 1640 49375 1215 41124 4 41483 1215 48702 6 49339 1215 3998 1215 48939 6 5289 1215 6997 9162 6 7454 1215 43861 1215 19839 12946 6 321 6 49907 1640 47157 398 1215 90 43 1009 49125 1215 10799 6 321 6 48955 6 48955 6 359 29552 4397 114 36 29552 49333 5289 1215 10466 3376 12147 43 25522 6402 1215 12376 49763 12592 3998 49320 6 17307 1215 45403 1215 46734 6 22 35299 45 5456 2117 7454 21944 35 7606 29 37457 282 1297 490 3998 1215 14385 6031 1640 29552 48749 671 83 9847 45055 1215 6725 37683 2118 131 35524 26012 438 17163 1640 119 11251 6 47215 1215 48939 6 49125 1215 10799 4397 2194 5457 3741 16040 48702 9685 32557 35038 46674 1640 49375 1215 41124 4 41483 1215 48702 6 49339 1215 3998 1215 48939 6 33493 6 321 6 48955 6 48955 4397 114 36 29552 49333 5289 1215 10466 3376 12147 43 25522 6402 1215 12376 49763 12592 3998 49320 6 17307 1215 45403 1215 46734 6 22 35299 45 542 32557 2117 7454 21944 35 7606 29 37457 282 1297 490 3998 1215 14385 6031 1640 29552 48749 671 83 9847 45055 1215 6725 37683 2118 131 35524 671 321 131 35524 2 1 1 1 1 1 1 1 1 1 1 1 1 1 1 1 1 1 1 1 1 1 1 1 1 1 1 1 1 1 1 1 1 1 1 1 1 1 1 1 1 1 1 1 1 1 1 1 1 1 1 1 1 1 1 1 1 1 1 1 1 1 1 1 1 1 1 1 1 1 1 1 1 1 1 1 1 1 1 1 1 1 1 1 1 1 1 1 1 1 1 1 1 1 1 1 1 1 1 1 1 1 1 1 1 1 1 1 1 1 1 1 1 1 1 1 1 1 1 1 1 1 1 1 1 1 1 1 1 1 1 1 1 1
08/24/2022 11:54:05 - INFO - __main__ -   *** Sample ***
08/24/2022 11:54:05 - INFO - __main__ -   Total sample
08/24/2022 11:54:05 - INFO - __main__ -   idx: 2
08/24/2022 11:54:05 - INFO - __main__ -   label: 1
08/24/2022 11:54:05 - INFO - __main__ -   input_tokens: ['<s>', 'static', '_int', '_d', 'ds', '_', 'dec', 'ode', '(', 'AV', 'Cod', 'ec', 'Context', '_*', 'av', 'ctx', ',', '_void', '_*', 'data', ',', '_int', '_*', 'got', '_', 'frame', ',', '_A', 'VP', 'acket', '_*', 'av', 'p', 'kt', ')', '_{', '_D', 'DS', 'Context', '_*', 'ctx', '_=', '_av', 'ctx', '->', 'priv', '_', 'data', ';', '_Get', 'Byte', 'Context', '_*', 'g', 'bc', '_=', '_&', 'ctx', '->', 'g', 'bc', ';', '_AV', 'Frame', '_*', 'frame', '_=', '_data', ';', '_int', '_m', 'ip', 'map', ';', '_int', '_ret', ';', '_ff', '_', 'text', 'ured', 'sp', '_', 'init', '(&', 'ctx', '->', 'tex', 'd', 'sp', ');', '_by', 'test', 'ream', '2', '_', 'init', '(', 'g', 'bc', ',', '_av', 'p', 'kt', '->', 'data', ',', '_av', 'p', 'kt', '->', 'size', ');', '_if', '_(', 'by', 'test', 'ream', '2', '_', 'get', '_', 'bytes', '_', 'left', '(', 'g', 'bc', ')', '_<', '_128', ')', '_{', '_av', '_', 'log', '(', 'av', 'ctx', ',', '_AV', '_', 'LOG', '_', 'ERROR', ',', '_"', 'Frame', '_is', '_too', '_small', '_(%', 'd', ').', '\\', 'n', '",', '_by', 'test', 'ream', '2', '_', 'get', '_', 'bytes', '_', 'left', '(', 'g', 'bc', '));', '_return', '_A', 'VER', 'ROR', '_', 'IN', 'VAL', 'ID', 'DATA', ';', '_}', '_if', '_(', 'by', 'test', 'ream', '2', '_', 'get', '_', 'le', '32', '(', 'g', 'bc', ')', '_!=', '_MK', 'TAG', "('", 'D', "',", "_'", 'D', "',", "_'", 'S', "',", "_'", "_'", ')', '_||', '_by', 'test', 'ream', '2', '_', 'get', '_', 'le', '32', '(', 'g', 'bc', ')', '_!=', '_124', ')', '_{', '_//', '_header', '_size', '_av', '_', 'log', '(', 'av', 'ctx', ',', '_AV', '_', 'LOG', '_', 'ERROR', ',', '_"', 'Invalid', '_D', 'DS', '_header', '.', '\\', 'n', '");', '_return', '_A', 'VER', 'ROR', '_', 'IN', 'VAL', 'ID', 'DATA', ';', '_}', '_by', 'test', 'ream', '2', '_', 'skip', '(', 'g', 'bc', ',', '_4', ');', '_//', '_flags', '_av', 'ctx', '->', 'height', '_=', '_by', 'test', 'ream', '2', '_', 'get', '_', 'le', '32', '(', 'g', 'bc', ');', '_av', 'ctx', '->', 'width', '_=', '_by', 'test', 'ream', '2', '_', 'get', '_', 'le', '32', '(', 'g', 'bc', ');', '_ret', '_=', '_av', '_', 'image', '_', 'check', '_', 'size', '(', 'av', 'ctx', '->', 'width', ',', '_av', 'ctx', '->', 'height', ',', '_0', ',', '_av', 'ctx', ');', '_if', '_(', 'ret', '_<', '_0', ')', '_{', '_av', '_', 'log', '(', 'av', 'ctx', ',', '_AV', '_', 'LOG', '_', 'ERROR', ',', '_"', 'Invalid', '_image', '_size', '_%', 'dx', '%', 'd', '.', '\\', 'n', '",', '_av', 'ctx', '->', 'width', ',', '_av', 'ctx', '->', 'height', ');', '_return', '_ret', ';', '_}', '_/*', '_Since', '_codec', '_is', '_based', '_on', '_4', 'x', '4', '_blocks', ',', '_size', '</s>']
08/24/2022 11:54:05 - INFO - __main__ -   input_ids: 0 42653 6979 385 11622 1215 11127 4636 1640 10612 47436 3204 48522 1009 1469 49575 6 13842 1009 23687 6 6979 1009 22371 1215 26061 6 83 12015 32561 1009 1469 642 7282 43 25522 211 5433 48522 1009 49575 5457 6402 49575 46613 25943 1215 23687 131 2315 47447 48522 1009 571 23219 5457 359 49575 46613 571 23219 131 17307 46766 1009 26061 5457 414 131 6979 475 1588 32557 131 6979 5494 131 48400 1215 29015 4075 4182 1215 25153 49763 49575 46613 25401 417 4182 4397 30 21959 26930 176 1215 25153 1640 571 23219 6 6402 642 7282 46613 23687 6 6402 642 7282 46613 10799 4397 114 36 1409 21959 26930 176 1215 6460 1215 46823 1215 6960 1640 571 23219 43 28696 13950 43 25522 6402 1215 12376 1640 1469 49575 6 17307 1215 45403 1215 46734 6 22 46766 16 350 650 48086 417 322 37457 282 1297 30 21959 26930 176 1215 6460 1215 46823 1215 6960 1640 571 23219 48749 671 83 9847 45055 1215 2444 39766 2688 48242 131 35524 114 36 1409 21959 26930 176 1215 6460 1215 459 2881 1640 571 23219 43 49333 20149 46985 45803 495 3934 128 495 3934 128 104 3934 128 128 43 45056 30 21959 26930 176 1215 6460 1215 459 2881 1640 571 23219 43 49333 19446 43 25522 21277 12734 1836 6402 1215 12376 1640 1469 49575 6 17307 1215 45403 1215 46734 6 22 49695 211 5433 12734 4 37457 282 45751 671 83 9847 45055 1215 2444 39766 2688 48242 131 35524 30 21959 26930 176 1215 46554 1640 571 23219 6 204 4397 21277 9287 6402 49575 46613 37009 5457 30 21959 26930 176 1215 6460 1215 459 2881 1640 571 23219 4397 6402 49575 46613 36097 5457 30 21959 26930 176 1215 6460 1215 459 2881 1640 571 23219 4397 5494 5457 6402 1215 20094 1215 15954 1215 10799 1640 1469 49575 46613 36097 6 6402 49575 46613 37009 6 321 6 6402 49575 4397 114 36 4903 28696 321 43 25522 6402 1215 12376 1640 1469 49575 6 17307 1215 45403 1215 46734 6 22 49695 2274 1836 7606 46106 207 417 4 37457 282 1297 6402 49575 46613 36097 6 6402 49575 46613 37009 4397 671 5494 131 35524 48565 1773 45797 16 716 15 204 1178 306 5491 6 1836 2
08/24/2022 11:54:05 - INFO - __main__ -   ***** Running training *****
08/24/2022 11:54:05 - INFO - __main__ -     Num examples = 86479
08/24/2022 11:54:05 - INFO - __main__ -     Num Epochs = 30
08/24/2022 11:54:05 - INFO - __main__ -     Instantaneous batch size per GPU = 512
08/24/2022 11:54:05 - INFO - __main__ -     Total train batch size (w. parallel, distributed & accumulation) = 512
08/24/2022 11:54:05 - INFO - __main__ -     Gradient Accumulation steps = 1
08/24/2022 11:54:05 - INFO - __main__ -     Total optimization steps = 5070
08/24/2022 13:30:52 - INFO - __main__ -   ***** Running evaluation *****
08/24/2022 13:30:52 - INFO - __main__ -     Num examples = 10663
08/24/2022 13:30:52 - INFO - __main__ -     Batch size = 128
08/24/2022 13:41:19 - INFO - __main__ -     eval_loss = 0.3251
08/24/2022 13:41:19 - INFO - __main__ -     eval_acc = 0.8935
08/24/2022 13:41:19 - INFO - __main__ -     ********************
08/24/2022 13:41:19 - INFO - __main__ -     Best acc:0.8935
08/24/2022 13:41:19 - INFO - __main__ -     ********************
08/24/2022 13:41:22 - INFO - __main__ -   Saving model checkpoint to <ANONYMOUS>/<ANONYMOUS>/saved_models/regvd/RQB1/imbalanced_0.5/checkpoint-best-acc/model.bin
08/24/2022 13:41:22 - INFO - __main__ -   epoch 0 loss 0.45116
08/24/2022 15:16:14 - INFO - __main__ -   ***** Running evaluation *****
08/24/2022 15:16:14 - INFO - __main__ -     Num examples = 10663
08/24/2022 15:16:14 - INFO - __main__ -     Batch size = 128
08/24/2022 15:27:35 - INFO - __main__ -     eval_loss = 0.3004
08/24/2022 15:27:35 - INFO - __main__ -     eval_acc = 0.8923
08/24/2022 15:27:36 - INFO - __main__ -   epoch 1 loss 0.30846
08/24/2022 17:04:29 - INFO - __main__ -   ***** Running evaluation *****
08/24/2022 17:04:29 - INFO - __main__ -     Num examples = 10663
08/24/2022 17:04:29 - INFO - __main__ -     Batch size = 128
08/24/2022 17:15:00 - INFO - __main__ -     eval_loss = 0.2985
08/24/2022 17:15:00 - INFO - __main__ -     eval_acc = 0.8935
08/24/2022 17:15:01 - INFO - __main__ -   epoch 2 loss 0.29271
08/24/2022 18:50:33 - INFO - __main__ -   ***** Running evaluation *****
08/24/2022 18:50:33 - INFO - __main__ -     Num examples = 10663
08/24/2022 18:50:33 - INFO - __main__ -     Batch size = 128
08/24/2022 19:01:04 - INFO - __main__ -     eval_loss = 0.2854
08/24/2022 19:01:04 - INFO - __main__ -     eval_acc = 0.8909
08/24/2022 19:01:05 - INFO - __main__ -   epoch 3 loss 0.28523
08/24/2022 20:35:55 - INFO - __main__ -   ***** Running evaluation *****
08/24/2022 20:35:55 - INFO - __main__ -     Num examples = 10663
08/24/2022 20:35:55 - INFO - __main__ -     Batch size = 128
08/24/2022 20:46:13 - INFO - __main__ -     eval_loss = 0.2794
08/24/2022 20:46:13 - INFO - __main__ -     eval_acc = 0.8921
08/24/2022 20:46:13 - INFO - __main__ -   epoch 4 loss 0.27723
08/24/2022 22:22:05 - INFO - __main__ -   ***** Running evaluation *****
08/24/2022 22:22:05 - INFO - __main__ -     Num examples = 10663
08/24/2022 22:22:05 - INFO - __main__ -     Batch size = 128
08/24/2022 22:33:09 - INFO - __main__ -     eval_loss = 0.2777
08/24/2022 22:33:09 - INFO - __main__ -     eval_acc = 0.8925
08/24/2022 22:33:09 - INFO - __main__ -   epoch 5 loss 0.27187
08/25/2022 00:15:40 - INFO - __main__ -   ***** Running evaluation *****
08/25/2022 00:15:40 - INFO - __main__ -     Num examples = 10663
08/25/2022 00:15:40 - INFO - __main__ -     Batch size = 128
08/25/2022 00:26:18 - INFO - __main__ -     eval_loss = 0.2721
08/25/2022 00:26:18 - INFO - __main__ -     eval_acc = 0.8928
08/25/2022 00:26:18 - INFO - __main__ -   epoch 6 loss 0.26826
08/25/2022 02:13:58 - INFO - __main__ -   ***** Running evaluation *****
08/25/2022 02:13:58 - INFO - __main__ -     Num examples = 10663
08/25/2022 02:13:58 - INFO - __main__ -     Batch size = 128
08/25/2022 02:24:33 - INFO - __main__ -     eval_loss = 0.2698
08/25/2022 02:24:33 - INFO - __main__ -     eval_acc = 0.8906
08/25/2022 02:24:34 - INFO - __main__ -   epoch 7 loss 0.26231
08/25/2022 04:14:14 - INFO - __main__ -   ***** Running evaluation *****
08/25/2022 04:14:14 - INFO - __main__ -     Num examples = 10663
08/25/2022 04:14:14 - INFO - __main__ -     Batch size = 128
08/25/2022 04:25:28 - INFO - __main__ -     eval_loss = 0.2743
08/25/2022 04:25:28 - INFO - __main__ -     eval_acc = 0.8881
08/25/2022 04:25:28 - INFO - __main__ -   epoch 8 loss 0.25705
08/25/2022 06:12:23 - INFO - __main__ -   ***** Running evaluation *****
08/25/2022 06:12:23 - INFO - __main__ -     Num examples = 10663
08/25/2022 06:12:23 - INFO - __main__ -     Batch size = 128
08/25/2022 06:23:54 - INFO - __main__ -     eval_loss = 0.2725
08/25/2022 06:23:54 - INFO - __main__ -     eval_acc = 0.8937
08/25/2022 06:23:54 - INFO - __main__ -     ********************
08/25/2022 06:23:54 - INFO - __main__ -     Best acc:0.8937
08/25/2022 06:23:54 - INFO - __main__ -     ********************
08/25/2022 06:23:57 - INFO - __main__ -   Saving model checkpoint to <ANONYMOUS>/<ANONYMOUS>/saved_models/regvd/RQB1/imbalanced_0.5/checkpoint-best-acc/model.bin
08/25/2022 06:23:57 - INFO - __main__ -   epoch 9 loss 0.25313
08/25/2022 08:13:56 - INFO - __main__ -   ***** Running evaluation *****
08/25/2022 08:13:56 - INFO - __main__ -     Num examples = 10663
08/25/2022 08:13:56 - INFO - __main__ -     Batch size = 128
08/25/2022 08:24:58 - INFO - __main__ -     eval_loss = 0.2658
08/25/2022 08:24:58 - INFO - __main__ -     eval_acc = 0.8955
08/25/2022 08:24:58 - INFO - __main__ -     ********************
08/25/2022 08:24:58 - INFO - __main__ -     Best acc:0.8955
08/25/2022 08:24:58 - INFO - __main__ -     ********************
08/25/2022 08:25:01 - INFO - __main__ -   Saving model checkpoint to <ANONYMOUS>/<ANONYMOUS>/saved_models/regvd/RQB1/imbalanced_0.5/checkpoint-best-acc/model.bin
08/25/2022 08:25:01 - INFO - __main__ -   epoch 10 loss 0.24714
08/25/2022 10:12:51 - INFO - __main__ -   ***** Running evaluation *****
08/25/2022 10:12:51 - INFO - __main__ -     Num examples = 10663
08/25/2022 10:12:51 - INFO - __main__ -     Batch size = 128
08/25/2022 10:25:02 - INFO - __main__ -     eval_loss = 0.2612
08/25/2022 10:25:02 - INFO - __main__ -     eval_acc = 0.8932
08/25/2022 10:25:02 - INFO - __main__ -   epoch 11 loss 0.24359
08/25/2022 12:11:41 - INFO - __main__ -   ***** Running evaluation *****
08/25/2022 12:11:41 - INFO - __main__ -     Num examples = 10663
08/25/2022 12:11:41 - INFO - __main__ -     Batch size = 128
08/25/2022 12:22:33 - INFO - __main__ -     eval_loss = 0.2746
08/25/2022 12:22:33 - INFO - __main__ -     eval_acc = 0.888
08/25/2022 12:22:33 - INFO - __main__ -   epoch 12 loss 0.23698
08/25/2022 14:09:29 - INFO - __main__ -   ***** Running evaluation *****
08/25/2022 14:09:29 - INFO - __main__ -     Num examples = 10663
08/25/2022 14:09:29 - INFO - __main__ -     Batch size = 128
08/25/2022 14:20:24 - INFO - __main__ -     eval_loss = 0.2589
08/25/2022 14:20:24 - INFO - __main__ -     eval_acc = 0.8956
08/25/2022 14:20:24 - INFO - __main__ -     ********************
08/25/2022 14:20:24 - INFO - __main__ -     Best acc:0.8956
08/25/2022 14:20:24 - INFO - __main__ -     ********************
08/25/2022 14:20:27 - INFO - __main__ -   Saving model checkpoint to <ANONYMOUS>/<ANONYMOUS>/saved_models/regvd/RQB1/imbalanced_0.5/checkpoint-best-acc/model.bin
08/25/2022 14:20:28 - INFO - __main__ -   epoch 13 loss 0.2339
08/25/2022 16:07:02 - INFO - __main__ -   ***** Running evaluation *****
08/25/2022 16:07:02 - INFO - __main__ -     Num examples = 10663
08/25/2022 16:07:02 - INFO - __main__ -     Batch size = 128
08/25/2022 16:19:21 - INFO - __main__ -     eval_loss = 0.2623
08/25/2022 16:19:21 - INFO - __main__ -     eval_acc = 0.8957
08/25/2022 16:19:21 - INFO - __main__ -     ********************
08/25/2022 16:19:21 - INFO - __main__ -     Best acc:0.8957
08/25/2022 16:19:21 - INFO - __main__ -     ********************
08/25/2022 16:19:24 - INFO - __main__ -   Saving model checkpoint to <ANONYMOUS>/<ANONYMOUS>/saved_models/regvd/RQB1/imbalanced_0.5/checkpoint-best-acc/model.bin
08/25/2022 16:19:24 - INFO - __main__ -   epoch 14 loss 0.22612
08/25/2022 18:09:50 - INFO - __main__ -   ***** Running evaluation *****
08/25/2022 18:09:50 - INFO - __main__ -     Num examples = 10663
08/25/2022 18:09:50 - INFO - __main__ -     Batch size = 128
08/25/2022 18:20:51 - INFO - __main__ -     eval_loss = 0.2631
08/25/2022 18:20:51 - INFO - __main__ -     eval_acc = 0.8918
08/25/2022 18:20:51 - INFO - __main__ -   epoch 15 loss 0.22235
08/25/2022 20:09:17 - INFO - __main__ -   ***** Running evaluation *****
08/25/2022 20:09:17 - INFO - __main__ -     Num examples = 10663
08/25/2022 20:09:17 - INFO - __main__ -     Batch size = 128
08/25/2022 20:20:00 - INFO - __main__ -     eval_loss = 0.2629
08/25/2022 20:20:00 - INFO - __main__ -     eval_acc = 0.8963
08/25/2022 20:20:00 - INFO - __main__ -     ********************
08/25/2022 20:20:00 - INFO - __main__ -     Best acc:0.8963
08/25/2022 20:20:00 - INFO - __main__ -     ********************
08/25/2022 20:20:02 - INFO - __main__ -   Saving model checkpoint to <ANONYMOUS>/<ANONYMOUS>/saved_models/regvd/RQB1/imbalanced_0.5/checkpoint-best-acc/model.bin
08/25/2022 20:20:03 - INFO - __main__ -   epoch 16 loss 0.21681
08/25/2022 22:13:42 - INFO - __main__ -   ***** Running evaluation *****
08/25/2022 22:13:42 - INFO - __main__ -     Num examples = 10663
08/25/2022 22:13:42 - INFO - __main__ -     Batch size = 128
08/25/2022 22:25:49 - INFO - __main__ -     eval_loss = 0.2622
08/25/2022 22:25:49 - INFO - __main__ -     eval_acc = 0.8928
08/25/2022 22:25:50 - INFO - __main__ -   epoch 17 loss 0.21258
08/26/2022 00:00:28 - INFO - __main__ -   ***** Running evaluation *****
08/26/2022 00:00:28 - INFO - __main__ -     Num examples = 10663
08/26/2022 00:00:28 - INFO - __main__ -     Batch size = 128
08/26/2022 00:09:27 - INFO - __main__ -     eval_loss = 0.2688
08/26/2022 00:09:27 - INFO - __main__ -     eval_acc = 0.8952
08/26/2022 00:09:27 - INFO - __main__ -   epoch 18 loss 0.20723
08/26/2022 01:37:25 - INFO - __main__ -   ***** Running evaluation *****
08/26/2022 01:37:25 - INFO - __main__ -     Num examples = 10663
08/26/2022 01:37:25 - INFO - __main__ -     Batch size = 128
08/26/2022 01:46:25 - INFO - __main__ -     eval_loss = 0.2601
08/26/2022 01:46:25 - INFO - __main__ -     eval_acc = 0.8968
08/26/2022 01:46:25 - INFO - __main__ -     ********************
08/26/2022 01:46:25 - INFO - __main__ -     Best acc:0.8968
08/26/2022 01:46:25 - INFO - __main__ -     ********************
08/26/2022 01:46:27 - INFO - __main__ -   Saving model checkpoint to <ANONYMOUS>/<ANONYMOUS>/saved_models/regvd/RQB1/imbalanced_0.5/checkpoint-best-acc/model.bin
08/26/2022 01:46:28 - INFO - __main__ -   epoch 19 loss 0.20203
08/26/2022 03:12:08 - INFO - __main__ -   ***** Running evaluation *****
08/26/2022 03:12:08 - INFO - __main__ -     Num examples = 10663
08/26/2022 03:12:08 - INFO - __main__ -     Batch size = 128
08/26/2022 03:22:09 - INFO - __main__ -     eval_loss = 0.2641
08/26/2022 03:22:09 - INFO - __main__ -     eval_acc = 0.8968
08/26/2022 03:22:09 - INFO - __main__ -   epoch 20 loss 0.19848
08/26/2022 04:50:31 - INFO - __main__ -   ***** Running evaluation *****
08/26/2022 04:50:31 - INFO - __main__ -     Num examples = 10663
08/26/2022 04:50:31 - INFO - __main__ -     Batch size = 128
08/26/2022 05:00:02 - INFO - __main__ -     eval_loss = 0.2671
08/26/2022 05:00:02 - INFO - __main__ -     eval_acc = 0.8919
08/26/2022 05:00:02 - INFO - __main__ -   epoch 21 loss 0.19301
08/26/2022 06:27:08 - INFO - __main__ -   ***** Running evaluation *****
08/26/2022 06:27:08 - INFO - __main__ -     Num examples = 10663
08/26/2022 06:27:08 - INFO - __main__ -     Batch size = 128
08/26/2022 06:36:13 - INFO - __main__ -     eval_loss = 0.2667
08/26/2022 06:36:13 - INFO - __main__ -     eval_acc = 0.8939
08/26/2022 06:36:13 - INFO - __main__ -   epoch 22 loss 0.18868
08/26/2022 08:03:13 - INFO - __main__ -   ***** Running evaluation *****
08/26/2022 08:03:13 - INFO - __main__ -     Num examples = 10663
08/26/2022 08:03:13 - INFO - __main__ -     Batch size = 128
08/26/2022 08:12:43 - INFO - __main__ -     eval_loss = 0.3016
08/26/2022 08:12:43 - INFO - __main__ -     eval_acc = 0.8726
08/26/2022 08:12:43 - INFO - __main__ -   epoch 23 loss 0.18524
08/26/2022 09:38:21 - INFO - __main__ -   ***** Running evaluation *****
08/26/2022 09:38:21 - INFO - __main__ -     Num examples = 10663
08/26/2022 09:38:21 - INFO - __main__ -     Batch size = 128
08/26/2022 09:46:14 - INFO - __main__ -     eval_loss = 0.2757
08/26/2022 09:46:14 - INFO - __main__ -     eval_acc = 0.8942
08/26/2022 09:46:14 - INFO - __main__ -   epoch 24 loss 0.18204
08/26/2022 11:08:38 - INFO - __main__ -   ***** Running evaluation *****
08/26/2022 11:08:39 - INFO - __main__ -     Num examples = 10663
08/26/2022 11:08:39 - INFO - __main__ -     Batch size = 128
08/26/2022 11:17:28 - INFO - __main__ -     eval_loss = 0.2743
08/26/2022 11:17:28 - INFO - __main__ -     eval_acc = 0.894
08/26/2022 11:17:28 - INFO - __main__ -   epoch 25 loss 0.17796
08/26/2022 12:41:04 - INFO - __main__ -   ***** Running evaluation *****
08/26/2022 12:41:04 - INFO - __main__ -     Num examples = 10663
08/26/2022 12:41:04 - INFO - __main__ -     Batch size = 128
08/26/2022 12:49:20 - INFO - __main__ -     eval_loss = 0.2741
08/26/2022 12:49:20 - INFO - __main__ -     eval_acc = 0.8913
08/26/2022 12:49:20 - INFO - __main__ -   epoch 26 loss 0.17518
08/26/2022 14:09:04 - INFO - __main__ -   ***** Running evaluation *****
08/26/2022 14:09:04 - INFO - __main__ -     Num examples = 10663
08/26/2022 14:09:04 - INFO - __main__ -     Batch size = 128
08/26/2022 14:16:53 - INFO - __main__ -     eval_loss = 0.2776
08/26/2022 14:16:53 - INFO - __main__ -     eval_acc = 0.8933
08/26/2022 14:16:54 - INFO - __main__ -   epoch 27 loss 0.17233
08/26/2022 15:34:01 - INFO - __main__ -   ***** Running evaluation *****
08/26/2022 15:34:02 - INFO - __main__ -     Num examples = 10663
08/26/2022 15:34:02 - INFO - __main__ -     Batch size = 128
08/26/2022 15:42:05 - INFO - __main__ -     eval_loss = 0.2801
08/26/2022 15:42:05 - INFO - __main__ -     eval_acc = 0.8905
08/26/2022 15:42:05 - INFO - __main__ -   epoch 28 loss 0.16933
08/26/2022 16:59:35 - INFO - __main__ -   ***** Running evaluation *****
08/26/2022 16:59:35 - INFO - __main__ -     Num examples = 10663
08/26/2022 16:59:35 - INFO - __main__ -     Batch size = 128
08/26/2022 17:07:46 - INFO - __main__ -     eval_loss = 0.2804
08/26/2022 17:07:46 - INFO - __main__ -     eval_acc = 0.8922
08/26/2022 17:07:46 - INFO - __main__ -   epoch 29 loss 0.16778
08/26/2022 17:09:59 - INFO - __main__ -   ***** Running evaluation *****
08/26/2022 17:09:59 - INFO - __main__ -     Num examples = 10663
08/26/2022 17:09:59 - INFO - __main__ -     Batch size = 128
08/26/2022 17:17:46 - INFO - __main__ -   ***** Eval results *****
08/26/2022 17:17:46 - INFO - __main__ -     eval_acc = 0.8968
08/26/2022 17:17:46 - INFO - __main__ -     eval_loss = 0.2601
08/26/2022 17:22:43 - INFO - __main__ -   ***** Running Test *****
08/26/2022 17:22:43 - INFO - __main__ -     Num examples = 21587
08/26/2022 17:22:43 - INFO - __main__ -     Batch size = 128
08/26/2022 17:39:18 - INFO - __main__ -   ***** Test results *****
08/26/2022 17:39:18 - INFO - __main__ -     accuracy = 89.7948
08/26/2022 17:39:18 - INFO - __main__ -     f1_score = 40.9542
08/26/2022 17:39:18 - INFO - __main__ -     precision = 50.3626
08/26/2022 17:39:18 - INFO - __main__ -     recall = 34.5077
