08/23/2022 12:42:36 - WARNING - __main__ -   Process rank: -1, device: cpu, n_gpu: 0, distributed training: False, 16-bits training: False
Some weights of the model checkpoint at microsoft/codebert-base were not used when initializing RobertaForSequenceClassification: ['pooler.dense.weight', 'pooler.dense.bias']
- This IS expected if you are initializing RobertaForSequenceClassification from the checkpoint of a model trained on another task or with another architecture (e.g. initializing a BertForSequenceClassification model from a BertForPreTraining model).
- This IS NOT expected if you are initializing RobertaForSequenceClassification from the checkpoint of a model that you expect to be exactly identical (initializing a BertForSequenceClassification model from a BertForSequenceClassification model).
Some weights of RobertaForSequenceClassification were not initialized from the model checkpoint at microsoft/codebert-base and are newly initialized: ['classifier.out_proj.bias', 'classifier.dense.weight', 'classifier.out_proj.weight', 'classifier.dense.bias']
You should probably TRAIN this model on a down-stream task to be able to use it for predictions and inference.
08/23/2022 12:42:39 - INFO - __main__ -   Training/evaluation parameters <__main__.Args object at 0x2b793a4dcdd0>
08/23/2022 12:42:39 - INFO - __main__ -   *** Total Sample ***
08/23/2022 12:42:39 - INFO - __main__ -   	Total: 28	selected: 28	percent: 1.0	
08/23/2022 12:42:39 - INFO - __main__ -   *** Sample ***
08/23/2022 12:42:39 - INFO - __main__ -   Total sample
08/23/2022 12:42:39 - INFO - __main__ -   idx: 0
08/23/2022 12:42:39 - INFO - __main__ -   label: 1
08/23/2022 12:42:39 - INFO - __main__ -   input_tokens: ['<s>', 'static', '_int', '_n', 'pro', 'be', '(', 'AV', 'Format', 'Context', '_*', 's', ',', '_uint', '8', '_', 't', '_*', 'enc', '_', 'header', ',', '_const', '_uint', '8', '_', 't', '_*', 'n', '_', 'val', ')', '_{', '_OM', 'AC', 'on', 'text', '_*', 'oc', '_=', '_s', '->', 'priv', '_', 'data', ';', '_uint', '32', '_', 't', '_pos', ',', '_tag', 'len', ',', '_dat', 'al', 'en', ';', '_struct', '_A', 'VD', 'ES', '_av', '_', 'des', ';', '_if', '_(!', 'enc', '_', 'header', '_||', '_!', 'n', '_', 'val', ')', '_return', '_-', '1', ';', '_pos', '_=', '_O', 'MA', '_', 'ENC', '_', 'HEAD', 'ER', '_', 'SIZE', '_+', '_o', 'c', '->', 'k', '_', 'size', ';', '_if', '_(!', 'mem', 'cmp', '(&', 'enc', '_', 'header', '[', 'pos', '],', '_"', 'E', 'KB', '_",', '_4', '))', '_pos', '_+=', '_32', ';', '_if', '_(', 'AV', '_', 'RB', '32', '(&', 'enc', '_', 'header', '[', 'pos', '])', '_!=', '_o', 'c', '->', 'rid', ')', '_av', '_', 'log', '(', 's', ',', '_AV', '_', 'LOG', '_', 'DEBUG', ',', '_"', 'M', 'ism', 'atching', '_R', 'ID', '\\', 'n', '");', '_tag', 'len', '_=', '_AV', '_', 'RB', '32', '(&', 'enc', '_', 'header', '[', 'pos', '+', '32', ']);', '_dat', 'al', 'en', '_=', '_AV', '_', 'RB', '32', '(&', 'enc', '_', 'header', '[', 'pos', '+', '36', '])', '_>>', '_4', ';', '_pos', '_+=', '_44', '_+', '_tag', 'len', ';', '_av', '_', 'des', '_', 'init', '(&', 'av', '_', 'des', ',', '_n', '_', 'val', ',', '_192', ',', '_1', ');', '_while', '_(', 'd', 'atal', 'en', '--', '_>', '_0', ')', '_{', '_av', '_', 'des', '_', 'crypt', '(&', 'av', '_', 'des', ',', '_o', 'c', '->', 'r', '_', 'val', ',', '_&', 'enc', '_', 'header', '[', 'pos', '],', '_2', ',', '_NULL', ',', '_1', ');', '_k', 'set', '(', 's', ',', '_o', 'c', '->', 'r', '_', 'val', ',', '_NULL', ',', '_16', ');', '_if', '_(!', 'r', 'pro', 'be', '(', 's', ',', '_enc', '_', 'header', ',', '_o', 'c', '->', 'r', '_', 'val', '))', '_return', '_0', ';', '_pos', '_+=', '_16', ';', '_}', '_return', '_-', '1', ';', '_}', '</s>']
08/23/2022 12:42:39 - INFO - __main__ -   input_ids: 0 42653 6979 295 4892 1610 1640 10612 48587 48522 1009 29 6 49315 398 1215 90 1009 14210 1215 24419 6 10759 49315 398 1215 90 1009 282 1215 6486 43 25522 23765 2562 261 29015 1009 1975 5457 579 46613 25943 1215 23687 131 49315 2881 1215 90 8593 6 6694 8476 6 13516 337 225 131 29916 83 28732 1723 6402 1215 10067 131 114 48209 14210 1215 24419 45056 27785 282 1215 6486 43 671 111 134 131 8593 5457 384 5273 1215 29076 1215 36696 2076 1215 49340 2055 1021 438 46613 330 1215 10799 131 114 48209 25683 48427 49763 14210 1215 24419 10975 11474 7479 22 717 36640 46481 204 35122 8593 49371 2107 131 114 36 10612 1215 26770 2881 49763 14210 1215 24419 10975 11474 45587 49333 1021 438 46613 10505 43 6402 1215 12376 1640 29 6 17307 1215 45403 1215 49837 6 22 448 1809 20262 248 2688 37457 282 45751 6694 8476 5457 17307 1215 26770 2881 49763 14210 1215 24419 10975 11474 2744 2881 48601 13516 337 225 5457 17307 1215 26770 2881 49763 14210 1215 24419 10975 11474 2744 3367 45587 8488 204 131 8593 49371 3550 2055 6694 8476 131 6402 1215 10067 1215 25153 49763 1469 1215 10067 6 295 1215 6486 6 27886 6 112 4397 150 36 417 14720 225 5579 8061 321 43 25522 6402 1215 10067 1215 44675 49763 1469 1215 10067 6 1021 438 46613 338 1215 6486 6 359 14210 1215 24419 10975 11474 7479 132 6 48955 6 112 4397 449 8738 1640 29 6 1021 438 46613 338 1215 6486 6 48955 6 545 4397 114 48209 338 4892 1610 1640 29 6 9689 1215 24419 6 1021 438 46613 338 1215 6486 35122 671 321 131 8593 49371 545 131 35524 671 111 134 131 35524 2 1 1 1 1 1 1 1 1 1 1 1 1 1 1 1 1 1 1 1 1 1 1 1 1 1 1 1 1 1 1 1 1 1 1 1 1 1 1 1 1 1 1 1 1 1 1 1 1 1 1 1 1 1 1 1 1 1 1 1 1 1 1 1 1 1 1 1 1 1 1 1 1 1 1 1 1 1 1 1 1 1 1 1 1 1 1 1 1
08/23/2022 12:42:39 - INFO - __main__ -   *** Sample ***
08/23/2022 12:42:39 - INFO - __main__ -   Total sample
08/23/2022 12:42:39 - INFO - __main__ -   idx: 1
08/23/2022 12:42:39 - INFO - __main__ -   label: 0
08/23/2022 12:42:39 - INFO - __main__ -   input_tokens: ['<s>', 'static', '_void', '_r', 't', 'as', '_', 'read', '_', 'p', 'ci', '_', 'config', '(', 's', 'P', 'AP', 'RE', 'n', 'vironment', '_*', 'sp', 'ap', 'r', ',', '_uint', '32', '_', 't', '_token', ',', '_uint', '32', '_', 't', '_n', 'args', ',', '_target', '_', 'ul', 'ong', '_args', ',', '_uint', '32', '_', 't', '_n', 'ret', ',', '_target', '_', 'ul', 'ong', '_re', 'ts', ')', '_{', '_uint', '32', '_', 't', '_val', ',', '_size', ',', '_addr', ';', '_PC', 'ID', 'ev', 'ice', '_*', 'dev', '_=', '_find', '_', 'dev', '(', 'sp', 'ap', 'r', ',', '_0', ',', '_r', 't', 'as', '_', 'ld', '(', 'args', ',', '_0', '));', '_if', '_(!', 'dev', ')', '_{', '_r', 't', 'as', '_', 'st', '(', 'rets', ',', '_0', ',', '_-', '1', ');', '_return', ';', '_}', '_size', '_=', '_r', 't', 'as', '_', 'ld', '(', 'args', ',', '_1', ');', '_addr', '_=', '_r', 't', 'as', '_', 'p', 'ci', '_', 'cfg', 'addr', '(', 'rt', 'as', '_', 'ld', '(', 'args', ',', '_0', '));', '_val', '_=', '_pci', '_', 'host', '_', 'config', '_', 'read', '_', 'common', '(', 'dev', ',', '_addr', ',', '_pci', '_', 'config', '_', 'size', '(', 'dev', '),', '_size', ');', '_r', 't', 'as', '_', 'st', '(', 'rets', ',', '_0', ',', '_0', ');', '_r', 't', 'as', '_', 'st', '(', 'rets', ',', '_1', ',', '_val', ');', '_}', '</s>']
08/23/2022 12:42:39 - INFO - __main__ -   input_ids: 0 42653 13842 910 90 281 1215 12745 1215 642 2520 1215 43163 1640 29 510 591 4629 282 49225 1009 4182 1115 338 6 49315 2881 1215 90 19233 6 49315 2881 1215 90 295 48204 6 1002 1215 922 1657 49503 6 49315 2881 1215 90 295 4903 6 1002 1215 922 1657 769 1872 43 25522 49315 2881 1215 90 7398 6 1836 6 49649 131 4985 2688 3623 2463 1009 20068 5457 465 1215 20068 1640 4182 1115 338 6 321 6 910 90 281 1215 4779 1640 48204 6 321 48749 114 48209 20068 43 25522 910 90 281 1215 620 1640 33064 6 321 6 111 134 4397 671 131 35524 1836 5457 910 90 281 1215 4779 1640 48204 6 112 4397 49649 5457 910 90 281 1215 642 2520 1215 49174 49439 1640 9713 281 1215 4779 1640 48204 6 321 48749 7398 5457 49899 1215 11438 1215 43163 1215 12745 1215 27278 1640 20068 6 49649 6 49899 1215 43163 1215 10799 1640 20068 238 1836 4397 910 90 281 1215 620 1640 33064 6 321 6 321 4397 910 90 281 1215 620 1640 33064 6 112 6 7398 4397 35524 2 1 1 1 1 1 1 1 1 1 1 1 1 1 1 1 1 1 1 1 1 1 1 1 1 1 1 1 1 1 1 1 1 1 1 1 1 1 1 1 1 1 1 1 1 1 1 1 1 1 1 1 1 1 1 1 1 1 1 1 1 1 1 1 1 1 1 1 1 1 1 1 1 1 1 1 1 1 1 1 1 1 1 1 1 1 1 1 1 1 1 1 1 1 1 1 1 1 1 1 1 1 1 1 1 1 1 1 1 1 1 1 1 1 1 1 1 1 1 1 1 1 1 1 1 1 1 1 1 1 1 1 1 1 1 1 1 1 1 1 1 1 1 1 1 1 1 1 1 1 1 1 1 1 1 1 1 1 1 1 1 1 1 1 1 1 1 1 1 1 1 1 1 1 1 1 1 1 1 1 1 1 1 1 1 1 1 1 1 1 1 1 1 1 1 1 1 1 1
08/23/2022 12:42:39 - INFO - __main__ -   *** Sample ***
08/23/2022 12:42:39 - INFO - __main__ -   Total sample
08/23/2022 12:42:39 - INFO - __main__ -   idx: 2
08/23/2022 12:42:39 - INFO - __main__ -   label: 1
08/23/2022 12:42:39 - INFO - __main__ -   input_tokens: ['<s>', 'void', '_os', '_', 'mem', '_', 'pre', 'alloc', '(', 'int', '_f', 'd', ',', '_char', '_*', 'area', ',', '_size', '_', 't', '_memory', ',', '_Error', '_**', 'err', 'p', ')', '_{', '_int', '_i', ';', '_size', '_', 't', '_pages', 'ize', '_=', '_get', 'pages', 'ize', '();', '_memory', '_=', '_(', 'memory', '_+', '_pages', 'ize', '_-', '_1', ')', '_&', '_-', 'pages', 'ize', ';', '_for', '_(', 'i', '_=', '_0', ';', '_i', '_<', '_memory', '_/', '_pages', 'ize', ';', '_i', '++)', '_{', '_mem', 'set', '(', 'area', '_+', '_pages', 'ize', '_*', '_i', ',', '_0', ',', '_1', ');', '_}', '_}', '</s>']
08/23/2022 12:42:39 - INFO - __main__ -   input_ids: 0 47908 11988 1215 25683 1215 5234 48429 1640 2544 856 417 6 16224 1009 7907 6 1836 1215 90 3783 6 37943 13540 14385 642 43 25522 6979 939 131 1836 1215 90 6052 2072 5457 120 40347 2072 47006 3783 5457 36 44290 2055 6052 2072 111 112 43 359 111 40347 2072 131 13 36 118 5457 321 131 939 28696 3783 1589 6052 2072 131 939 49346 25522 26012 8738 1640 7907 2055 6052 2072 1009 939 6 321 6 112 4397 35524 35524 2 1 1 1 1 1 1 1 1 1 1 1 1 1 1 1 1 1 1 1 1 1 1 1 1 1 1 1 1 1 1 1 1 1 1 1 1 1 1 1 1 1 1 1 1 1 1 1 1 1 1 1 1 1 1 1 1 1 1 1 1 1 1 1 1 1 1 1 1 1 1 1 1 1 1 1 1 1 1 1 1 1 1 1 1 1 1 1 1 1 1 1 1 1 1 1 1 1 1 1 1 1 1 1 1 1 1 1 1 1 1 1 1 1 1 1 1 1 1 1 1 1 1 1 1 1 1 1 1 1 1 1 1 1 1 1 1 1 1 1 1 1 1 1 1 1 1 1 1 1 1 1 1 1 1 1 1 1 1 1 1 1 1 1 1 1 1 1 1 1 1 1 1 1 1 1 1 1 1 1 1 1 1 1 1 1 1 1 1 1 1 1 1 1 1 1 1 1 1 1 1 1 1 1 1 1 1 1 1 1 1 1 1 1 1 1 1 1 1 1 1 1 1 1 1 1 1 1 1 1 1 1 1 1 1 1 1 1 1 1 1 1 1 1 1 1 1 1 1 1 1 1 1 1 1 1 1 1 1 1 1 1 1 1 1 1 1 1 1 1 1 1 1 1 1 1 1 1 1 1 1 1 1 1 1 1 1 1 1 1 1 1 1 1 1 1 1 1 1 1 1 1 1 1 1 1 1 1 1 1 1 1
08/23/2022 12:42:39 - INFO - __main__ -   ***** Running training *****
08/23/2022 12:42:39 - INFO - __main__ -     Num examples = 28
08/23/2022 12:42:39 - INFO - __main__ -     Num Epochs = 100
08/23/2022 12:42:39 - INFO - __main__ -     Instantaneous batch size per GPU = 128
08/23/2022 12:42:39 - INFO - __main__ -     Total train batch size (w. parallel, distributed & accumulation) = 128
08/23/2022 12:42:39 - INFO - __main__ -     Gradient Accumulation steps = 1
08/23/2022 12:42:39 - INFO - __main__ -     Total optimization steps = 100
08/23/2022 12:42:40 - INFO - __main__ -   ***** Running evaluation *****
08/23/2022 12:42:40 - INFO - __main__ -     Num examples = 2
08/23/2022 12:42:40 - INFO - __main__ -     Batch size = 128
08/23/2022 12:42:40 - INFO - __main__ -     eval_loss = 0.723
08/23/2022 12:42:40 - INFO - __main__ -     eval_acc = 0.0
08/23/2022 12:42:40 - INFO - __main__ -   epoch 0 loss 0.69378
08/23/2022 12:42:41 - INFO - __main__ -   ***** Running evaluation *****
08/23/2022 12:42:41 - INFO - __main__ -     Num examples = 2
08/23/2022 12:42:41 - INFO - __main__ -     Batch size = 128
08/23/2022 12:42:41 - INFO - __main__ -     eval_loss = 0.7197
08/23/2022 12:42:41 - INFO - __main__ -     eval_acc = 0.0
08/23/2022 12:42:41 - INFO - __main__ -   epoch 1 loss 0.69666
08/23/2022 12:42:42 - INFO - __main__ -   ***** Running evaluation *****
08/23/2022 12:42:42 - INFO - __main__ -     Num examples = 2
08/23/2022 12:42:42 - INFO - __main__ -     Batch size = 128
08/23/2022 12:42:42 - INFO - __main__ -     eval_loss = 0.7134
08/23/2022 12:42:42 - INFO - __main__ -     eval_acc = 0.0
08/23/2022 12:42:42 - INFO - __main__ -   epoch 2 loss 0.69358
08/23/2022 12:42:43 - INFO - __main__ -   ***** Running evaluation *****
08/23/2022 12:42:43 - INFO - __main__ -     Num examples = 2
08/23/2022 12:42:43 - INFO - __main__ -     Batch size = 128
08/23/2022 12:42:43 - INFO - __main__ -     eval_loss = 0.7041
08/23/2022 12:42:43 - INFO - __main__ -     eval_acc = 0.0
08/23/2022 12:42:43 - INFO - __main__ -   epoch 3 loss 0.69232
08/23/2022 12:42:44 - INFO - __main__ -   ***** Running evaluation *****
08/23/2022 12:42:44 - INFO - __main__ -     Num examples = 2
08/23/2022 12:42:44 - INFO - __main__ -     Batch size = 128
08/23/2022 12:42:44 - INFO - __main__ -     eval_loss = 0.6927
08/23/2022 12:42:44 - INFO - __main__ -     eval_acc = 0.5
08/23/2022 12:42:44 - INFO - __main__ -     ********************
08/23/2022 12:42:44 - INFO - __main__ -     Best acc:0.5
08/23/2022 12:42:44 - INFO - __main__ -     ********************
08/23/2022 12:42:44 - INFO - __main__ -   Saving model checkpoint to <ANONYMOUS>/<ANONYMOUS>/saved_models/regvd/RQB1/balanced_0.001/checkpoint-best-acc/model.bin
08/23/2022 12:42:44 - INFO - __main__ -   epoch 4 loss 0.69061
08/23/2022 12:42:45 - INFO - __main__ -   ***** Running evaluation *****
08/23/2022 12:42:45 - INFO - __main__ -     Num examples = 2
08/23/2022 12:42:45 - INFO - __main__ -     Batch size = 128
08/23/2022 12:42:45 - INFO - __main__ -     eval_loss = 0.6789
08/23/2022 12:42:45 - INFO - __main__ -     eval_acc = 1.0
08/23/2022 12:42:45 - INFO - __main__ -     ********************
08/23/2022 12:42:45 - INFO - __main__ -     Best acc:1.0
08/23/2022 12:42:45 - INFO - __main__ -     ********************
08/23/2022 12:42:46 - INFO - __main__ -   Saving model checkpoint to <ANONYMOUS>/<ANONYMOUS>/saved_models/regvd/RQB1/balanced_0.001/checkpoint-best-acc/model.bin
08/23/2022 12:42:46 - INFO - __main__ -   epoch 5 loss 0.68946
08/23/2022 12:42:46 - INFO - __main__ -   ***** Running evaluation *****
08/23/2022 12:42:46 - INFO - __main__ -     Num examples = 2
08/23/2022 12:42:46 - INFO - __main__ -     Batch size = 128
08/23/2022 12:42:47 - INFO - __main__ -     eval_loss = 0.6614
08/23/2022 12:42:47 - INFO - __main__ -     eval_acc = 1.0
08/23/2022 12:42:47 - INFO - __main__ -   epoch 6 loss 0.68477
08/23/2022 12:42:47 - INFO - __main__ -   ***** Running evaluation *****
08/23/2022 12:42:47 - INFO - __main__ -     Num examples = 2
08/23/2022 12:42:47 - INFO - __main__ -     Batch size = 128
08/23/2022 12:42:48 - INFO - __main__ -     eval_loss = 0.6412
08/23/2022 12:42:48 - INFO - __main__ -     eval_acc = 1.0
08/23/2022 12:42:48 - INFO - __main__ -   epoch 7 loss 0.68324
08/23/2022 12:42:48 - INFO - __main__ -   ***** Running evaluation *****
08/23/2022 12:42:48 - INFO - __main__ -     Num examples = 2
08/23/2022 12:42:48 - INFO - __main__ -     Batch size = 128
08/23/2022 12:42:49 - INFO - __main__ -     eval_loss = 0.6169
08/23/2022 12:42:49 - INFO - __main__ -     eval_acc = 1.0
08/23/2022 12:42:49 - INFO - __main__ -   epoch 8 loss 0.67959
08/23/2022 12:42:49 - INFO - __main__ -   ***** Running evaluation *****
08/23/2022 12:42:49 - INFO - __main__ -     Num examples = 2
08/23/2022 12:42:49 - INFO - __main__ -     Batch size = 128
08/23/2022 12:42:50 - INFO - __main__ -     eval_loss = 0.5921
08/23/2022 12:42:50 - INFO - __main__ -     eval_acc = 1.0
08/23/2022 12:42:50 - INFO - __main__ -   epoch 9 loss 0.677
08/23/2022 12:42:50 - INFO - __main__ -   ***** Running evaluation *****
08/23/2022 12:42:50 - INFO - __main__ -     Num examples = 2
08/23/2022 12:42:50 - INFO - __main__ -     Batch size = 128
08/23/2022 12:42:51 - INFO - __main__ -     eval_loss = 0.5731
08/23/2022 12:42:51 - INFO - __main__ -     eval_acc = 1.0
08/23/2022 12:42:51 - INFO - __main__ -   epoch 10 loss 0.67814
08/23/2022 12:42:51 - INFO - __main__ -   ***** Running evaluation *****
08/23/2022 12:42:51 - INFO - __main__ -     Num examples = 2
08/23/2022 12:42:51 - INFO - __main__ -     Batch size = 128
08/23/2022 12:42:52 - INFO - __main__ -     eval_loss = 0.5612
08/23/2022 12:42:52 - INFO - __main__ -     eval_acc = 1.0
08/23/2022 12:42:52 - INFO - __main__ -   epoch 11 loss 0.66745
08/23/2022 12:42:52 - INFO - __main__ -   ***** Running evaluation *****
08/23/2022 12:42:52 - INFO - __main__ -     Num examples = 2
08/23/2022 12:42:52 - INFO - __main__ -     Batch size = 128
08/23/2022 12:42:53 - INFO - __main__ -     eval_loss = 0.5586
08/23/2022 12:42:53 - INFO - __main__ -     eval_acc = 1.0
08/23/2022 12:42:53 - INFO - __main__ -   epoch 12 loss 0.6645
08/23/2022 12:42:53 - INFO - __main__ -   ***** Running evaluation *****
08/23/2022 12:42:53 - INFO - __main__ -     Num examples = 2
08/23/2022 12:42:53 - INFO - __main__ -     Batch size = 128
08/23/2022 12:42:53 - INFO - __main__ -     eval_loss = 0.5618
08/23/2022 12:42:53 - INFO - __main__ -     eval_acc = 1.0
08/23/2022 12:42:53 - INFO - __main__ -   epoch 13 loss 0.65503
08/23/2022 12:42:54 - INFO - __main__ -   ***** Running evaluation *****
08/23/2022 12:42:54 - INFO - __main__ -     Num examples = 2
08/23/2022 12:42:54 - INFO - __main__ -     Batch size = 128
08/23/2022 12:42:54 - INFO - __main__ -     eval_loss = 0.5729
08/23/2022 12:42:54 - INFO - __main__ -     eval_acc = 1.0
08/23/2022 12:42:54 - INFO - __main__ -   epoch 14 loss 0.65152
08/23/2022 12:42:55 - INFO - __main__ -   ***** Running evaluation *****
08/23/2022 12:42:55 - INFO - __main__ -     Num examples = 2
08/23/2022 12:42:55 - INFO - __main__ -     Batch size = 128
08/23/2022 12:42:55 - INFO - __main__ -     eval_loss = 0.5795
08/23/2022 12:42:55 - INFO - __main__ -     eval_acc = 1.0
08/23/2022 12:42:55 - INFO - __main__ -   epoch 15 loss 0.63563
08/23/2022 12:42:56 - INFO - __main__ -   ***** Running evaluation *****
08/23/2022 12:42:56 - INFO - __main__ -     Num examples = 2
08/23/2022 12:42:56 - INFO - __main__ -     Batch size = 128
08/23/2022 12:42:56 - INFO - __main__ -     eval_loss = 0.5819
08/23/2022 12:42:56 - INFO - __main__ -     eval_acc = 1.0
08/23/2022 12:42:56 - INFO - __main__ -   epoch 16 loss 0.62421
08/23/2022 12:42:57 - INFO - __main__ -   ***** Running evaluation *****
08/23/2022 12:42:57 - INFO - __main__ -     Num examples = 2
08/23/2022 12:42:57 - INFO - __main__ -     Batch size = 128
08/23/2022 12:42:57 - INFO - __main__ -     eval_loss = 0.5786
08/23/2022 12:42:57 - INFO - __main__ -     eval_acc = 1.0
08/23/2022 12:42:57 - INFO - __main__ -   epoch 17 loss 0.61655
08/23/2022 12:42:58 - INFO - __main__ -   ***** Running evaluation *****
08/23/2022 12:42:58 - INFO - __main__ -     Num examples = 2
08/23/2022 12:42:58 - INFO - __main__ -     Batch size = 128
08/23/2022 12:42:58 - INFO - __main__ -     eval_loss = 0.5651
08/23/2022 12:42:58 - INFO - __main__ -     eval_acc = 1.0
08/23/2022 12:42:58 - INFO - __main__ -   epoch 18 loss 0.60599
08/23/2022 12:42:59 - INFO - __main__ -   ***** Running evaluation *****
08/23/2022 12:42:59 - INFO - __main__ -     Num examples = 2
08/23/2022 12:42:59 - INFO - __main__ -     Batch size = 128
08/23/2022 12:42:59 - INFO - __main__ -     eval_loss = 0.5491
08/23/2022 12:42:59 - INFO - __main__ -     eval_acc = 1.0
08/23/2022 12:42:59 - INFO - __main__ -   epoch 19 loss 0.59219
08/23/2022 12:43:00 - INFO - __main__ -   ***** Running evaluation *****
08/23/2022 12:43:00 - INFO - __main__ -     Num examples = 2
08/23/2022 12:43:00 - INFO - __main__ -     Batch size = 128
08/23/2022 12:43:00 - INFO - __main__ -     eval_loss = 0.5488
08/23/2022 12:43:00 - INFO - __main__ -     eval_acc = 1.0
08/23/2022 12:43:00 - INFO - __main__ -   epoch 20 loss 0.54398
08/23/2022 12:43:01 - INFO - __main__ -   ***** Running evaluation *****
08/23/2022 12:43:01 - INFO - __main__ -     Num examples = 2
08/23/2022 12:43:01 - INFO - __main__ -     Batch size = 128
08/23/2022 12:43:01 - INFO - __main__ -     eval_loss = 0.5506
08/23/2022 12:43:01 - INFO - __main__ -     eval_acc = 1.0
08/23/2022 12:43:01 - INFO - __main__ -   epoch 21 loss 0.52535
08/23/2022 12:43:02 - INFO - __main__ -   ***** Running evaluation *****
08/23/2022 12:43:02 - INFO - __main__ -     Num examples = 2
08/23/2022 12:43:02 - INFO - __main__ -     Batch size = 128
08/23/2022 12:43:02 - INFO - __main__ -     eval_loss = 0.4881
08/23/2022 12:43:02 - INFO - __main__ -     eval_acc = 1.0
08/23/2022 12:43:02 - INFO - __main__ -   epoch 22 loss 0.46275
08/23/2022 12:43:03 - INFO - __main__ -   ***** Running evaluation *****
08/23/2022 12:43:03 - INFO - __main__ -     Num examples = 2
08/23/2022 12:43:03 - INFO - __main__ -     Batch size = 128
08/23/2022 12:43:03 - INFO - __main__ -     eval_loss = 0.3717
08/23/2022 12:43:03 - INFO - __main__ -     eval_acc = 1.0
08/23/2022 12:43:03 - INFO - __main__ -   epoch 23 loss 0.44528
08/23/2022 12:43:04 - INFO - __main__ -   ***** Running evaluation *****
08/23/2022 12:43:04 - INFO - __main__ -     Num examples = 2
08/23/2022 12:43:04 - INFO - __main__ -     Batch size = 128
08/23/2022 12:43:04 - INFO - __main__ -     eval_loss = 0.3638
08/23/2022 12:43:04 - INFO - __main__ -     eval_acc = 1.0
08/23/2022 12:43:04 - INFO - __main__ -   epoch 24 loss 0.3729
08/23/2022 12:43:05 - INFO - __main__ -   ***** Running evaluation *****
08/23/2022 12:43:05 - INFO - __main__ -     Num examples = 2
08/23/2022 12:43:05 - INFO - __main__ -     Batch size = 128
08/23/2022 12:43:05 - INFO - __main__ -     eval_loss = 0.4742
08/23/2022 12:43:05 - INFO - __main__ -     eval_acc = 1.0
08/23/2022 12:43:05 - INFO - __main__ -   epoch 25 loss 0.3312
08/23/2022 12:43:06 - INFO - __main__ -   ***** Running evaluation *****
08/23/2022 12:43:06 - INFO - __main__ -     Num examples = 2
08/23/2022 12:43:06 - INFO - __main__ -     Batch size = 128
08/23/2022 12:43:06 - INFO - __main__ -     eval_loss = 0.2835
08/23/2022 12:43:06 - INFO - __main__ -     eval_acc = 1.0
08/23/2022 12:43:06 - INFO - __main__ -   epoch 26 loss 0.3267
08/23/2022 12:43:07 - INFO - __main__ -   ***** Running evaluation *****
08/23/2022 12:43:07 - INFO - __main__ -     Num examples = 2
08/23/2022 12:43:07 - INFO - __main__ -     Batch size = 128
08/23/2022 12:43:07 - INFO - __main__ -     eval_loss = 0.3434
08/23/2022 12:43:07 - INFO - __main__ -     eval_acc = 1.0
08/23/2022 12:43:07 - INFO - __main__ -   epoch 27 loss 0.24813
08/23/2022 12:43:08 - INFO - __main__ -   ***** Running evaluation *****
08/23/2022 12:43:08 - INFO - __main__ -     Num examples = 2
08/23/2022 12:43:08 - INFO - __main__ -     Batch size = 128
08/23/2022 12:43:08 - INFO - __main__ -     eval_loss = 0.213
08/23/2022 12:43:08 - INFO - __main__ -     eval_acc = 1.0
08/23/2022 12:43:08 - INFO - __main__ -   epoch 28 loss 0.2087
08/23/2022 12:43:09 - INFO - __main__ -   ***** Running evaluation *****
08/23/2022 12:43:09 - INFO - __main__ -     Num examples = 2
08/23/2022 12:43:09 - INFO - __main__ -     Batch size = 128
08/23/2022 12:43:09 - INFO - __main__ -     eval_loss = 0.0889
08/23/2022 12:43:09 - INFO - __main__ -     eval_acc = 1.0
08/23/2022 12:43:09 - INFO - __main__ -   epoch 29 loss 0.13897
08/23/2022 12:43:09 - INFO - __main__ -   ***** Running evaluation *****
08/23/2022 12:43:09 - INFO - __main__ -     Num examples = 2
08/23/2022 12:43:09 - INFO - __main__ -     Batch size = 128
08/23/2022 12:43:10 - INFO - __main__ -     eval_loss = 0.1134
08/23/2022 12:43:10 - INFO - __main__ -     eval_acc = 1.0
08/23/2022 12:43:10 - INFO - __main__ -   epoch 30 loss 0.20755
08/23/2022 12:43:10 - INFO - __main__ -   ***** Running evaluation *****
08/23/2022 12:43:10 - INFO - __main__ -     Num examples = 2
08/23/2022 12:43:10 - INFO - __main__ -     Batch size = 128
08/23/2022 12:43:11 - INFO - __main__ -     eval_loss = 0.4669
08/23/2022 12:43:11 - INFO - __main__ -     eval_acc = 1.0
08/23/2022 12:43:11 - INFO - __main__ -   epoch 31 loss 0.14351
08/23/2022 12:43:11 - INFO - __main__ -   ***** Running evaluation *****
08/23/2022 12:43:11 - INFO - __main__ -     Num examples = 2
08/23/2022 12:43:11 - INFO - __main__ -     Batch size = 128
08/23/2022 12:43:12 - INFO - __main__ -     eval_loss = 0.6084
08/23/2022 12:43:12 - INFO - __main__ -     eval_acc = 1.0
08/23/2022 12:43:12 - INFO - __main__ -   epoch 32 loss 0.10425
08/23/2022 12:43:12 - INFO - __main__ -   ***** Running evaluation *****
08/23/2022 12:43:12 - INFO - __main__ -     Num examples = 2
08/23/2022 12:43:12 - INFO - __main__ -     Batch size = 128
08/23/2022 12:43:13 - INFO - __main__ -     eval_loss = 0.2571
08/23/2022 12:43:13 - INFO - __main__ -     eval_acc = 1.0
08/23/2022 12:43:13 - INFO - __main__ -   epoch 33 loss 0.10935
08/23/2022 12:43:13 - INFO - __main__ -   ***** Running evaluation *****
08/23/2022 12:43:13 - INFO - __main__ -     Num examples = 2
08/23/2022 12:43:13 - INFO - __main__ -     Batch size = 128
08/23/2022 12:43:14 - INFO - __main__ -     eval_loss = 0.0639
08/23/2022 12:43:14 - INFO - __main__ -     eval_acc = 1.0
08/23/2022 12:43:14 - INFO - __main__ -   epoch 34 loss 0.06447
08/23/2022 12:43:14 - INFO - __main__ -   ***** Running evaluation *****
08/23/2022 12:43:14 - INFO - __main__ -     Num examples = 2
08/23/2022 12:43:14 - INFO - __main__ -     Batch size = 128
08/23/2022 12:43:15 - INFO - __main__ -     eval_loss = 0.0479
08/23/2022 12:43:15 - INFO - __main__ -     eval_acc = 1.0
08/23/2022 12:43:15 - INFO - __main__ -   epoch 35 loss 0.16861
08/23/2022 12:43:15 - INFO - __main__ -   ***** Running evaluation *****
08/23/2022 12:43:15 - INFO - __main__ -     Num examples = 2
08/23/2022 12:43:15 - INFO - __main__ -     Batch size = 128
08/23/2022 12:43:16 - INFO - __main__ -     eval_loss = 0.0981
08/23/2022 12:43:16 - INFO - __main__ -     eval_acc = 1.0
08/23/2022 12:43:16 - INFO - __main__ -   epoch 36 loss 0.19042
08/23/2022 12:43:16 - INFO - __main__ -   ***** Running evaluation *****
08/23/2022 12:43:16 - INFO - __main__ -     Num examples = 2
08/23/2022 12:43:16 - INFO - __main__ -     Batch size = 128
08/23/2022 12:43:17 - INFO - __main__ -     eval_loss = 0.4072
08/23/2022 12:43:17 - INFO - __main__ -     eval_acc = 1.0
08/23/2022 12:43:17 - INFO - __main__ -   epoch 37 loss 0.06564
08/23/2022 12:43:17 - INFO - __main__ -   ***** Running evaluation *****
08/23/2022 12:43:17 - INFO - __main__ -     Num examples = 2
08/23/2022 12:43:17 - INFO - __main__ -     Batch size = 128
08/23/2022 12:43:18 - INFO - __main__ -     eval_loss = 0.9604
08/23/2022 12:43:18 - INFO - __main__ -     eval_acc = 0.5
08/23/2022 12:43:18 - INFO - __main__ -   epoch 38 loss 0.09101
08/23/2022 12:43:18 - INFO - __main__ -   ***** Running evaluation *****
08/23/2022 12:43:18 - INFO - __main__ -     Num examples = 2
08/23/2022 12:43:18 - INFO - __main__ -     Batch size = 128
08/23/2022 12:43:19 - INFO - __main__ -     eval_loss = 0.843
08/23/2022 12:43:19 - INFO - __main__ -     eval_acc = 0.5
08/23/2022 12:43:19 - INFO - __main__ -   epoch 39 loss 0.07929
08/23/2022 12:43:19 - INFO - __main__ -   ***** Running evaluation *****
08/23/2022 12:43:19 - INFO - __main__ -     Num examples = 2
08/23/2022 12:43:19 - INFO - __main__ -     Batch size = 128
08/23/2022 12:43:19 - INFO - __main__ -     eval_loss = 0.3335
08/23/2022 12:43:19 - INFO - __main__ -     eval_acc = 1.0
08/23/2022 12:43:19 - INFO - __main__ -   epoch 40 loss 0.06769
08/23/2022 12:43:20 - INFO - __main__ -   ***** Running evaluation *****
08/23/2022 12:43:20 - INFO - __main__ -     Num examples = 2
08/23/2022 12:43:20 - INFO - __main__ -     Batch size = 128
08/23/2022 12:43:20 - INFO - __main__ -     eval_loss = 0.092
08/23/2022 12:43:20 - INFO - __main__ -     eval_acc = 1.0
08/23/2022 12:43:20 - INFO - __main__ -   epoch 41 loss 0.08999
08/23/2022 12:43:21 - INFO - __main__ -   ***** Running evaluation *****
08/23/2022 12:43:21 - INFO - __main__ -     Num examples = 2
08/23/2022 12:43:21 - INFO - __main__ -     Batch size = 128
08/23/2022 12:43:21 - INFO - __main__ -     eval_loss = 0.0684
08/23/2022 12:43:21 - INFO - __main__ -     eval_acc = 1.0
08/23/2022 12:43:21 - INFO - __main__ -   epoch 42 loss 0.14131
08/23/2022 12:43:22 - INFO - __main__ -   ***** Running evaluation *****
08/23/2022 12:43:22 - INFO - __main__ -     Num examples = 2
08/23/2022 12:43:22 - INFO - __main__ -     Batch size = 128
08/23/2022 12:43:22 - INFO - __main__ -     eval_loss = 0.1213
08/23/2022 12:43:22 - INFO - __main__ -     eval_acc = 1.0
08/23/2022 12:43:22 - INFO - __main__ -   epoch 43 loss 0.09392
08/23/2022 12:43:23 - INFO - __main__ -   ***** Running evaluation *****
08/23/2022 12:43:23 - INFO - __main__ -     Num examples = 2
08/23/2022 12:43:23 - INFO - __main__ -     Batch size = 128
08/23/2022 12:43:23 - INFO - __main__ -     eval_loss = 0.4332
08/23/2022 12:43:23 - INFO - __main__ -     eval_acc = 0.5
08/23/2022 12:43:23 - INFO - __main__ -   epoch 44 loss 0.10387
08/23/2022 12:43:24 - INFO - __main__ -   ***** Running evaluation *****
08/23/2022 12:43:24 - INFO - __main__ -     Num examples = 2
08/23/2022 12:43:24 - INFO - __main__ -     Batch size = 128
08/23/2022 12:43:24 - INFO - __main__ -     eval_loss = 1.7488
08/23/2022 12:43:24 - INFO - __main__ -     eval_acc = 0.0
08/23/2022 12:43:24 - INFO - __main__ -   epoch 45 loss 0.04605
08/23/2022 12:43:25 - INFO - __main__ -   ***** Running evaluation *****
08/23/2022 12:43:25 - INFO - __main__ -     Num examples = 2
08/23/2022 12:43:25 - INFO - __main__ -     Batch size = 128
08/23/2022 12:43:25 - INFO - __main__ -     eval_loss = 2.6001
08/23/2022 12:43:25 - INFO - __main__ -     eval_acc = 0.0
08/23/2022 12:43:25 - INFO - __main__ -   epoch 46 loss 0.06576
08/23/2022 12:43:26 - INFO - __main__ -   ***** Running evaluation *****
08/23/2022 12:43:26 - INFO - __main__ -     Num examples = 2
08/23/2022 12:43:26 - INFO - __main__ -     Batch size = 128
08/23/2022 12:43:26 - INFO - __main__ -     eval_loss = 2.4452
08/23/2022 12:43:26 - INFO - __main__ -     eval_acc = 0.0
08/23/2022 12:43:26 - INFO - __main__ -   epoch 47 loss 0.20977
08/23/2022 12:43:27 - INFO - __main__ -   ***** Running evaluation *****
08/23/2022 12:43:27 - INFO - __main__ -     Num examples = 2
08/23/2022 12:43:27 - INFO - __main__ -     Batch size = 128
08/23/2022 12:43:27 - INFO - __main__ -     eval_loss = 1.5429
08/23/2022 12:43:27 - INFO - __main__ -     eval_acc = 0.0
08/23/2022 12:43:27 - INFO - __main__ -   epoch 48 loss 0.16748
08/23/2022 12:43:28 - INFO - __main__ -   ***** Running evaluation *****
08/23/2022 12:43:28 - INFO - __main__ -     Num examples = 2
08/23/2022 12:43:28 - INFO - __main__ -     Batch size = 128
08/23/2022 12:43:28 - INFO - __main__ -     eval_loss = 0.5473
08/23/2022 12:43:28 - INFO - __main__ -     eval_acc = 0.5
08/23/2022 12:43:28 - INFO - __main__ -   epoch 49 loss 0.15433
08/23/2022 12:43:29 - INFO - __main__ -   ***** Running evaluation *****
08/23/2022 12:43:29 - INFO - __main__ -     Num examples = 2
08/23/2022 12:43:29 - INFO - __main__ -     Batch size = 128
08/23/2022 12:43:29 - INFO - __main__ -     eval_loss = 0.1427
08/23/2022 12:43:29 - INFO - __main__ -     eval_acc = 1.0
08/23/2022 12:43:29 - INFO - __main__ -   epoch 50 loss 0.12803
08/23/2022 12:43:30 - INFO - __main__ -   ***** Running evaluation *****
08/23/2022 12:43:30 - INFO - __main__ -     Num examples = 2
08/23/2022 12:43:30 - INFO - __main__ -     Batch size = 128
08/23/2022 12:43:30 - INFO - __main__ -     eval_loss = 0.0729
08/23/2022 12:43:30 - INFO - __main__ -     eval_acc = 1.0
08/23/2022 12:43:30 - INFO - __main__ -   epoch 51 loss 0.20675
08/23/2022 12:43:31 - INFO - __main__ -   ***** Running evaluation *****
08/23/2022 12:43:31 - INFO - __main__ -     Num examples = 2
08/23/2022 12:43:31 - INFO - __main__ -     Batch size = 128
08/23/2022 12:43:31 - INFO - __main__ -     eval_loss = 0.0758
08/23/2022 12:43:31 - INFO - __main__ -     eval_acc = 1.0
08/23/2022 12:43:31 - INFO - __main__ -   epoch 52 loss 0.10074
08/23/2022 12:43:32 - INFO - __main__ -   ***** Running evaluation *****
08/23/2022 12:43:32 - INFO - __main__ -     Num examples = 2
08/23/2022 12:43:32 - INFO - __main__ -     Batch size = 128
08/23/2022 12:43:32 - INFO - __main__ -     eval_loss = 0.1427
08/23/2022 12:43:32 - INFO - __main__ -     eval_acc = 1.0
08/23/2022 12:43:32 - INFO - __main__ -   epoch 53 loss 0.16591
08/23/2022 12:43:33 - INFO - __main__ -   ***** Running evaluation *****
08/23/2022 12:43:33 - INFO - __main__ -     Num examples = 2
08/23/2022 12:43:33 - INFO - __main__ -     Batch size = 128
08/23/2022 12:43:33 - INFO - __main__ -     eval_loss = 0.3643
08/23/2022 12:43:33 - INFO - __main__ -     eval_acc = 1.0
08/23/2022 12:43:33 - INFO - __main__ -   epoch 54 loss 0.132
08/23/2022 12:43:34 - INFO - __main__ -   ***** Running evaluation *****
08/23/2022 12:43:34 - INFO - __main__ -     Num examples = 2
08/23/2022 12:43:34 - INFO - __main__ -     Batch size = 128
08/23/2022 12:43:34 - INFO - __main__ -     eval_loss = 0.822
08/23/2022 12:43:34 - INFO - __main__ -     eval_acc = 0.5
08/23/2022 12:43:34 - INFO - __main__ -   epoch 55 loss 0.15339
08/23/2022 12:43:35 - INFO - __main__ -   ***** Running evaluation *****
08/23/2022 12:43:35 - INFO - __main__ -     Num examples = 2
08/23/2022 12:43:35 - INFO - __main__ -     Batch size = 128
08/23/2022 12:43:35 - INFO - __main__ -     eval_loss = 1.1563
08/23/2022 12:43:35 - INFO - __main__ -     eval_acc = 0.0
08/23/2022 12:43:35 - INFO - __main__ -   epoch 56 loss 0.14201
08/23/2022 12:43:36 - INFO - __main__ -   ***** Running evaluation *****
08/23/2022 12:43:36 - INFO - __main__ -     Num examples = 2
08/23/2022 12:43:36 - INFO - __main__ -     Batch size = 128
08/23/2022 12:43:36 - INFO - __main__ -     eval_loss = 1.1317
08/23/2022 12:43:36 - INFO - __main__ -     eval_acc = 0.0
08/23/2022 12:43:36 - INFO - __main__ -   epoch 57 loss 0.07579
08/23/2022 12:43:37 - INFO - __main__ -   ***** Running evaluation *****
08/23/2022 12:43:37 - INFO - __main__ -     Num examples = 2
08/23/2022 12:43:37 - INFO - __main__ -     Batch size = 128
08/23/2022 12:43:37 - INFO - __main__ -     eval_loss = 0.8137
08/23/2022 12:43:37 - INFO - __main__ -     eval_acc = 0.5
08/23/2022 12:43:37 - INFO - __main__ -   epoch 58 loss 0.1215
08/23/2022 12:43:38 - INFO - __main__ -   ***** Running evaluation *****
08/23/2022 12:43:38 - INFO - __main__ -     Num examples = 2
08/23/2022 12:43:38 - INFO - __main__ -     Batch size = 128
08/23/2022 12:43:38 - INFO - __main__ -     eval_loss = 0.4511
08/23/2022 12:43:38 - INFO - __main__ -     eval_acc = 1.0
08/23/2022 12:43:38 - INFO - __main__ -   epoch 59 loss 0.07928
08/23/2022 12:43:39 - INFO - __main__ -   ***** Running evaluation *****
08/23/2022 12:43:39 - INFO - __main__ -     Num examples = 2
08/23/2022 12:43:39 - INFO - __main__ -     Batch size = 128
08/23/2022 12:43:39 - INFO - __main__ -     eval_loss = 0.2512
08/23/2022 12:43:39 - INFO - __main__ -     eval_acc = 1.0
08/23/2022 12:43:39 - INFO - __main__ -   epoch 60 loss 0.08934
08/23/2022 12:43:40 - INFO - __main__ -   ***** Running evaluation *****
08/23/2022 12:43:40 - INFO - __main__ -     Num examples = 2
08/23/2022 12:43:40 - INFO - __main__ -     Batch size = 128
08/23/2022 12:43:40 - INFO - __main__ -     eval_loss = 0.1869
08/23/2022 12:43:40 - INFO - __main__ -     eval_acc = 1.0
08/23/2022 12:43:40 - INFO - __main__ -   epoch 61 loss 0.10464
08/23/2022 12:43:41 - INFO - __main__ -   ***** Running evaluation *****
08/23/2022 12:43:41 - INFO - __main__ -     Num examples = 2
08/23/2022 12:43:41 - INFO - __main__ -     Batch size = 128
08/23/2022 12:43:41 - INFO - __main__ -     eval_loss = 0.1878
08/23/2022 12:43:41 - INFO - __main__ -     eval_acc = 1.0
08/23/2022 12:43:41 - INFO - __main__ -   epoch 62 loss 0.04136
08/23/2022 12:43:42 - INFO - __main__ -   ***** Running evaluation *****
08/23/2022 12:43:42 - INFO - __main__ -     Num examples = 2
08/23/2022 12:43:42 - INFO - __main__ -     Batch size = 128
08/23/2022 12:43:42 - INFO - __main__ -     eval_loss = 0.2514
08/23/2022 12:43:42 - INFO - __main__ -     eval_acc = 1.0
08/23/2022 12:43:42 - INFO - __main__ -   epoch 63 loss 0.08095
08/23/2022 12:43:42 - INFO - __main__ -   ***** Running evaluation *****
08/23/2022 12:43:42 - INFO - __main__ -     Num examples = 2
08/23/2022 12:43:42 - INFO - __main__ -     Batch size = 128
08/23/2022 12:43:43 - INFO - __main__ -     eval_loss = 0.3226
08/23/2022 12:43:43 - INFO - __main__ -     eval_acc = 1.0
08/23/2022 12:43:43 - INFO - __main__ -   epoch 64 loss 0.0593
08/23/2022 12:43:43 - INFO - __main__ -   ***** Running evaluation *****
08/23/2022 12:43:43 - INFO - __main__ -     Num examples = 2
08/23/2022 12:43:43 - INFO - __main__ -     Batch size = 128
08/23/2022 12:43:44 - INFO - __main__ -     eval_loss = 0.3975
08/23/2022 12:43:44 - INFO - __main__ -     eval_acc = 1.0
08/23/2022 12:43:44 - INFO - __main__ -   epoch 65 loss 0.08866
08/23/2022 12:43:44 - INFO - __main__ -   ***** Running evaluation *****
08/23/2022 12:43:44 - INFO - __main__ -     Num examples = 2
08/23/2022 12:43:44 - INFO - __main__ -     Batch size = 128
08/23/2022 12:43:45 - INFO - __main__ -     eval_loss = 0.5437
08/23/2022 12:43:45 - INFO - __main__ -     eval_acc = 0.5
08/23/2022 12:43:45 - INFO - __main__ -   epoch 66 loss 0.06897
08/23/2022 12:43:45 - INFO - __main__ -   ***** Running evaluation *****
08/23/2022 12:43:45 - INFO - __main__ -     Num examples = 2
08/23/2022 12:43:45 - INFO - __main__ -     Batch size = 128
08/23/2022 12:43:46 - INFO - __main__ -     eval_loss = 0.6095
08/23/2022 12:43:46 - INFO - __main__ -     eval_acc = 0.5
08/23/2022 12:43:46 - INFO - __main__ -   epoch 67 loss 0.06361
08/23/2022 12:43:46 - INFO - __main__ -   ***** Running evaluation *****
08/23/2022 12:43:46 - INFO - __main__ -     Num examples = 2
08/23/2022 12:43:46 - INFO - __main__ -     Batch size = 128
08/23/2022 12:43:47 - INFO - __main__ -     eval_loss = 0.5476
08/23/2022 12:43:47 - INFO - __main__ -     eval_acc = 0.5
08/23/2022 12:43:47 - INFO - __main__ -   epoch 68 loss 0.0937
08/23/2022 12:43:47 - INFO - __main__ -   ***** Running evaluation *****
08/23/2022 12:43:47 - INFO - __main__ -     Num examples = 2
08/23/2022 12:43:47 - INFO - __main__ -     Batch size = 128
08/23/2022 12:43:48 - INFO - __main__ -     eval_loss = 0.4424
08/23/2022 12:43:48 - INFO - __main__ -     eval_acc = 1.0
08/23/2022 12:43:48 - INFO - __main__ -   epoch 69 loss 0.03202
08/23/2022 12:43:48 - INFO - __main__ -   ***** Running evaluation *****
08/23/2022 12:43:48 - INFO - __main__ -     Num examples = 2
08/23/2022 12:43:48 - INFO - __main__ -     Batch size = 128
08/23/2022 12:43:49 - INFO - __main__ -     eval_loss = 0.3805
08/23/2022 12:43:49 - INFO - __main__ -     eval_acc = 1.0
08/23/2022 12:43:49 - INFO - __main__ -   epoch 70 loss 0.0758
08/23/2022 12:43:49 - INFO - __main__ -   ***** Running evaluation *****
08/23/2022 12:43:49 - INFO - __main__ -     Num examples = 2
08/23/2022 12:43:49 - INFO - __main__ -     Batch size = 128
08/23/2022 12:43:50 - INFO - __main__ -     eval_loss = 0.3794
08/23/2022 12:43:50 - INFO - __main__ -     eval_acc = 1.0
08/23/2022 12:43:50 - INFO - __main__ -   epoch 71 loss 0.06447
08/23/2022 12:43:50 - INFO - __main__ -   ***** Running evaluation *****
08/23/2022 12:43:50 - INFO - __main__ -     Num examples = 2
08/23/2022 12:43:50 - INFO - __main__ -     Batch size = 128
08/23/2022 12:43:51 - INFO - __main__ -     eval_loss = 0.3123
08/23/2022 12:43:51 - INFO - __main__ -     eval_acc = 1.0
08/23/2022 12:43:51 - INFO - __main__ -   epoch 72 loss 0.05478
08/23/2022 12:43:51 - INFO - __main__ -   ***** Running evaluation *****
08/23/2022 12:43:51 - INFO - __main__ -     Num examples = 2
08/23/2022 12:43:51 - INFO - __main__ -     Batch size = 128
08/23/2022 12:43:51 - INFO - __main__ -     eval_loss = 0.2136
08/23/2022 12:43:51 - INFO - __main__ -     eval_acc = 1.0
08/23/2022 12:43:52 - INFO - __main__ -   epoch 73 loss 0.04024
08/23/2022 12:43:52 - INFO - __main__ -   ***** Running evaluation *****
08/23/2022 12:43:52 - INFO - __main__ -     Num examples = 2
08/23/2022 12:43:52 - INFO - __main__ -     Batch size = 128
08/23/2022 12:43:52 - INFO - __main__ -     eval_loss = 0.177
08/23/2022 12:43:52 - INFO - __main__ -     eval_acc = 1.0
08/23/2022 12:43:53 - INFO - __main__ -   epoch 74 loss 0.05396
08/23/2022 12:43:53 - INFO - __main__ -   ***** Running evaluation *****
08/23/2022 12:43:53 - INFO - __main__ -     Num examples = 2
08/23/2022 12:43:53 - INFO - __main__ -     Batch size = 128
08/23/2022 12:43:53 - INFO - __main__ -     eval_loss = 0.1788
08/23/2022 12:43:53 - INFO - __main__ -     eval_acc = 1.0
08/23/2022 12:43:53 - INFO - __main__ -   epoch 75 loss 0.03812
08/23/2022 12:43:54 - INFO - __main__ -   ***** Running evaluation *****
08/23/2022 12:43:54 - INFO - __main__ -     Num examples = 2
08/23/2022 12:43:54 - INFO - __main__ -     Batch size = 128
08/23/2022 12:43:54 - INFO - __main__ -     eval_loss = 0.2245
08/23/2022 12:43:54 - INFO - __main__ -     eval_acc = 1.0
08/23/2022 12:43:54 - INFO - __main__ -   epoch 76 loss 0.08005
08/23/2022 12:43:55 - INFO - __main__ -   ***** Running evaluation *****
08/23/2022 12:43:55 - INFO - __main__ -     Num examples = 2
08/23/2022 12:43:55 - INFO - __main__ -     Batch size = 128
08/23/2022 12:43:55 - INFO - __main__ -     eval_loss = 0.3317
08/23/2022 12:43:55 - INFO - __main__ -     eval_acc = 1.0
08/23/2022 12:43:55 - INFO - __main__ -   epoch 77 loss 0.04548
08/23/2022 12:43:56 - INFO - __main__ -   ***** Running evaluation *****
08/23/2022 12:43:56 - INFO - __main__ -     Num examples = 2
08/23/2022 12:43:56 - INFO - __main__ -     Batch size = 128
08/23/2022 12:43:56 - INFO - __main__ -     eval_loss = 0.4375
08/23/2022 12:43:56 - INFO - __main__ -     eval_acc = 1.0
08/23/2022 12:43:56 - INFO - __main__ -   epoch 78 loss 0.07025
08/23/2022 12:43:57 - INFO - __main__ -   ***** Running evaluation *****
08/23/2022 12:43:57 - INFO - __main__ -     Num examples = 2
08/23/2022 12:43:57 - INFO - __main__ -     Batch size = 128
08/23/2022 12:43:57 - INFO - __main__ -     eval_loss = 0.6168
08/23/2022 12:43:57 - INFO - __main__ -     eval_acc = 0.5
08/23/2022 12:43:57 - INFO - __main__ -   epoch 79 loss 0.06101
08/23/2022 12:43:58 - INFO - __main__ -   ***** Running evaluation *****
08/23/2022 12:43:58 - INFO - __main__ -     Num examples = 2
08/23/2022 12:43:58 - INFO - __main__ -     Batch size = 128
08/23/2022 12:43:58 - INFO - __main__ -     eval_loss = 0.7202
08/23/2022 12:43:58 - INFO - __main__ -     eval_acc = 0.5
08/23/2022 12:43:58 - INFO - __main__ -   epoch 80 loss 0.0341
08/23/2022 12:43:59 - INFO - __main__ -   ***** Running evaluation *****
08/23/2022 12:43:59 - INFO - __main__ -     Num examples = 2
08/23/2022 12:43:59 - INFO - __main__ -     Batch size = 128
08/23/2022 12:43:59 - INFO - __main__ -     eval_loss = 0.7041
08/23/2022 12:43:59 - INFO - __main__ -     eval_acc = 0.5
08/23/2022 12:43:59 - INFO - __main__ -   epoch 81 loss 0.07801
08/23/2022 12:44:00 - INFO - __main__ -   ***** Running evaluation *****
08/23/2022 12:44:00 - INFO - __main__ -     Num examples = 2
08/23/2022 12:44:00 - INFO - __main__ -     Batch size = 128
08/23/2022 12:44:00 - INFO - __main__ -     eval_loss = 0.5942
08/23/2022 12:44:00 - INFO - __main__ -     eval_acc = 0.5
08/23/2022 12:44:00 - INFO - __main__ -   epoch 82 loss 0.07513
08/23/2022 12:44:01 - INFO - __main__ -   ***** Running evaluation *****
08/23/2022 12:44:01 - INFO - __main__ -     Num examples = 2
08/23/2022 12:44:01 - INFO - __main__ -     Batch size = 128
08/23/2022 12:44:01 - INFO - __main__ -     eval_loss = 0.4695
08/23/2022 12:44:01 - INFO - __main__ -     eval_acc = 1.0
08/23/2022 12:44:01 - INFO - __main__ -   epoch 83 loss 0.0947
08/23/2022 12:44:02 - INFO - __main__ -   ***** Running evaluation *****
08/23/2022 12:44:02 - INFO - __main__ -     Num examples = 2
08/23/2022 12:44:02 - INFO - __main__ -     Batch size = 128
08/23/2022 12:44:02 - INFO - __main__ -     eval_loss = 0.3327
08/23/2022 12:44:02 - INFO - __main__ -     eval_acc = 1.0
08/23/2022 12:44:02 - INFO - __main__ -   epoch 84 loss 0.05522
08/23/2022 12:44:03 - INFO - __main__ -   ***** Running evaluation *****
08/23/2022 12:44:03 - INFO - __main__ -     Num examples = 2
08/23/2022 12:44:03 - INFO - __main__ -     Batch size = 128
08/23/2022 12:44:03 - INFO - __main__ -     eval_loss = 0.2321
08/23/2022 12:44:03 - INFO - __main__ -     eval_acc = 1.0
08/23/2022 12:44:03 - INFO - __main__ -   epoch 85 loss 0.03695
08/23/2022 12:44:04 - INFO - __main__ -   ***** Running evaluation *****
08/23/2022 12:44:04 - INFO - __main__ -     Num examples = 2
08/23/2022 12:44:04 - INFO - __main__ -     Batch size = 128
08/23/2022 12:44:04 - INFO - __main__ -     eval_loss = 0.1786
08/23/2022 12:44:04 - INFO - __main__ -     eval_acc = 1.0
08/23/2022 12:44:04 - INFO - __main__ -   epoch 86 loss 0.04149
08/23/2022 12:44:05 - INFO - __main__ -   ***** Running evaluation *****
08/23/2022 12:44:05 - INFO - __main__ -     Num examples = 2
08/23/2022 12:44:05 - INFO - __main__ -     Batch size = 128
08/23/2022 12:44:05 - INFO - __main__ -     eval_loss = 0.143
08/23/2022 12:44:05 - INFO - __main__ -     eval_acc = 1.0
08/23/2022 12:44:05 - INFO - __main__ -   epoch 87 loss 0.03012
08/23/2022 12:44:05 - INFO - __main__ -   ***** Running evaluation *****
08/23/2022 12:44:05 - INFO - __main__ -     Num examples = 2
08/23/2022 12:44:05 - INFO - __main__ -     Batch size = 128
08/23/2022 12:44:06 - INFO - __main__ -     eval_loss = 0.1205
08/23/2022 12:44:06 - INFO - __main__ -     eval_acc = 1.0
08/23/2022 12:44:06 - INFO - __main__ -   epoch 88 loss 0.08585
08/23/2022 12:44:06 - INFO - __main__ -   ***** Running evaluation *****
08/23/2022 12:44:06 - INFO - __main__ -     Num examples = 2
08/23/2022 12:44:06 - INFO - __main__ -     Batch size = 128
08/23/2022 12:44:07 - INFO - __main__ -     eval_loss = 0.1085
08/23/2022 12:44:07 - INFO - __main__ -     eval_acc = 1.0
08/23/2022 12:44:07 - INFO - __main__ -   epoch 89 loss 0.05539
08/23/2022 12:44:07 - INFO - __main__ -   ***** Running evaluation *****
08/23/2022 12:44:07 - INFO - __main__ -     Num examples = 2
08/23/2022 12:44:07 - INFO - __main__ -     Batch size = 128
08/23/2022 12:44:08 - INFO - __main__ -     eval_loss = 0.1093
08/23/2022 12:44:08 - INFO - __main__ -     eval_acc = 1.0
08/23/2022 12:44:08 - INFO - __main__ -   epoch 90 loss 0.06117
08/23/2022 12:44:08 - INFO - __main__ -   ***** Running evaluation *****
08/23/2022 12:44:08 - INFO - __main__ -     Num examples = 2
08/23/2022 12:44:08 - INFO - __main__ -     Batch size = 128
08/23/2022 12:44:09 - INFO - __main__ -     eval_loss = 0.1026
08/23/2022 12:44:09 - INFO - __main__ -     eval_acc = 1.0
08/23/2022 12:44:09 - INFO - __main__ -   epoch 91 loss 0.11916
08/23/2022 12:44:09 - INFO - __main__ -   ***** Running evaluation *****
08/23/2022 12:44:09 - INFO - __main__ -     Num examples = 2
08/23/2022 12:44:09 - INFO - __main__ -     Batch size = 128
08/23/2022 12:44:10 - INFO - __main__ -     eval_loss = 0.1035
08/23/2022 12:44:10 - INFO - __main__ -     eval_acc = 1.0
08/23/2022 12:44:10 - INFO - __main__ -   epoch 92 loss 0.10854
08/23/2022 12:44:10 - INFO - __main__ -   ***** Running evaluation *****
08/23/2022 12:44:10 - INFO - __main__ -     Num examples = 2
08/23/2022 12:44:10 - INFO - __main__ -     Batch size = 128
08/23/2022 12:44:11 - INFO - __main__ -     eval_loss = 0.1123
08/23/2022 12:44:11 - INFO - __main__ -     eval_acc = 1.0
08/23/2022 12:44:11 - INFO - __main__ -   epoch 93 loss 0.06647
08/23/2022 12:44:11 - INFO - __main__ -   ***** Running evaluation *****
08/23/2022 12:44:11 - INFO - __main__ -     Num examples = 2
08/23/2022 12:44:11 - INFO - __main__ -     Batch size = 128
08/23/2022 12:44:12 - INFO - __main__ -     eval_loss = 0.1247
08/23/2022 12:44:12 - INFO - __main__ -     eval_acc = 1.0
08/23/2022 12:44:12 - INFO - __main__ -   epoch 94 loss 0.04981
08/23/2022 12:44:12 - INFO - __main__ -   ***** Running evaluation *****
08/23/2022 12:44:12 - INFO - __main__ -     Num examples = 2
08/23/2022 12:44:12 - INFO - __main__ -     Batch size = 128
08/23/2022 12:44:13 - INFO - __main__ -     eval_loss = 0.1387
08/23/2022 12:44:13 - INFO - __main__ -     eval_acc = 1.0
08/23/2022 12:44:13 - INFO - __main__ -   epoch 95 loss 0.1374
08/23/2022 12:44:13 - INFO - __main__ -   ***** Running evaluation *****
08/23/2022 12:44:13 - INFO - __main__ -     Num examples = 2
08/23/2022 12:44:13 - INFO - __main__ -     Batch size = 128
08/23/2022 12:44:14 - INFO - __main__ -     eval_loss = 0.1495
08/23/2022 12:44:14 - INFO - __main__ -     eval_acc = 1.0
08/23/2022 12:44:14 - INFO - __main__ -   epoch 96 loss 0.07026
08/23/2022 12:44:14 - INFO - __main__ -   ***** Running evaluation *****
08/23/2022 12:44:14 - INFO - __main__ -     Num examples = 2
08/23/2022 12:44:14 - INFO - __main__ -     Batch size = 128
08/23/2022 12:44:15 - INFO - __main__ -     eval_loss = 0.1549
08/23/2022 12:44:15 - INFO - __main__ -     eval_acc = 1.0
08/23/2022 12:44:15 - INFO - __main__ -   epoch 97 loss 0.05793
08/23/2022 12:44:15 - INFO - __main__ -   ***** Running evaluation *****
08/23/2022 12:44:15 - INFO - __main__ -     Num examples = 2
08/23/2022 12:44:15 - INFO - __main__ -     Batch size = 128
08/23/2022 12:44:16 - INFO - __main__ -     eval_loss = 0.1616
08/23/2022 12:44:16 - INFO - __main__ -     eval_acc = 1.0
08/23/2022 12:44:16 - INFO - __main__ -   epoch 98 loss 0.05005
08/23/2022 12:44:16 - INFO - __main__ -   ***** Running evaluation *****
08/23/2022 12:44:16 - INFO - __main__ -     Num examples = 2
08/23/2022 12:44:16 - INFO - __main__ -     Batch size = 128
08/23/2022 12:44:16 - INFO - __main__ -     eval_loss = 0.1654
08/23/2022 12:44:16 - INFO - __main__ -     eval_acc = 1.0
08/23/2022 12:44:17 - INFO - __main__ -   epoch 99 loss 0.06705
08/23/2022 12:44:17 - INFO - __main__ -   ***** Running evaluation *****
08/23/2022 12:44:17 - INFO - __main__ -     Num examples = 2
08/23/2022 12:44:17 - INFO - __main__ -     Batch size = 128
08/23/2022 12:44:17 - INFO - __main__ -   ***** Eval results *****
08/23/2022 12:44:17 - INFO - __main__ -     eval_acc = 1.0
08/23/2022 12:44:17 - INFO - __main__ -     eval_loss = 0.6789
08/23/2022 12:44:25 - INFO - __main__ -   ***** Running Test *****
08/23/2022 12:44:25 - INFO - __main__ -     Num examples = 3745
08/23/2022 12:44:25 - INFO - __main__ -     Batch size = 128
08/23/2022 12:44:46 - INFO - __main__ -   ***** Test results *****
08/23/2022 12:44:46 - INFO - __main__ -     accuracy = 58.0774
08/23/2022 12:44:46 - INFO - __main__ -     f1_score = 70.9582
08/23/2022 12:44:46 - INFO - __main__ -     precision = 60.0877
08/23/2022 12:44:46 - INFO - __main__ -     recall = 86.6305
