08/23/2022 12:42:44 - WARNING - __main__ -   Process rank: -1, device: cpu, n_gpu: 0, distributed training: False, 16-bits training: False
Some weights of the model checkpoint at microsoft/codebert-base were not used when initializing RobertaForSequenceClassification: ['pooler.dense.weight', 'pooler.dense.bias']
- This IS expected if you are initializing RobertaForSequenceClassification from the checkpoint of a model trained on another task or with another architecture (e.g. initializing a BertForSequenceClassification model from a BertForPreTraining model).
- This IS NOT expected if you are initializing RobertaForSequenceClassification from the checkpoint of a model that you expect to be exactly identical (initializing a BertForSequenceClassification model from a BertForSequenceClassification model).
Some weights of RobertaForSequenceClassification were not initialized from the model checkpoint at microsoft/codebert-base and are newly initialized: ['classifier.out_proj.weight', 'classifier.dense.bias', 'classifier.dense.weight', 'classifier.out_proj.bias']
You should probably TRAIN this model on a down-stream task to be able to use it for predictions and inference.
08/23/2022 12:42:47 - INFO - __main__ -   Training/evaluation parameters <__main__.Args object at 0x2b6ff57d2ed0>
08/23/2022 12:42:47 - INFO - __main__ -   *** Total Sample ***
08/23/2022 12:42:47 - INFO - __main__ -   	Total: 228	selected: 228	percent: 1.0	
08/23/2022 12:42:47 - INFO - __main__ -   *** Sample ***
08/23/2022 12:42:47 - INFO - __main__ -   Total sample
08/23/2022 12:42:47 - INFO - __main__ -   idx: 0
08/23/2022 12:42:47 - INFO - __main__ -   label: 0
08/23/2022 12:42:47 - INFO - __main__ -   input_tokens: ['<s>', 'static', '_int', '_config', '_', 'pro', 'ps', '(', 'AV', 'Filter', 'Link', '_*', 'in', 'link', ')', '_{', '_AV', 'Filter', 'Context', '_*', 'ctx', '_=', '_in', 'link', '->', 'd', 'st', ';', '_L', 'ut', 'Context', '_*', 'l', 'ut', '_=', '_c', 'tx', '->', 'priv', ';', '_const', '_A', 'VP', 'ix', 'F', 'mt', 'Desc', 'ript', 'or', '_*', 'desc', '_=', '_&', 'av', '_', 'p', 'ix', '_', 'f', 'mt', '_', 'desc', 'ript', 'ors', '[', 'in', 'link', '->', 'format', '];', '_int', '_min', '[', '4', '],', '_max', '[', '4', '];', '_int', '_val', ',', '_comp', ',', '_ret', ';', '_l', 'ut', '->', 'h', 'sub', '_=', '_desc', '->', 'log', '2', '_', 'chrom', 'a', '_', 'w', ';', '_l', 'ut', '->', 'v', 'sub', '_=', '_desc', '->', 'log', '2', '_', 'chrom', 'a', '_', 'h', ';', '_l', 'ut', '->', 'var', '_', 'values', '[', 'V', 'AR', '_', 'W', ']', '_=', '_in', 'link', '->', 'w', ';', '_l', 'ut', '->', 'var', '_', 'values', '[', 'V', 'AR', '_', 'H', ']', '_=', '_in', 'link', '->', 'h', ';', '_switch', '_(', 'in', 'link', '->', 'format', ')', '_{', '_case', '_P', 'IX', '_', 'F', 'MT', '_', 'Y', 'UV', '410', 'P', ':', '_case', '_P', 'IX', '_', 'F', 'MT', '_', 'Y', 'UV', '411', 'P', ':', '_case', '_P', 'IX', '_', 'F', 'MT', '_', 'Y', 'UV', '420', 'P', ':', '_case', '_P', 'IX', '_', 'F', 'MT', '_', 'Y', 'UV', '422', 'P', ':', '_case', '_P', 'IX', '_', 'F', 'MT', '_', 'Y', 'UV', '440', 'P', ':', '_case', '_P', 'IX', '_', 'F', 'MT', '_', 'Y', 'UV', '444', 'P', ':', '_case', '_P', 'IX', '_', 'F', 'MT', '_', 'Y', 'U', 'VA', '420', 'P', ':', '_min', '[', 'Y', ']', '_=', '_min', '[', 'U', ']', '_=', '_min', '[', 'V', ']', '_=', '_16', ';', '_max', '[', 'Y', ']', '_=', '_235', ';', '_max', '[', 'U', ']', '_=', '_max', '[', 'V', ']', '_=', '_240', ';', '_min', '[', 'A', ']', '_=', '_0', ';', '_max', '[', 'A', ']', '_=', '_255', ';', '_break', ';', '_default', ':', '_min', '[', '0', ']', '_=', '_min', '[', '1', ']', '_=', '_min', '[', '2', ']', '_=', '_min', '[', '3', ']', '_=', '_0', ';', '_max', '[', '0', ']', '_=', '_max', '[', '1', ']', '_=', '_max', '[', '2', ']', '_=', '_max', '[', '3', ']', '_=', '_255', ';', '_}', '_l', 'ut', '->', 'is', '_', 'y', 'uv', '_=', '_l', 'ut', '->', 'is', '_', 'r', 'gb', '_=', '_0', ';', '_if', '_(', 'ff', '_', 'f', 'mt', '_', 'is', '_', 'in', '(', 'in', 'link', '->', 'format', ',', '_y', 'uv', '_', 'p', 'ix', '_', 'fm', 'ts', '))', '_l', 'ut', '->', 'is', '_', 'y', 'uv', '_=', '_1', ';', '</s>']
08/23/2022 12:42:47 - INFO - __main__ -   input_ids: 0 42653 6979 40220 1215 4892 3275 1640 10612 47625 17860 1009 179 12139 43 25522 17307 47625 48522 1009 49575 5457 11 12139 46613 417 620 131 226 1182 48522 1009 462 1182 5457 740 43820 46613 25943 131 10759 83 12015 3181 597 16100 47066 36423 368 1009 45091 5457 359 1469 1215 642 3181 1215 506 16100 1215 45091 36423 994 10975 179 12139 46613 34609 44082 6979 5251 10975 306 7479 19220 10975 306 44082 6979 7398 6 7753 6 5494 131 784 1182 46613 298 10936 5457 23174 46613 12376 176 1215 45872 102 1215 605 131 784 1182 46613 705 10936 5457 23174 46613 12376 176 1215 45872 102 1215 298 131 784 1182 46613 10806 1215 43994 10975 846 2747 1215 771 742 5457 11 12139 46613 605 131 784 1182 46613 10806 1215 43994 10975 846 2747 1215 725 742 5457 11 12139 46613 298 131 5405 36 179 12139 46613 34609 43 25522 403 221 9482 1215 597 11674 1215 975 31812 31132 510 35 403 221 9482 1215 597 11674 1215 975 31812 35775 510 35 403 221 9482 1215 597 11674 1215 975 31812 23537 510 35 403 221 9482 1215 597 11674 1215 975 31812 37319 510 35 403 221 9482 1215 597 11674 1215 975 31812 26634 510 35 403 221 9482 1215 597 11674 1215 975 31812 29903 510 35 403 221 9482 1215 597 11674 1215 975 791 9788 23537 510 35 5251 10975 975 742 5457 5251 10975 791 742 5457 5251 10975 846 742 5457 545 131 19220 10975 975 742 5457 27089 131 19220 10975 791 742 5457 19220 10975 846 742 5457 15452 131 5251 10975 250 742 5457 321 131 19220 10975 250 742 5457 28080 131 1108 131 6814 35 5251 10975 288 742 5457 5251 10975 134 742 5457 5251 10975 176 742 5457 5251 10975 246 742 5457 321 131 19220 10975 288 742 5457 19220 10975 134 742 5457 19220 10975 176 742 5457 19220 10975 246 742 5457 28080 131 35524 784 1182 46613 354 1215 219 13996 5457 784 1182 46613 354 1215 338 19562 5457 321 131 114 36 3145 1215 506 16100 1215 354 1215 179 1640 179 12139 46613 34609 6 1423 13996 1215 642 3181 1215 40523 1872 35122 784 1182 46613 354 1215 219 13996 5457 112 131 2
08/23/2022 12:42:47 - INFO - __main__ -   *** Sample ***
08/23/2022 12:42:47 - INFO - __main__ -   Total sample
08/23/2022 12:42:47 - INFO - __main__ -   idx: 1
08/23/2022 12:42:47 - INFO - __main__ -   label: 0
08/23/2022 12:42:47 - INFO - __main__ -   input_tokens: ['<s>', 'static', '_void', '_v', 'ring', '_', 'desc', '_', 'read', '(', 'V', 'irt', 'I', 'OD', 'ev', 'ice', '_*', 'v', 'dev', ',', '_VR', 'ing', 'Desc', '_*', 'desc', ',', '_h', 'w', 'addr', '_desc', '_', 'pa', ',', '_int', '_i', ')', '_{', '_address', '_', 'space', '_', 'read', '(&', 'address', '_', 'space', '_', 'memory', ',', '_desc', '_', 'pa', '_+', '_i', '_*', '_sizeof', '(', 'VR', 'ing', 'Desc', '),', '_MEM', 'TX', 'AT', 'TR', 'S', '_', 'UN', 'SPEC', 'IFIED', ',', '_(', 'void', '_*)', 'desc', ',', '_sizeof', '(', 'VR', 'ing', 'Desc', '));', '_virt', 'io', '_', 'ts', 'w', 'ap', '64', 's', '(', 'v', 'dev', ',', '_&', 'desc', '->', 'addr', ');', '_virt', 'io', '_', 'ts', 'w', 'ap', '32', 's', '(', 'v', 'dev', ',', '_&', 'desc', '->', 'len', ');', '_virt', 'io', '_', 'ts', 'w', 'ap', '16', 's', '(', 'v', 'dev', ',', '_&', 'desc', '->', 'flags', ');', '_virt', 'io', '_', 'ts', 'w', 'ap', '16', 's', '(', 'v', 'dev', ',', '_&', 'desc', '->', 'next', ');', '_}', '</s>']
08/23/2022 12:42:47 - INFO - __main__ -   input_ids: 0 42653 13842 748 4506 1215 45091 1215 12745 1640 846 9211 100 7111 3623 2463 1009 705 20068 6 8311 154 47066 1009 45091 6 1368 605 49439 23174 1215 6709 6 6979 939 43 25522 1100 1215 25414 1215 12745 49763 44547 1215 25414 1215 44290 6 23174 1215 6709 2055 939 1009 49907 1640 13055 154 47066 238 27176 30200 2571 6997 104 1215 4154 45352 36482 6 36 47908 49521 45091 6 49907 1640 13055 154 47066 48749 36704 1020 1215 1872 605 1115 4027 29 1640 705 20068 6 359 45091 46613 49439 4397 36704 1020 1215 1872 605 1115 2881 29 1640 705 20068 6 359 45091 46613 8476 4397 36704 1020 1215 1872 605 1115 1549 29 1640 705 20068 6 359 45091 46613 46760 4397 36704 1020 1215 1872 605 1115 1549 29 1640 705 20068 6 359 45091 46613 25616 4397 35524 2 1 1 1 1 1 1 1 1 1 1 1 1 1 1 1 1 1 1 1 1 1 1 1 1 1 1 1 1 1 1 1 1 1 1 1 1 1 1 1 1 1 1 1 1 1 1 1 1 1 1 1 1 1 1 1 1 1 1 1 1 1 1 1 1 1 1 1 1 1 1 1 1 1 1 1 1 1 1 1 1 1 1 1 1 1 1 1 1 1 1 1 1 1 1 1 1 1 1 1 1 1 1 1 1 1 1 1 1 1 1 1 1 1 1 1 1 1 1 1 1 1 1 1 1 1 1 1 1 1 1 1 1 1 1 1 1 1 1 1 1 1 1 1 1 1 1 1 1 1 1 1 1 1 1 1 1 1 1 1 1 1 1 1 1 1 1 1 1 1 1 1 1 1 1 1 1 1 1 1 1 1 1 1 1 1 1 1 1 1 1 1 1 1 1 1 1 1 1 1 1 1 1 1 1 1 1 1 1 1 1 1 1 1 1 1 1 1 1 1 1 1 1 1 1 1 1 1 1 1 1 1 1 1 1 1 1 1 1 1 1 1 1 1 1 1 1 1 1
08/23/2022 12:42:47 - INFO - __main__ -   *** Sample ***
08/23/2022 12:42:47 - INFO - __main__ -   Total sample
08/23/2022 12:42:47 - INFO - __main__ -   idx: 2
08/23/2022 12:42:47 - INFO - __main__ -   label: 0
08/23/2022 12:42:47 - INFO - __main__ -   input_tokens: ['<s>', 'void', '_mp', 'v', '_', 'dec', 'ode', '_', 'mb', '_', 'internal', '(', 'M', 'peg', 'Enc', 'Context', '_*', 's', ',', '_int', '16', '_', 't', '_block', '[', '12', '][', '64', '],', '_int', '_is', '_', 'mpeg', '12', ')', '_{', '_const', '_int', '_m', 'b', '_', 'xy', '_=', '_s', '->', 'mb', '_', 'y', '_*', '_s', '->', 'mb', '_', 'str', 'ide', '_+', '_s', '->', 'mb', '_', 'x', ';', '_#', 'if', '_FF', '_', 'API', '_', 'X', 'V', 'MC', '_FF', '_', 'DIS', 'ABLE', '_', 'DEP', 'REC', 'ATION', '_', 'WARNING', 'S', '_if', '(', 'CON', 'FIG', '_', 'MP', 'EG', '_', 'X', 'V', 'MC', '_', 'DEC', 'OD', 'ER', '_&&', '_s', '->', 'av', 'ctx', '->', 'x', 'vm', 'c', '_', 'ac', 'celer', 'ation', '){', '_ff', '_', 'x', 'vm', 'c', '_', 'dec', 'ode', '_', 'mb', '(', 's', ');', '//', 'x', 'vm', 'c', '_uses', '_p', 'blocks', '_return', ';', '_}', '_FF', '_', 'EN', 'ABLE', '_', 'DEP', 'REC', 'ATION', '_', 'WARNING', 'S', '_#', 'endif', '_/*', '_FF', '_', 'API', '_', 'X', 'V', 'MC', '_*/', '_if', '(', 's', '->', 'av', 'ctx', '->', 'debug', '&', 'FF', '_', 'DEBUG', '_', 'D', 'CT', '_', 'CO', 'EFF', ')', '_{', '_/*', '_print', '_D', 'CT', '_coefficients', '_*/', '_int', '_i', ',', 'j', ';', '_av', '_', 'log', '(', 's', '->', 'av', 'ctx', ',', '_AV', '_', 'LOG', '_', 'DEBUG', ',', '_"', 'D', 'CT', '_co', 'eff', 's', '_of', '_MB', '_at', '_%', 'dx', '%', 'd', ':\\', 'n', '",', '_s', '->', 'mb', '_', 'x', ',', '_s', '->', 'mb', '_', 'y', ');', '_for', '(', 'i', '=', '0', ';', '_i', '<', '6', ';', '_i', '++', '){', '_for', '(', 'j', '=', '0', ';', '_j', '<', '64', ';', '_j', '++', '){', '_av', '_', 'log', '(', 's', '->', 'av', 'ctx', ',', '_AV', '_', 'LOG', '_', 'DEBUG', ',', '_"%', '5', 'd', '",', '_block', '[', 'i', '][', 's', '->', 'ids', 'p', '.', 'id', 'ct', '_', 'perm', 'utation', '[', 'j', ']]', ');', '_}', '_av', '_', 'log', '(', 's', '->', 'av', 'ctx', ',', '_AV', '_', 'LOG', '_', 'DEBUG', ',', '_"\\', 'n', '");', '_}', '_}', '_s', '->', 'current', '_', 'picture', '.', 'q', 'scale', '_', 'table', '[', 'mb', '_', 'xy', ']', '_=', '_s', '->', 'q', 'scale', ';', '_/*', '_update', '_DC', '_predict', 'ors', '_for', '_P', '_macro', 'blocks', '_*/', '_if', '_(!', 's', '->', 'mb', '_', 'int', 'ra', ')', '_{', '_if', '_(!', 'is', '_', 'mpeg', '12', '_&&', '_(', 's', '->', 'h', '263', '_', 'pred', '_||', '_s', '->', 'h', '263', '_', 'aic', '))', '_{', '_if', '(', 's', '->', 'mb', 'int', 'ra', '_', 'table', '[', 'mb', '_', 'xy', '])', '_ff', '_', 'clean', '_', 'int', 'ra', '_', '</s>']
08/23/2022 12:42:47 - INFO - __main__ -   input_ids: 0 47908 44857 705 1215 11127 4636 1215 6648 1215 37559 1640 448 41191 45780 48522 1009 29 6 6979 1549 1215 90 1803 10975 1092 46386 4027 7479 6979 16 1215 49221 1092 43 25522 10759 6979 475 428 1215 32027 5457 579 46613 6648 1215 219 1009 579 46613 6648 1215 6031 1949 2055 579 46613 6648 1215 1178 131 849 1594 35960 1215 40104 1215 1000 846 6018 35960 1215 37056 13732 1215 41372 40698 6034 1215 46112 104 114 1640 15299 46741 1215 7629 7170 1215 1000 846 6018 1215 44579 7111 2076 48200 579 46613 1469 49575 46613 1178 38486 438 1215 1043 24608 1258 48512 48400 1215 1178 38486 438 1215 11127 4636 1215 6648 1640 29 4397 42326 1178 38486 438 2939 181 30963 671 131 35524 35960 1215 2796 13732 1215 41372 40698 6034 1215 46112 104 849 49741 48565 35960 1215 40104 1215 1000 846 6018 48404 114 1640 29 46613 1469 49575 46613 49208 947 7389 1215 49837 1215 495 7164 1215 6335 28991 43 25522 48565 5780 211 7164 48550 48404 6979 939 6 267 131 6402 1215 12376 1640 29 46613 1469 49575 6 17307 1215 45403 1215 49837 6 22 495 7164 1029 29678 29 9 17025 23 7606 46106 207 417 48347 282 1297 579 46613 6648 1215 1178 6 579 46613 6648 1215 219 4397 13 1640 118 5214 288 131 939 41552 401 131 939 42964 48512 13 1640 267 5214 288 131 1236 41552 4027 131 1236 42964 48512 6402 1215 12376 1640 29 46613 1469 49575 6 17307 1215 45403 1215 49837 6 49608 245 417 1297 1803 10975 118 46386 29 46613 7823 642 4 808 3894 1215 43983 31320 10975 267 48392 4397 35524 6402 1215 12376 1640 29 46613 1469 49575 6 17307 1215 45403 1215 49837 6 49761 282 45751 35524 35524 579 46613 28311 1215 37587 4 1343 8056 1215 14595 10975 6648 1215 32027 742 5457 579 46613 1343 8056 131 48565 2935 5815 7006 994 13 221 12303 30963 48404 114 48209 29 46613 6648 1215 2544 763 43 25522 114 48209 354 1215 49221 1092 48200 36 29 46613 298 29969 1215 37466 45056 579 46613 298 29969 1215 20620 35122 25522 114 1640 29 46613 6648 2544 763 1215 14595 10975 6648 1215 32027 45587 48400 1215 28401 1215 2544 763 1215 2
08/23/2022 12:42:47 - INFO - __main__ -   ***** Running training *****
08/23/2022 12:42:47 - INFO - __main__ -     Num examples = 228
08/23/2022 12:42:47 - INFO - __main__ -     Num Epochs = 100
08/23/2022 12:42:47 - INFO - __main__ -     Instantaneous batch size per GPU = 128
08/23/2022 12:42:47 - INFO - __main__ -     Total train batch size (w. parallel, distributed & accumulation) = 128
08/23/2022 12:42:47 - INFO - __main__ -     Gradient Accumulation steps = 1
08/23/2022 12:42:47 - INFO - __main__ -     Total optimization steps = 200
08/23/2022 12:42:50 - INFO - __main__ -   ***** Running evaluation *****
08/23/2022 12:42:50 - INFO - __main__ -     Num examples = 20
08/23/2022 12:42:50 - INFO - __main__ -     Batch size = 128
08/23/2022 12:42:50 - INFO - __main__ -     eval_loss = 0.7076
08/23/2022 12:42:50 - INFO - __main__ -     eval_acc = 0.25
08/23/2022 12:42:50 - INFO - __main__ -     ********************
08/23/2022 12:42:50 - INFO - __main__ -     Best acc:0.25
08/23/2022 12:42:50 - INFO - __main__ -     ********************
08/23/2022 12:42:51 - INFO - __main__ -   Saving model checkpoint to <ANONYMOUS>/<ANONYMOUS>/saved_models/regvd/RQB1/balanced_0.005/checkpoint-best-acc/model.bin
08/23/2022 12:42:51 - INFO - __main__ -   epoch 0 loss 0.69237
08/23/2022 12:42:53 - INFO - __main__ -   ***** Running evaluation *****
08/23/2022 12:42:53 - INFO - __main__ -     Num examples = 20
08/23/2022 12:42:53 - INFO - __main__ -     Batch size = 128
08/23/2022 12:42:54 - INFO - __main__ -     eval_loss = 0.7028
08/23/2022 12:42:54 - INFO - __main__ -     eval_acc = 0.25
08/23/2022 12:42:54 - INFO - __main__ -   epoch 1 loss 0.69256
08/23/2022 12:42:56 - INFO - __main__ -   ***** Running evaluation *****
08/23/2022 12:42:56 - INFO - __main__ -     Num examples = 20
08/23/2022 12:42:56 - INFO - __main__ -     Batch size = 128
08/23/2022 12:42:56 - INFO - __main__ -     eval_loss = 0.6948
08/23/2022 12:42:56 - INFO - __main__ -     eval_acc = 0.35
08/23/2022 12:42:56 - INFO - __main__ -     ********************
08/23/2022 12:42:56 - INFO - __main__ -     Best acc:0.35
08/23/2022 12:42:56 - INFO - __main__ -     ********************
08/23/2022 12:42:57 - INFO - __main__ -   Saving model checkpoint to <ANONYMOUS>/<ANONYMOUS>/saved_models/regvd/RQB1/balanced_0.005/checkpoint-best-acc/model.bin
08/23/2022 12:42:57 - INFO - __main__ -   epoch 2 loss 0.69108
08/23/2022 12:42:59 - INFO - __main__ -   ***** Running evaluation *****
08/23/2022 12:42:59 - INFO - __main__ -     Num examples = 20
08/23/2022 12:42:59 - INFO - __main__ -     Batch size = 128
08/23/2022 12:43:00 - INFO - __main__ -     eval_loss = 0.6857
08/23/2022 12:43:00 - INFO - __main__ -     eval_acc = 0.65
08/23/2022 12:43:00 - INFO - __main__ -     ********************
08/23/2022 12:43:00 - INFO - __main__ -     Best acc:0.65
08/23/2022 12:43:00 - INFO - __main__ -     ********************
08/23/2022 12:43:00 - INFO - __main__ -   Saving model checkpoint to <ANONYMOUS>/<ANONYMOUS>/saved_models/regvd/RQB1/balanced_0.005/checkpoint-best-acc/model.bin
08/23/2022 12:43:00 - INFO - __main__ -   epoch 3 loss 0.68959
08/23/2022 12:43:03 - INFO - __main__ -   ***** Running evaluation *****
08/23/2022 12:43:03 - INFO - __main__ -     Num examples = 20
08/23/2022 12:43:03 - INFO - __main__ -     Batch size = 128
08/23/2022 12:43:03 - INFO - __main__ -     eval_loss = 0.6756
08/23/2022 12:43:03 - INFO - __main__ -     eval_acc = 0.75
08/23/2022 12:43:03 - INFO - __main__ -     ********************
08/23/2022 12:43:03 - INFO - __main__ -     Best acc:0.75
08/23/2022 12:43:03 - INFO - __main__ -     ********************
08/23/2022 12:43:03 - INFO - __main__ -   Saving model checkpoint to <ANONYMOUS>/<ANONYMOUS>/saved_models/regvd/RQB1/balanced_0.005/checkpoint-best-acc/model.bin
08/23/2022 12:43:03 - INFO - __main__ -   epoch 4 loss 0.68881
08/23/2022 12:43:06 - INFO - __main__ -   ***** Running evaluation *****
08/23/2022 12:43:06 - INFO - __main__ -     Num examples = 20
08/23/2022 12:43:06 - INFO - __main__ -     Batch size = 128
08/23/2022 12:43:06 - INFO - __main__ -     eval_loss = 0.667
08/23/2022 12:43:06 - INFO - __main__ -     eval_acc = 0.75
08/23/2022 12:43:06 - INFO - __main__ -   epoch 5 loss 0.68698
08/23/2022 12:43:09 - INFO - __main__ -   ***** Running evaluation *****
08/23/2022 12:43:09 - INFO - __main__ -     Num examples = 20
08/23/2022 12:43:09 - INFO - __main__ -     Batch size = 128
08/23/2022 12:43:09 - INFO - __main__ -     eval_loss = 0.6603
08/23/2022 12:43:09 - INFO - __main__ -     eval_acc = 0.75
08/23/2022 12:43:09 - INFO - __main__ -   epoch 6 loss 0.68878
08/23/2022 12:43:11 - INFO - __main__ -   ***** Running evaluation *****
08/23/2022 12:43:11 - INFO - __main__ -     Num examples = 20
08/23/2022 12:43:11 - INFO - __main__ -     Batch size = 128
08/23/2022 12:43:12 - INFO - __main__ -     eval_loss = 0.6645
08/23/2022 12:43:12 - INFO - __main__ -     eval_acc = 0.75
08/23/2022 12:43:12 - INFO - __main__ -   epoch 7 loss 0.68379
08/23/2022 12:43:14 - INFO - __main__ -   ***** Running evaluation *****
08/23/2022 12:43:14 - INFO - __main__ -     Num examples = 20
08/23/2022 12:43:14 - INFO - __main__ -     Batch size = 128
08/23/2022 12:43:15 - INFO - __main__ -     eval_loss = 0.6756
08/23/2022 12:43:15 - INFO - __main__ -     eval_acc = 0.75
08/23/2022 12:43:15 - INFO - __main__ -   epoch 8 loss 0.68103
08/23/2022 12:43:17 - INFO - __main__ -   ***** Running evaluation *****
08/23/2022 12:43:17 - INFO - __main__ -     Num examples = 20
08/23/2022 12:43:17 - INFO - __main__ -     Batch size = 128
08/23/2022 12:43:18 - INFO - __main__ -     eval_loss = 0.6837
08/23/2022 12:43:18 - INFO - __main__ -     eval_acc = 0.6
08/23/2022 12:43:18 - INFO - __main__ -   epoch 9 loss 0.67683
08/23/2022 12:43:20 - INFO - __main__ -   ***** Running evaluation *****
08/23/2022 12:43:20 - INFO - __main__ -     Num examples = 20
08/23/2022 12:43:20 - INFO - __main__ -     Batch size = 128
08/23/2022 12:43:20 - INFO - __main__ -     eval_loss = 0.698
08/23/2022 12:43:20 - INFO - __main__ -     eval_acc = 0.55
08/23/2022 12:43:20 - INFO - __main__ -   epoch 10 loss 0.67171
08/23/2022 12:43:23 - INFO - __main__ -   ***** Running evaluation *****
08/23/2022 12:43:23 - INFO - __main__ -     Num examples = 20
08/23/2022 12:43:23 - INFO - __main__ -     Batch size = 128
08/23/2022 12:43:23 - INFO - __main__ -     eval_loss = 0.6983
08/23/2022 12:43:23 - INFO - __main__ -     eval_acc = 0.65
08/23/2022 12:43:23 - INFO - __main__ -   epoch 11 loss 0.66229
08/23/2022 12:43:25 - INFO - __main__ -   ***** Running evaluation *****
08/23/2022 12:43:25 - INFO - __main__ -     Num examples = 20
08/23/2022 12:43:25 - INFO - __main__ -     Batch size = 128
08/23/2022 12:43:26 - INFO - __main__ -     eval_loss = 0.7489
08/23/2022 12:43:26 - INFO - __main__ -     eval_acc = 0.45
08/23/2022 12:43:26 - INFO - __main__ -   epoch 12 loss 0.64308
08/23/2022 12:43:28 - INFO - __main__ -   ***** Running evaluation *****
08/23/2022 12:43:28 - INFO - __main__ -     Num examples = 20
08/23/2022 12:43:28 - INFO - __main__ -     Batch size = 128
08/23/2022 12:43:29 - INFO - __main__ -     eval_loss = 0.7035
08/23/2022 12:43:29 - INFO - __main__ -     eval_acc = 0.7
08/23/2022 12:43:29 - INFO - __main__ -   epoch 13 loss 0.62826
08/23/2022 12:43:31 - INFO - __main__ -   ***** Running evaluation *****
08/23/2022 12:43:31 - INFO - __main__ -     Num examples = 20
08/23/2022 12:43:31 - INFO - __main__ -     Batch size = 128
08/23/2022 12:43:31 - INFO - __main__ -     eval_loss = 0.6774
08/23/2022 12:43:31 - INFO - __main__ -     eval_acc = 0.7
08/23/2022 12:43:31 - INFO - __main__ -   epoch 14 loss 0.69789
08/23/2022 12:43:34 - INFO - __main__ -   ***** Running evaluation *****
08/23/2022 12:43:34 - INFO - __main__ -     Num examples = 20
08/23/2022 12:43:34 - INFO - __main__ -     Batch size = 128
08/23/2022 12:43:34 - INFO - __main__ -     eval_loss = 1.0206
08/23/2022 12:43:34 - INFO - __main__ -     eval_acc = 0.15
08/23/2022 12:43:34 - INFO - __main__ -   epoch 15 loss 0.61944
08/23/2022 12:43:37 - INFO - __main__ -   ***** Running evaluation *****
08/23/2022 12:43:37 - INFO - __main__ -     Num examples = 20
08/23/2022 12:43:37 - INFO - __main__ -     Batch size = 128
08/23/2022 12:43:37 - INFO - __main__ -     eval_loss = 1.0596
08/23/2022 12:43:37 - INFO - __main__ -     eval_acc = 0.15
08/23/2022 12:43:37 - INFO - __main__ -   epoch 16 loss 0.66296
08/23/2022 12:43:40 - INFO - __main__ -   ***** Running evaluation *****
08/23/2022 12:43:40 - INFO - __main__ -     Num examples = 20
08/23/2022 12:43:40 - INFO - __main__ -     Batch size = 128
08/23/2022 12:43:40 - INFO - __main__ -     eval_loss = 0.7218
08/23/2022 12:43:40 - INFO - __main__ -     eval_acc = 0.7
08/23/2022 12:43:40 - INFO - __main__ -   epoch 17 loss 0.6012
08/23/2022 12:43:42 - INFO - __main__ -   ***** Running evaluation *****
08/23/2022 12:43:42 - INFO - __main__ -     Num examples = 20
08/23/2022 12:43:42 - INFO - __main__ -     Batch size = 128
08/23/2022 12:43:43 - INFO - __main__ -     eval_loss = 0.734
08/23/2022 12:43:43 - INFO - __main__ -     eval_acc = 0.65
08/23/2022 12:43:43 - INFO - __main__ -   epoch 18 loss 0.57932
08/23/2022 12:43:45 - INFO - __main__ -   ***** Running evaluation *****
08/23/2022 12:43:45 - INFO - __main__ -     Num examples = 20
08/23/2022 12:43:45 - INFO - __main__ -     Batch size = 128
08/23/2022 12:43:46 - INFO - __main__ -     eval_loss = 0.9913
08/23/2022 12:43:46 - INFO - __main__ -     eval_acc = 0.3
08/23/2022 12:43:46 - INFO - __main__ -   epoch 19 loss 0.53486
08/23/2022 12:43:48 - INFO - __main__ -   ***** Running evaluation *****
08/23/2022 12:43:48 - INFO - __main__ -     Num examples = 20
08/23/2022 12:43:48 - INFO - __main__ -     Batch size = 128
08/23/2022 12:43:49 - INFO - __main__ -     eval_loss = 0.9464
08/23/2022 12:43:49 - INFO - __main__ -     eval_acc = 0.3
08/23/2022 12:43:49 - INFO - __main__ -   epoch 20 loss 0.56244
08/23/2022 12:43:51 - INFO - __main__ -   ***** Running evaluation *****
08/23/2022 12:43:51 - INFO - __main__ -     Num examples = 20
08/23/2022 12:43:51 - INFO - __main__ -     Batch size = 128
08/23/2022 12:43:51 - INFO - __main__ -     eval_loss = 0.782
08/23/2022 12:43:51 - INFO - __main__ -     eval_acc = 0.65
08/23/2022 12:43:51 - INFO - __main__ -   epoch 21 loss 0.49771
08/23/2022 12:43:54 - INFO - __main__ -   ***** Running evaluation *****
08/23/2022 12:43:54 - INFO - __main__ -     Num examples = 20
08/23/2022 12:43:54 - INFO - __main__ -     Batch size = 128
08/23/2022 12:43:54 - INFO - __main__ -     eval_loss = 0.8276
08/23/2022 12:43:54 - INFO - __main__ -     eval_acc = 0.55
08/23/2022 12:43:54 - INFO - __main__ -   epoch 22 loss 0.52889
08/23/2022 12:43:57 - INFO - __main__ -   ***** Running evaluation *****
08/23/2022 12:43:57 - INFO - __main__ -     Num examples = 20
08/23/2022 12:43:57 - INFO - __main__ -     Batch size = 128
08/23/2022 12:43:57 - INFO - __main__ -     eval_loss = 1.1596
08/23/2022 12:43:57 - INFO - __main__ -     eval_acc = 0.3
08/23/2022 12:43:57 - INFO - __main__ -   epoch 23 loss 0.45385
08/23/2022 12:43:59 - INFO - __main__ -   ***** Running evaluation *****
08/23/2022 12:43:59 - INFO - __main__ -     Num examples = 20
08/23/2022 12:43:59 - INFO - __main__ -     Batch size = 128
08/23/2022 12:44:00 - INFO - __main__ -     eval_loss = 0.9331
08/23/2022 12:44:00 - INFO - __main__ -     eval_acc = 0.55
08/23/2022 12:44:00 - INFO - __main__ -   epoch 24 loss 0.48923
08/23/2022 12:44:02 - INFO - __main__ -   ***** Running evaluation *****
08/23/2022 12:44:02 - INFO - __main__ -     Num examples = 20
08/23/2022 12:44:02 - INFO - __main__ -     Batch size = 128
08/23/2022 12:44:03 - INFO - __main__ -     eval_loss = 0.8985
08/23/2022 12:44:03 - INFO - __main__ -     eval_acc = 0.7
08/23/2022 12:44:03 - INFO - __main__ -   epoch 25 loss 0.43879
08/23/2022 12:44:05 - INFO - __main__ -   ***** Running evaluation *****
08/23/2022 12:44:05 - INFO - __main__ -     Num examples = 20
08/23/2022 12:44:05 - INFO - __main__ -     Batch size = 128
08/23/2022 12:44:06 - INFO - __main__ -     eval_loss = 1.0355
08/23/2022 12:44:06 - INFO - __main__ -     eval_acc = 0.5
08/23/2022 12:44:06 - INFO - __main__ -   epoch 26 loss 0.48524
08/23/2022 12:44:08 - INFO - __main__ -   ***** Running evaluation *****
08/23/2022 12:44:08 - INFO - __main__ -     Num examples = 20
08/23/2022 12:44:08 - INFO - __main__ -     Batch size = 128
08/23/2022 12:44:08 - INFO - __main__ -     eval_loss = 1.0692
08/23/2022 12:44:08 - INFO - __main__ -     eval_acc = 0.55
08/23/2022 12:44:08 - INFO - __main__ -   epoch 27 loss 0.37525
08/23/2022 12:44:11 - INFO - __main__ -   ***** Running evaluation *****
08/23/2022 12:44:11 - INFO - __main__ -     Num examples = 20
08/23/2022 12:44:11 - INFO - __main__ -     Batch size = 128
08/23/2022 12:44:11 - INFO - __main__ -     eval_loss = 0.9983
08/23/2022 12:44:11 - INFO - __main__ -     eval_acc = 0.55
08/23/2022 12:44:11 - INFO - __main__ -   epoch 28 loss 0.35045
08/23/2022 12:44:14 - INFO - __main__ -   ***** Running evaluation *****
08/23/2022 12:44:14 - INFO - __main__ -     Num examples = 20
08/23/2022 12:44:14 - INFO - __main__ -     Batch size = 128
08/23/2022 12:44:14 - INFO - __main__ -     eval_loss = 1.1187
08/23/2022 12:44:14 - INFO - __main__ -     eval_acc = 0.5
08/23/2022 12:44:14 - INFO - __main__ -   epoch 29 loss 0.35921
08/23/2022 12:44:16 - INFO - __main__ -   ***** Running evaluation *****
08/23/2022 12:44:16 - INFO - __main__ -     Num examples = 20
08/23/2022 12:44:16 - INFO - __main__ -     Batch size = 128
08/23/2022 12:44:17 - INFO - __main__ -     eval_loss = 1.3252
08/23/2022 12:44:17 - INFO - __main__ -     eval_acc = 0.5
08/23/2022 12:44:17 - INFO - __main__ -   epoch 30 loss 0.28878
08/23/2022 12:44:19 - INFO - __main__ -   ***** Running evaluation *****
08/23/2022 12:44:19 - INFO - __main__ -     Num examples = 20
08/23/2022 12:44:19 - INFO - __main__ -     Batch size = 128
08/23/2022 12:44:20 - INFO - __main__ -     eval_loss = 1.1348
08/23/2022 12:44:20 - INFO - __main__ -     eval_acc = 0.65
08/23/2022 12:44:20 - INFO - __main__ -   epoch 31 loss 0.29832
08/23/2022 12:44:22 - INFO - __main__ -   ***** Running evaluation *****
08/23/2022 12:44:22 - INFO - __main__ -     Num examples = 20
08/23/2022 12:44:22 - INFO - __main__ -     Batch size = 128
08/23/2022 12:44:23 - INFO - __main__ -     eval_loss = 1.2642
08/23/2022 12:44:23 - INFO - __main__ -     eval_acc = 0.5
08/23/2022 12:44:23 - INFO - __main__ -   epoch 32 loss 0.30674
08/23/2022 12:44:25 - INFO - __main__ -   ***** Running evaluation *****
08/23/2022 12:44:25 - INFO - __main__ -     Num examples = 20
08/23/2022 12:44:25 - INFO - __main__ -     Batch size = 128
08/23/2022 12:44:26 - INFO - __main__ -     eval_loss = 2.2198
08/23/2022 12:44:26 - INFO - __main__ -     eval_acc = 0.3
08/23/2022 12:44:26 - INFO - __main__ -   epoch 33 loss 0.27927
08/23/2022 12:44:28 - INFO - __main__ -   ***** Running evaluation *****
08/23/2022 12:44:28 - INFO - __main__ -     Num examples = 20
08/23/2022 12:44:28 - INFO - __main__ -     Batch size = 128
08/23/2022 12:44:28 - INFO - __main__ -     eval_loss = 1.3358
08/23/2022 12:44:28 - INFO - __main__ -     eval_acc = 0.55
08/23/2022 12:44:28 - INFO - __main__ -   epoch 34 loss 0.34107
08/23/2022 12:44:31 - INFO - __main__ -   ***** Running evaluation *****
08/23/2022 12:44:31 - INFO - __main__ -     Num examples = 20
08/23/2022 12:44:31 - INFO - __main__ -     Batch size = 128
08/23/2022 12:44:31 - INFO - __main__ -     eval_loss = 1.3961
08/23/2022 12:44:31 - INFO - __main__ -     eval_acc = 0.6
08/23/2022 12:44:31 - INFO - __main__ -   epoch 35 loss 0.20515
08/23/2022 12:44:33 - INFO - __main__ -   ***** Running evaluation *****
08/23/2022 12:44:33 - INFO - __main__ -     Num examples = 20
08/23/2022 12:44:33 - INFO - __main__ -     Batch size = 128
08/23/2022 12:44:34 - INFO - __main__ -     eval_loss = 2.3451
08/23/2022 12:44:34 - INFO - __main__ -     eval_acc = 0.3
08/23/2022 12:44:34 - INFO - __main__ -   epoch 36 loss 0.23461
08/23/2022 12:44:36 - INFO - __main__ -   ***** Running evaluation *****
08/23/2022 12:44:36 - INFO - __main__ -     Num examples = 20
08/23/2022 12:44:36 - INFO - __main__ -     Batch size = 128
08/23/2022 12:44:37 - INFO - __main__ -     eval_loss = 1.3905
08/23/2022 12:44:37 - INFO - __main__ -     eval_acc = 0.6
08/23/2022 12:44:37 - INFO - __main__ -   epoch 37 loss 0.27812
08/23/2022 12:44:39 - INFO - __main__ -   ***** Running evaluation *****
08/23/2022 12:44:39 - INFO - __main__ -     Num examples = 20
08/23/2022 12:44:39 - INFO - __main__ -     Batch size = 128
08/23/2022 12:44:40 - INFO - __main__ -     eval_loss = 1.4332
08/23/2022 12:44:40 - INFO - __main__ -     eval_acc = 0.55
08/23/2022 12:44:40 - INFO - __main__ -   epoch 38 loss 0.22359
08/23/2022 12:44:42 - INFO - __main__ -   ***** Running evaluation *****
08/23/2022 12:44:42 - INFO - __main__ -     Num examples = 20
08/23/2022 12:44:42 - INFO - __main__ -     Batch size = 128
08/23/2022 12:44:42 - INFO - __main__ -     eval_loss = 2.3318
08/23/2022 12:44:42 - INFO - __main__ -     eval_acc = 0.35
08/23/2022 12:44:42 - INFO - __main__ -   epoch 39 loss 0.176
08/23/2022 12:44:45 - INFO - __main__ -   ***** Running evaluation *****
08/23/2022 12:44:45 - INFO - __main__ -     Num examples = 20
08/23/2022 12:44:45 - INFO - __main__ -     Batch size = 128
08/23/2022 12:44:45 - INFO - __main__ -     eval_loss = 1.4274
08/23/2022 12:44:45 - INFO - __main__ -     eval_acc = 0.6
08/23/2022 12:44:45 - INFO - __main__ -   epoch 40 loss 0.18116
08/23/2022 12:44:48 - INFO - __main__ -   ***** Running evaluation *****
08/23/2022 12:44:48 - INFO - __main__ -     Num examples = 20
08/23/2022 12:44:48 - INFO - __main__ -     Batch size = 128
08/23/2022 12:44:48 - INFO - __main__ -     eval_loss = 1.4852
08/23/2022 12:44:48 - INFO - __main__ -     eval_acc = 0.55
08/23/2022 12:44:48 - INFO - __main__ -   epoch 41 loss 0.19005
08/23/2022 12:44:50 - INFO - __main__ -   ***** Running evaluation *****
08/23/2022 12:44:50 - INFO - __main__ -     Num examples = 20
08/23/2022 12:44:50 - INFO - __main__ -     Batch size = 128
08/23/2022 12:44:51 - INFO - __main__ -     eval_loss = 2.3907
08/23/2022 12:44:51 - INFO - __main__ -     eval_acc = 0.35
08/23/2022 12:44:51 - INFO - __main__ -   epoch 42 loss 0.1503
08/23/2022 12:44:53 - INFO - __main__ -   ***** Running evaluation *****
08/23/2022 12:44:53 - INFO - __main__ -     Num examples = 20
08/23/2022 12:44:53 - INFO - __main__ -     Batch size = 128
08/23/2022 12:44:54 - INFO - __main__ -     eval_loss = 1.4935
08/23/2022 12:44:54 - INFO - __main__ -     eval_acc = 0.55
08/23/2022 12:44:54 - INFO - __main__ -   epoch 43 loss 0.15417
08/23/2022 12:44:56 - INFO - __main__ -   ***** Running evaluation *****
08/23/2022 12:44:56 - INFO - __main__ -     Num examples = 20
08/23/2022 12:44:56 - INFO - __main__ -     Batch size = 128
08/23/2022 12:44:56 - INFO - __main__ -     eval_loss = 1.5623
08/23/2022 12:44:56 - INFO - __main__ -     eval_acc = 0.5
08/23/2022 12:44:56 - INFO - __main__ -   epoch 44 loss 0.13998
08/23/2022 12:44:59 - INFO - __main__ -   ***** Running evaluation *****
08/23/2022 12:44:59 - INFO - __main__ -     Num examples = 20
08/23/2022 12:44:59 - INFO - __main__ -     Batch size = 128
08/23/2022 12:44:59 - INFO - __main__ -     eval_loss = 2.4912
08/23/2022 12:44:59 - INFO - __main__ -     eval_acc = 0.35
08/23/2022 12:44:59 - INFO - __main__ -   epoch 45 loss 0.11498
08/23/2022 12:45:02 - INFO - __main__ -   ***** Running evaluation *****
08/23/2022 12:45:02 - INFO - __main__ -     Num examples = 20
08/23/2022 12:45:02 - INFO - __main__ -     Batch size = 128
08/23/2022 12:45:02 - INFO - __main__ -     eval_loss = 1.5972
08/23/2022 12:45:02 - INFO - __main__ -     eval_acc = 0.55
08/23/2022 12:45:02 - INFO - __main__ -   epoch 46 loss 0.12429
08/23/2022 12:45:05 - INFO - __main__ -   ***** Running evaluation *****
08/23/2022 12:45:05 - INFO - __main__ -     Num examples = 20
08/23/2022 12:45:05 - INFO - __main__ -     Batch size = 128
08/23/2022 12:45:05 - INFO - __main__ -     eval_loss = 1.6814
08/23/2022 12:45:05 - INFO - __main__ -     eval_acc = 0.5
08/23/2022 12:45:05 - INFO - __main__ -   epoch 47 loss 0.13325
08/23/2022 12:45:07 - INFO - __main__ -   ***** Running evaluation *****
08/23/2022 12:45:07 - INFO - __main__ -     Num examples = 20
08/23/2022 12:45:07 - INFO - __main__ -     Batch size = 128
08/23/2022 12:45:08 - INFO - __main__ -     eval_loss = 2.7029
08/23/2022 12:45:08 - INFO - __main__ -     eval_acc = 0.35
08/23/2022 12:45:08 - INFO - __main__ -   epoch 48 loss 0.10468
08/23/2022 12:45:10 - INFO - __main__ -   ***** Running evaluation *****
08/23/2022 12:45:10 - INFO - __main__ -     Num examples = 20
08/23/2022 12:45:10 - INFO - __main__ -     Batch size = 128
08/23/2022 12:45:11 - INFO - __main__ -     eval_loss = 1.6986
08/23/2022 12:45:11 - INFO - __main__ -     eval_acc = 0.45
08/23/2022 12:45:11 - INFO - __main__ -   epoch 49 loss 0.12036
08/23/2022 12:45:13 - INFO - __main__ -   ***** Running evaluation *****
08/23/2022 12:45:13 - INFO - __main__ -     Num examples = 20
08/23/2022 12:45:13 - INFO - __main__ -     Batch size = 128
08/23/2022 12:45:14 - INFO - __main__ -     eval_loss = 1.8704
08/23/2022 12:45:14 - INFO - __main__ -     eval_acc = 0.4
08/23/2022 12:45:14 - INFO - __main__ -   epoch 50 loss 0.11432
08/23/2022 12:45:16 - INFO - __main__ -   ***** Running evaluation *****
08/23/2022 12:45:16 - INFO - __main__ -     Num examples = 20
08/23/2022 12:45:16 - INFO - __main__ -     Batch size = 128
08/23/2022 12:45:16 - INFO - __main__ -     eval_loss = 3.0531
08/23/2022 12:45:16 - INFO - __main__ -     eval_acc = 0.35
08/23/2022 12:45:16 - INFO - __main__ -   epoch 51 loss 0.11243
08/23/2022 12:45:19 - INFO - __main__ -   ***** Running evaluation *****
08/23/2022 12:45:19 - INFO - __main__ -     Num examples = 20
08/23/2022 12:45:19 - INFO - __main__ -     Batch size = 128
08/23/2022 12:45:19 - INFO - __main__ -     eval_loss = 1.8997
08/23/2022 12:45:19 - INFO - __main__ -     eval_acc = 0.45
08/23/2022 12:45:19 - INFO - __main__ -   epoch 52 loss 0.10495
08/23/2022 12:45:21 - INFO - __main__ -   ***** Running evaluation *****
08/23/2022 12:45:21 - INFO - __main__ -     Num examples = 20
08/23/2022 12:45:21 - INFO - __main__ -     Batch size = 128
08/23/2022 12:45:22 - INFO - __main__ -     eval_loss = 2.022
08/23/2022 12:45:22 - INFO - __main__ -     eval_acc = 0.4
08/23/2022 12:45:22 - INFO - __main__ -   epoch 53 loss 0.08117
08/23/2022 12:45:24 - INFO - __main__ -   ***** Running evaluation *****
08/23/2022 12:45:24 - INFO - __main__ -     Num examples = 20
08/23/2022 12:45:24 - INFO - __main__ -     Batch size = 128
08/23/2022 12:45:25 - INFO - __main__ -     eval_loss = 3.0907
08/23/2022 12:45:25 - INFO - __main__ -     eval_acc = 0.4
08/23/2022 12:45:25 - INFO - __main__ -   epoch 54 loss 0.08817
08/23/2022 12:45:27 - INFO - __main__ -   ***** Running evaluation *****
08/23/2022 12:45:27 - INFO - __main__ -     Num examples = 20
08/23/2022 12:45:27 - INFO - __main__ -     Batch size = 128
08/23/2022 12:45:28 - INFO - __main__ -     eval_loss = 1.9922
08/23/2022 12:45:28 - INFO - __main__ -     eval_acc = 0.4
08/23/2022 12:45:28 - INFO - __main__ -   epoch 55 loss 0.08727
08/23/2022 12:45:30 - INFO - __main__ -   ***** Running evaluation *****
08/23/2022 12:45:30 - INFO - __main__ -     Num examples = 20
08/23/2022 12:45:30 - INFO - __main__ -     Batch size = 128
08/23/2022 12:45:30 - INFO - __main__ -     eval_loss = 1.8877
08/23/2022 12:45:30 - INFO - __main__ -     eval_acc = 0.55
08/23/2022 12:45:30 - INFO - __main__ -   epoch 56 loss 0.06991
08/23/2022 12:45:33 - INFO - __main__ -   ***** Running evaluation *****
08/23/2022 12:45:33 - INFO - __main__ -     Num examples = 20
08/23/2022 12:45:33 - INFO - __main__ -     Batch size = 128
08/23/2022 12:45:33 - INFO - __main__ -     eval_loss = 2.6261
08/23/2022 12:45:33 - INFO - __main__ -     eval_acc = 0.35
08/23/2022 12:45:33 - INFO - __main__ -   epoch 57 loss 0.07039
08/23/2022 12:45:36 - INFO - __main__ -   ***** Running evaluation *****
08/23/2022 12:45:36 - INFO - __main__ -     Num examples = 20
08/23/2022 12:45:36 - INFO - __main__ -     Batch size = 128
08/23/2022 12:45:36 - INFO - __main__ -     eval_loss = 2.7147
08/23/2022 12:45:36 - INFO - __main__ -     eval_acc = 0.4
08/23/2022 12:45:36 - INFO - __main__ -   epoch 58 loss 0.09196
08/23/2022 12:45:38 - INFO - __main__ -   ***** Running evaluation *****
08/23/2022 12:45:38 - INFO - __main__ -     Num examples = 20
08/23/2022 12:45:38 - INFO - __main__ -     Batch size = 128
08/23/2022 12:45:39 - INFO - __main__ -     eval_loss = 2.2318
08/23/2022 12:45:39 - INFO - __main__ -     eval_acc = 0.4
08/23/2022 12:45:39 - INFO - __main__ -   epoch 59 loss 0.07331
08/23/2022 12:45:41 - INFO - __main__ -   ***** Running evaluation *****
08/23/2022 12:45:41 - INFO - __main__ -     Num examples = 20
08/23/2022 12:45:41 - INFO - __main__ -     Batch size = 128
08/23/2022 12:45:42 - INFO - __main__ -     eval_loss = 2.5206
08/23/2022 12:45:42 - INFO - __main__ -     eval_acc = 0.45
08/23/2022 12:45:42 - INFO - __main__ -   epoch 60 loss 0.05167
08/23/2022 12:45:44 - INFO - __main__ -   ***** Running evaluation *****
08/23/2022 12:45:44 - INFO - __main__ -     Num examples = 20
08/23/2022 12:45:44 - INFO - __main__ -     Batch size = 128
08/23/2022 12:45:45 - INFO - __main__ -     eval_loss = 2.9382
08/23/2022 12:45:45 - INFO - __main__ -     eval_acc = 0.35
08/23/2022 12:45:45 - INFO - __main__ -   epoch 61 loss 0.05063
08/23/2022 12:45:47 - INFO - __main__ -   ***** Running evaluation *****
08/23/2022 12:45:47 - INFO - __main__ -     Num examples = 20
08/23/2022 12:45:47 - INFO - __main__ -     Batch size = 128
08/23/2022 12:45:47 - INFO - __main__ -     eval_loss = 2.715
08/23/2022 12:45:47 - INFO - __main__ -     eval_acc = 0.45
08/23/2022 12:45:47 - INFO - __main__ -   epoch 62 loss 0.07756
08/23/2022 12:45:50 - INFO - __main__ -   ***** Running evaluation *****
08/23/2022 12:45:50 - INFO - __main__ -     Num examples = 20
08/23/2022 12:45:50 - INFO - __main__ -     Batch size = 128
08/23/2022 12:45:50 - INFO - __main__ -     eval_loss = 2.0322
08/23/2022 12:45:50 - INFO - __main__ -     eval_acc = 0.6
08/23/2022 12:45:50 - INFO - __main__ -   epoch 63 loss 0.05253
08/23/2022 12:45:53 - INFO - __main__ -   ***** Running evaluation *****
08/23/2022 12:45:53 - INFO - __main__ -     Num examples = 20
08/23/2022 12:45:53 - INFO - __main__ -     Batch size = 128
08/23/2022 12:45:53 - INFO - __main__ -     eval_loss = 2.6364
08/23/2022 12:45:53 - INFO - __main__ -     eval_acc = 0.4
08/23/2022 12:45:53 - INFO - __main__ -   epoch 64 loss 0.06068
08/23/2022 12:45:55 - INFO - __main__ -   ***** Running evaluation *****
08/23/2022 12:45:55 - INFO - __main__ -     Num examples = 20
08/23/2022 12:45:55 - INFO - __main__ -     Batch size = 128
08/23/2022 12:45:56 - INFO - __main__ -     eval_loss = 3.3014
08/23/2022 12:45:56 - INFO - __main__ -     eval_acc = 0.4
08/23/2022 12:45:56 - INFO - __main__ -   epoch 65 loss 0.03293
08/23/2022 12:45:58 - INFO - __main__ -   ***** Running evaluation *****
08/23/2022 12:45:58 - INFO - __main__ -     Num examples = 20
08/23/2022 12:45:58 - INFO - __main__ -     Batch size = 128
08/23/2022 12:45:59 - INFO - __main__ -     eval_loss = 2.0783
08/23/2022 12:45:59 - INFO - __main__ -     eval_acc = 0.55
08/23/2022 12:45:59 - INFO - __main__ -   epoch 66 loss 0.04381
08/23/2022 12:46:01 - INFO - __main__ -   ***** Running evaluation *****
08/23/2022 12:46:01 - INFO - __main__ -     Num examples = 20
08/23/2022 12:46:01 - INFO - __main__ -     Batch size = 128
08/23/2022 12:46:01 - INFO - __main__ -     eval_loss = 2.0411
08/23/2022 12:46:01 - INFO - __main__ -     eval_acc = 0.55
08/23/2022 12:46:01 - INFO - __main__ -   epoch 67 loss 0.07042
08/23/2022 12:46:04 - INFO - __main__ -   ***** Running evaluation *****
08/23/2022 12:46:04 - INFO - __main__ -     Num examples = 20
08/23/2022 12:46:04 - INFO - __main__ -     Batch size = 128
08/23/2022 12:46:04 - INFO - __main__ -     eval_loss = 2.8943
08/23/2022 12:46:04 - INFO - __main__ -     eval_acc = 0.4
08/23/2022 12:46:04 - INFO - __main__ -   epoch 68 loss 0.03227
08/23/2022 12:46:07 - INFO - __main__ -   ***** Running evaluation *****
08/23/2022 12:46:07 - INFO - __main__ -     Num examples = 20
08/23/2022 12:46:07 - INFO - __main__ -     Batch size = 128
08/23/2022 12:46:07 - INFO - __main__ -     eval_loss = 3.2118
08/23/2022 12:46:07 - INFO - __main__ -     eval_acc = 0.4
08/23/2022 12:46:07 - INFO - __main__ -   epoch 69 loss 0.04709
08/23/2022 12:46:09 - INFO - __main__ -   ***** Running evaluation *****
08/23/2022 12:46:09 - INFO - __main__ -     Num examples = 20
08/23/2022 12:46:09 - INFO - __main__ -     Batch size = 128
08/23/2022 12:46:10 - INFO - __main__ -     eval_loss = 2.0906
08/23/2022 12:46:10 - INFO - __main__ -     eval_acc = 0.55
08/23/2022 12:46:10 - INFO - __main__ -   epoch 70 loss 0.05961
08/23/2022 12:46:12 - INFO - __main__ -   ***** Running evaluation *****
08/23/2022 12:46:12 - INFO - __main__ -     Num examples = 20
08/23/2022 12:46:12 - INFO - __main__ -     Batch size = 128
08/23/2022 12:46:13 - INFO - __main__ -     eval_loss = 2.0657
08/23/2022 12:46:13 - INFO - __main__ -     eval_acc = 0.6
08/23/2022 12:46:13 - INFO - __main__ -   epoch 71 loss 0.09031
08/23/2022 12:46:15 - INFO - __main__ -   ***** Running evaluation *****
08/23/2022 12:46:15 - INFO - __main__ -     Num examples = 20
08/23/2022 12:46:15 - INFO - __main__ -     Batch size = 128
08/23/2022 12:46:15 - INFO - __main__ -     eval_loss = 3.0841
08/23/2022 12:46:15 - INFO - __main__ -     eval_acc = 0.4
08/23/2022 12:46:15 - INFO - __main__ -   epoch 72 loss 0.0626
08/23/2022 12:46:18 - INFO - __main__ -   ***** Running evaluation *****
08/23/2022 12:46:18 - INFO - __main__ -     Num examples = 20
08/23/2022 12:46:18 - INFO - __main__ -     Batch size = 128
08/23/2022 12:46:18 - INFO - __main__ -     eval_loss = 3.5942
08/23/2022 12:46:18 - INFO - __main__ -     eval_acc = 0.4
08/23/2022 12:46:18 - INFO - __main__ -   epoch 73 loss 0.0344
08/23/2022 12:46:21 - INFO - __main__ -   ***** Running evaluation *****
08/23/2022 12:46:21 - INFO - __main__ -     Num examples = 20
08/23/2022 12:46:21 - INFO - __main__ -     Batch size = 128
08/23/2022 12:46:21 - INFO - __main__ -     eval_loss = 3.1625
08/23/2022 12:46:21 - INFO - __main__ -     eval_acc = 0.4
08/23/2022 12:46:21 - INFO - __main__ -   epoch 74 loss 0.05416
08/23/2022 12:46:23 - INFO - __main__ -   ***** Running evaluation *****
08/23/2022 12:46:23 - INFO - __main__ -     Num examples = 20
08/23/2022 12:46:23 - INFO - __main__ -     Batch size = 128
08/23/2022 12:46:24 - INFO - __main__ -     eval_loss = 2.7586
08/23/2022 12:46:24 - INFO - __main__ -     eval_acc = 0.35
08/23/2022 12:46:24 - INFO - __main__ -   epoch 75 loss 0.0293
08/23/2022 12:46:26 - INFO - __main__ -   ***** Running evaluation *****
08/23/2022 12:46:26 - INFO - __main__ -     Num examples = 20
08/23/2022 12:46:26 - INFO - __main__ -     Batch size = 128
08/23/2022 12:46:27 - INFO - __main__ -     eval_loss = 2.8834
08/23/2022 12:46:27 - INFO - __main__ -     eval_acc = 0.35
08/23/2022 12:46:27 - INFO - __main__ -   epoch 76 loss 0.04662
08/23/2022 12:46:29 - INFO - __main__ -   ***** Running evaluation *****
08/23/2022 12:46:29 - INFO - __main__ -     Num examples = 20
08/23/2022 12:46:29 - INFO - __main__ -     Batch size = 128
08/23/2022 12:46:30 - INFO - __main__ -     eval_loss = 2.7925
08/23/2022 12:46:30 - INFO - __main__ -     eval_acc = 0.35
08/23/2022 12:46:30 - INFO - __main__ -   epoch 77 loss 0.02724
08/23/2022 12:46:32 - INFO - __main__ -   ***** Running evaluation *****
08/23/2022 12:46:32 - INFO - __main__ -     Num examples = 20
08/23/2022 12:46:32 - INFO - __main__ -     Batch size = 128
08/23/2022 12:46:32 - INFO - __main__ -     eval_loss = 3.2244
08/23/2022 12:46:32 - INFO - __main__ -     eval_acc = 0.35
08/23/2022 12:46:32 - INFO - __main__ -   epoch 78 loss 0.02636
08/23/2022 12:46:35 - INFO - __main__ -   ***** Running evaluation *****
08/23/2022 12:46:35 - INFO - __main__ -     Num examples = 20
08/23/2022 12:46:35 - INFO - __main__ -     Batch size = 128
08/23/2022 12:46:35 - INFO - __main__ -     eval_loss = 2.9606
08/23/2022 12:46:35 - INFO - __main__ -     eval_acc = 0.35
08/23/2022 12:46:35 - INFO - __main__ -   epoch 79 loss 0.02923
08/23/2022 12:46:37 - INFO - __main__ -   ***** Running evaluation *****
08/23/2022 12:46:37 - INFO - __main__ -     Num examples = 20
08/23/2022 12:46:37 - INFO - __main__ -     Batch size = 128
08/23/2022 12:46:38 - INFO - __main__ -     eval_loss = 2.8466
08/23/2022 12:46:38 - INFO - __main__ -     eval_acc = 0.35
08/23/2022 12:46:38 - INFO - __main__ -   epoch 80 loss 0.01736
08/23/2022 12:46:40 - INFO - __main__ -   ***** Running evaluation *****
08/23/2022 12:46:40 - INFO - __main__ -     Num examples = 20
08/23/2022 12:46:40 - INFO - __main__ -     Batch size = 128
08/23/2022 12:46:41 - INFO - __main__ -     eval_loss = 3.1498
08/23/2022 12:46:41 - INFO - __main__ -     eval_acc = 0.4
08/23/2022 12:46:41 - INFO - __main__ -   epoch 81 loss 0.02612
08/23/2022 12:46:43 - INFO - __main__ -   ***** Running evaluation *****
08/23/2022 12:46:43 - INFO - __main__ -     Num examples = 20
08/23/2022 12:46:43 - INFO - __main__ -     Batch size = 128
08/23/2022 12:46:44 - INFO - __main__ -     eval_loss = 2.7217
08/23/2022 12:46:44 - INFO - __main__ -     eval_acc = 0.35
08/23/2022 12:46:44 - INFO - __main__ -   epoch 82 loss 0.01655
08/23/2022 12:46:46 - INFO - __main__ -   ***** Running evaluation *****
08/23/2022 12:46:46 - INFO - __main__ -     Num examples = 20
08/23/2022 12:46:46 - INFO - __main__ -     Batch size = 128
08/23/2022 12:46:46 - INFO - __main__ -     eval_loss = 2.67
08/23/2022 12:46:46 - INFO - __main__ -     eval_acc = 0.4
08/23/2022 12:46:46 - INFO - __main__ -   epoch 83 loss 0.03076
08/23/2022 12:46:49 - INFO - __main__ -   ***** Running evaluation *****
08/23/2022 12:46:49 - INFO - __main__ -     Num examples = 20
08/23/2022 12:46:49 - INFO - __main__ -     Batch size = 128
08/23/2022 12:46:49 - INFO - __main__ -     eval_loss = 2.7945
08/23/2022 12:46:49 - INFO - __main__ -     eval_acc = 0.35
08/23/2022 12:46:49 - INFO - __main__ -   epoch 84 loss 0.01033
08/23/2022 12:46:52 - INFO - __main__ -   ***** Running evaluation *****
08/23/2022 12:46:52 - INFO - __main__ -     Num examples = 20
08/23/2022 12:46:52 - INFO - __main__ -     Batch size = 128
08/23/2022 12:46:52 - INFO - __main__ -     eval_loss = 3.1172
08/23/2022 12:46:52 - INFO - __main__ -     eval_acc = 0.4
08/23/2022 12:46:52 - INFO - __main__ -   epoch 85 loss 0.03322
08/23/2022 12:46:54 - INFO - __main__ -   ***** Running evaluation *****
08/23/2022 12:46:54 - INFO - __main__ -     Num examples = 20
08/23/2022 12:46:54 - INFO - __main__ -     Batch size = 128
08/23/2022 12:46:55 - INFO - __main__ -     eval_loss = 3.3599
08/23/2022 12:46:55 - INFO - __main__ -     eval_acc = 0.4
08/23/2022 12:46:55 - INFO - __main__ -   epoch 86 loss 0.02019
08/23/2022 12:46:57 - INFO - __main__ -   ***** Running evaluation *****
08/23/2022 12:46:57 - INFO - __main__ -     Num examples = 20
08/23/2022 12:46:57 - INFO - __main__ -     Batch size = 128
08/23/2022 12:46:58 - INFO - __main__ -     eval_loss = 2.9866
08/23/2022 12:46:58 - INFO - __main__ -     eval_acc = 0.4
08/23/2022 12:46:58 - INFO - __main__ -   epoch 87 loss 0.01115
08/23/2022 12:47:00 - INFO - __main__ -   ***** Running evaluation *****
08/23/2022 12:47:00 - INFO - __main__ -     Num examples = 20
08/23/2022 12:47:00 - INFO - __main__ -     Batch size = 128
08/23/2022 12:47:01 - INFO - __main__ -     eval_loss = 2.6513
08/23/2022 12:47:01 - INFO - __main__ -     eval_acc = 0.4
08/23/2022 12:47:01 - INFO - __main__ -   epoch 88 loss 0.01378
08/23/2022 12:47:03 - INFO - __main__ -   ***** Running evaluation *****
08/23/2022 12:47:03 - INFO - __main__ -     Num examples = 20
08/23/2022 12:47:03 - INFO - __main__ -     Batch size = 128
08/23/2022 12:47:03 - INFO - __main__ -     eval_loss = 2.7432
08/23/2022 12:47:03 - INFO - __main__ -     eval_acc = 0.35
08/23/2022 12:47:03 - INFO - __main__ -   epoch 89 loss 0.02648
08/23/2022 12:47:06 - INFO - __main__ -   ***** Running evaluation *****
08/23/2022 12:47:06 - INFO - __main__ -     Num examples = 20
08/23/2022 12:47:06 - INFO - __main__ -     Batch size = 128
08/23/2022 12:47:06 - INFO - __main__ -     eval_loss = 3.0643
08/23/2022 12:47:06 - INFO - __main__ -     eval_acc = 0.4
08/23/2022 12:47:06 - INFO - __main__ -   epoch 90 loss 0.02671
08/23/2022 12:47:09 - INFO - __main__ -   ***** Running evaluation *****
08/23/2022 12:47:09 - INFO - __main__ -     Num examples = 20
08/23/2022 12:47:09 - INFO - __main__ -     Batch size = 128
08/23/2022 12:47:09 - INFO - __main__ -     eval_loss = 3.4818
08/23/2022 12:47:09 - INFO - __main__ -     eval_acc = 0.35
08/23/2022 12:47:09 - INFO - __main__ -   epoch 91 loss 0.0227
08/23/2022 12:47:11 - INFO - __main__ -   ***** Running evaluation *****
08/23/2022 12:47:11 - INFO - __main__ -     Num examples = 20
08/23/2022 12:47:11 - INFO - __main__ -     Batch size = 128
08/23/2022 12:47:12 - INFO - __main__ -     eval_loss = 3.4017
08/23/2022 12:47:12 - INFO - __main__ -     eval_acc = 0.4
08/23/2022 12:47:12 - INFO - __main__ -   epoch 92 loss 0.0286
08/23/2022 12:47:14 - INFO - __main__ -   ***** Running evaluation *****
08/23/2022 12:47:14 - INFO - __main__ -     Num examples = 20
08/23/2022 12:47:14 - INFO - __main__ -     Batch size = 128
08/23/2022 12:47:15 - INFO - __main__ -     eval_loss = 2.9768
08/23/2022 12:47:15 - INFO - __main__ -     eval_acc = 0.4
08/23/2022 12:47:15 - INFO - __main__ -   epoch 93 loss 0.0176
08/23/2022 12:47:17 - INFO - __main__ -   ***** Running evaluation *****
08/23/2022 12:47:17 - INFO - __main__ -     Num examples = 20
08/23/2022 12:47:17 - INFO - __main__ -     Batch size = 128
08/23/2022 12:47:17 - INFO - __main__ -     eval_loss = 2.718
08/23/2022 12:47:17 - INFO - __main__ -     eval_acc = 0.4
08/23/2022 12:47:17 - INFO - __main__ -   epoch 94 loss 0.00982
08/23/2022 12:47:20 - INFO - __main__ -   ***** Running evaluation *****
08/23/2022 12:47:20 - INFO - __main__ -     Num examples = 20
08/23/2022 12:47:20 - INFO - __main__ -     Batch size = 128
08/23/2022 12:47:20 - INFO - __main__ -     eval_loss = 2.6115
08/23/2022 12:47:20 - INFO - __main__ -     eval_acc = 0.45
08/23/2022 12:47:20 - INFO - __main__ -   epoch 95 loss 0.01065
08/23/2022 12:47:23 - INFO - __main__ -   ***** Running evaluation *****
08/23/2022 12:47:23 - INFO - __main__ -     Num examples = 20
08/23/2022 12:47:23 - INFO - __main__ -     Batch size = 128
08/23/2022 12:47:23 - INFO - __main__ -     eval_loss = 2.5247
08/23/2022 12:47:23 - INFO - __main__ -     eval_acc = 0.5
08/23/2022 12:47:23 - INFO - __main__ -   epoch 96 loss 0.0376
08/23/2022 12:47:25 - INFO - __main__ -   ***** Running evaluation *****
08/23/2022 12:47:25 - INFO - __main__ -     Num examples = 20
08/23/2022 12:47:25 - INFO - __main__ -     Batch size = 128
08/23/2022 12:47:26 - INFO - __main__ -     eval_loss = 2.5637
08/23/2022 12:47:26 - INFO - __main__ -     eval_acc = 0.45
08/23/2022 12:47:26 - INFO - __main__ -   epoch 97 loss 0.01675
08/23/2022 12:47:28 - INFO - __main__ -   ***** Running evaluation *****
08/23/2022 12:47:28 - INFO - __main__ -     Num examples = 20
08/23/2022 12:47:28 - INFO - __main__ -     Batch size = 128
08/23/2022 12:47:29 - INFO - __main__ -     eval_loss = 2.6304
08/23/2022 12:47:29 - INFO - __main__ -     eval_acc = 0.45
08/23/2022 12:47:29 - INFO - __main__ -   epoch 98 loss 0.01168
08/23/2022 12:47:31 - INFO - __main__ -   ***** Running evaluation *****
08/23/2022 12:47:31 - INFO - __main__ -     Num examples = 20
08/23/2022 12:47:31 - INFO - __main__ -     Batch size = 128
08/23/2022 12:47:32 - INFO - __main__ -     eval_loss = 2.6844
08/23/2022 12:47:32 - INFO - __main__ -     eval_acc = 0.45
08/23/2022 12:47:32 - INFO - __main__ -   epoch 99 loss 0.01098
08/23/2022 12:47:32 - INFO - __main__ -   ***** Running evaluation *****
08/23/2022 12:47:32 - INFO - __main__ -     Num examples = 20
08/23/2022 12:47:32 - INFO - __main__ -     Batch size = 128
08/23/2022 12:47:32 - INFO - __main__ -   ***** Eval results *****
08/23/2022 12:47:32 - INFO - __main__ -     eval_acc = 0.75
08/23/2022 12:47:32 - INFO - __main__ -     eval_loss = 0.6756
08/23/2022 12:47:40 - INFO - __main__ -   ***** Running Test *****
08/23/2022 12:47:40 - INFO - __main__ -     Num examples = 3745
08/23/2022 12:47:40 - INFO - __main__ -     Batch size = 128
08/23/2022 12:48:01 - INFO - __main__ -   ***** Test results *****
08/23/2022 12:48:01 - INFO - __main__ -     accuracy = 58.5848
08/23/2022 12:48:01 - INFO - __main__ -     f1_score = 72.4756
08/23/2022 12:48:01 - INFO - __main__ -     precision = 59.6901
08/23/2022 12:48:01 - INFO - __main__ -     recall = 92.2313
